#
# A fatal error has been detected by the Java Runtime Environment:
#
#  SIGSEGV (0xb) at pc=0x00007fb56b489426, pid=7113, tid=0x00007fb5458a3700
#
# JRE version: OpenJDK Runtime Environment (8.0_172) (build 1.8.0_172-solus-b00)
# Java VM: OpenJDK 64-Bit Server VM (25.172-b00 mixed mode linux-amd64 compressed oops)
# Problematic frame:
# V  [libjvm.so+0x69d426]
#
# Failed to write core dump. Core dumps have been disabled. To enable core dumping, try "ulimit -c unlimited" before starting Java again
#
# If you would like to submit a bug report, please visit:
#   http://bugreport.java.com/bugreport/crash.jsp
#

---------------  T H R E A D  ---------------

Current thread (0x00007fb4e017b000):  JavaThread "JavaFX Application Thread" [_thread_in_vm, id=7136, stack(0x00007fb5457a3000,0x00007fb5458a4000)]

siginfo: si_signo: 11 (SIGSEGV), si_code: 1 (SEGV_MAPERR), si_addr: 0x0000000000000035

Registers:
RAX=0x0000000000000000, RBX=0x00007fb4e017b000, RCX=0x00007fb4e0097108, RDX=0x0000000000000035
RSP=0x00007fb5458a21f0, RBP=0x00007fb5458a2360, RSI=0x00007fb5458a2380, RDI=0x00007fb4e017b1e0
R8 =0x00007fb5458a23b0, R9 =0x00007fb4e017b000, R10=0x00007fb4dc000dd0, R11=0x00007fb555453960
R12=0x00007fb5458a23b0, R13=0x00007fb4e017b1e0, R14=0x00007fb4e0097108, R15=0x00007fb4e017b000
RIP=0x00007fb56b489426, EFLAGS=0x0000000000010206, CSGSFS=0x002b000000000033, ERR=0x0000000000000004
  TRAPNO=0x000000000000000e

Top of Stack: (sp=0x00007fb5458a21f0)
0x00007fb5458a21f0:   0000000000000000 00007fb5458a22b0
0x00007fb5458a2200:   00007fb5458a2220 00007fb4e017b1e0
0x00007fb5458a2210:   0000000000000004 00007fb4e00f4c18
0x00007fb5458a2220:   00007fb56872aa80 00007fb4e017b000
0x00007fb5458a2230:   00007fb56872aa80 00007fb4e017b000
0x00007fb5458a2240:   00007fb4e017b4f0 00007fb4f80010c0
0x00007fb5458a2250:   00007fb4f80010d0 00007fb4f80014a8
0x00007fb5458a2260:   00000000000003d8 0000000000000000
0x00007fb5458a2270:   00007fb56872aa80 00007fb4e017b000
0x00007fb5458a2280:   0000000068720958 000000076e1bade8
0x00007fb5458a2290:   0000000000000000 00007fb5550183db
0x00007fb5458a22a0:   00007fb56872aa80 00007fb4e017b000
0x00007fb5458a22b0:   00007fb5458a22f0 000000076e1fe9c0
0x00007fb5458a22c0:   000000000000006f 00007fb50000000a
0x00007fb5458a22d0:   000000076f1fc100 00007fb500000000
0x00007fb5458a22e0:   00007fb5458a2340 00007fb5458a2380
0x00007fb5458a22f0:   00007fb5458a2470 0000000100000132
0x00007fb5458a2300:   00007fb4e00c5000 00007fb5458a22b8
0x00007fb5458a2310:   00007fb5458a22f9 0000000800000005
0x00007fb5458a2320:   0000000000000000 969fc4fd0e6cd700
0x00007fb5458a2330:   00007fb568720958 00007fb4e017b000
0x00007fb5458a2340:   00007fb5458a23b0 00007fb4e017b1e0
0x00007fb5458a2350:   00007fb4e0097108 00007fb5458a2448
0x00007fb5458a2360:   00007fb5458a2430 00007fb56b48bc79
0x00007fb5458a2370:   00000000000003d8 0000000000000035
0x00007fb5458a2380:   00007fb50000000e 00007fb400000000
0x00007fb5458a2390:   00007fb4e017b000 0000000000000000
0x00007fb5458a23a0:   0000000000000000 00007fb54e3907a6
0x00007fb5458a23b0:   00007fb56bca1e38 00007fb5681ab690
0x00007fb5458a23c0:   00000000dc1d62d0 969fc4fd00000063
0x00007fb5458a23d0:   0000000000000000 0000003000000018
0x00007fb5458a23e0:   00007fb5458a2520 00007fb5458a2460 

Instructions: (pc=0x00007fb56b489426)
0x00007fb56b489406:   00 48 89 bd a8 fe ff ff 64 48 8b 04 25 28 00 00
0x00007fb56b489416:   00 48 89 45 c8 31 c0 48 85 d2 0f 84 12 02 00 00
0x00007fb56b489426:   48 8b 12 48 85 d2 0f 84 06 02 00 00 48 8d bd b8
0x00007fb56b489436:   fe ff ff 48 89 cb 49 89 f5 4c 89 ce 4d 89 c4 e8 

Register to memory mapping:

RAX=0x0000000000000000 is an unknown value
RBX=0x00007fb4e017b000 is a thread
RCX=0x00007fb4e0097108 is an unknown value
RDX=0x0000000000000035 is an unknown value
RSP=0x00007fb5458a21f0 is pointing into the stack for thread: 0x00007fb4e017b000
RBP=0x00007fb5458a2360 is pointing into the stack for thread: 0x00007fb4e017b000
RSI=0x00007fb5458a2380 is pointing into the stack for thread: 0x00007fb4e017b000
RDI=0x00007fb4e017b1e0 is an unknown value
R8 =0x00007fb5458a23b0 is pointing into the stack for thread: 0x00007fb4e017b000
R9 =0x00007fb4e017b000 is a thread
R10=0x00007fb4dc000dd0 is an unknown value
R11=0x00007fb555453960 is at entry_point+32 in (nmethod*)0x00007fb5554537d0
R12=0x00007fb5458a23b0 is pointing into the stack for thread: 0x00007fb4e017b000
R13=0x00007fb4e017b1e0 is an unknown value
R14=0x00007fb4e0097108 is an unknown value
R15=0x00007fb4e017b000 is a thread


Stack: [0x00007fb5457a3000,0x00007fb5458a4000],  sp=0x00007fb5458a21f0,  free space=1020k
Native frames: (J=compiled Java code, j=interpreted, Vv=VM code, C=native code)
V  [libjvm.so+0x69d426]
V  [libjvm.so+0x69fc79]
C  [libglass.so+0x14171]  JNIEnv_::CallVoidMethod(_jobject*, _jmethodID*, ...)+0x81
C  [libglass.so+0x182af]  WindowContextBase::process_key(_GdkEventKey*)+0x1ef
C  [libglass.so+0x21cb0]  WindowContextBase::im_filter_keypress(_GdkEventKey*)+0x1d0
C  [libglass.so+0x22a0c]
C  [libgdk-x11-2.0.so.0+0x5f67c]

Java frames: (J=compiled Java code, j=interpreted, Vv=VM code)
j  com.sun.glass.ui.gtk.GtkApplication._runLoop(Ljava/lang/Runnable;Z)V+0
j  com.sun.glass.ui.gtk.GtkApplication.lambda$null$5(Ljava/lang/Runnable;Z)V+7
j  com.sun.glass.ui.gtk.GtkApplication$$Lambda$43.run()V+12
j  java.lang.Thread.run()V+11
v  ~StubRoutines::call_stub

---------------  P R O C E S S  ---------------

Java Threads: ( => current thread )
  0x00007fb4dc23e000 JavaThread "Prism Font Disposer" daemon [_thread_blocked, id=7137, stack(0x00007fb544db4000,0x00007fb544eb5000)]
=>0x00007fb4e017b000 JavaThread "JavaFX Application Thread" [_thread_in_vm, id=7136, stack(0x00007fb5457a3000,0x00007fb5458a4000)]
  0x00007fb4e0176000 JavaThread "Thread-3" daemon [_thread_blocked, id=7135, stack(0x00007fb5458a4000,0x00007fb5459a5000)]
  0x00007fb4e0051000 JavaThread "QuantumRenderer-0" daemon [_thread_blocked, id=7134, stack(0x00007fb54e6e7000,0x00007fb54e7e8000)]
  0x00007fb564323800 JavaThread "JavaFX-Launcher" [_thread_blocked, id=7133, stack(0x00007fb54e7e8000,0x00007fb54e8e9000)]
  0x00007fb564219000 JavaThread "Service Thread" daemon [_thread_blocked, id=7131, stack(0x00007fb54e9ea000,0x00007fb54eaeb000)]
  0x00007fb56420d800 JavaThread "C1 CompilerThread3" daemon [_thread_blocked, id=7130, stack(0x00007fb54eaec000,0x00007fb54ebec000)]
  0x00007fb56420b800 JavaThread "C2 CompilerThread2" daemon [_thread_blocked, id=7129, stack(0x00007fb54ebed000,0x00007fb54eced000)]
  0x00007fb564209800 JavaThread "C2 CompilerThread1" daemon [_thread_blocked, id=7128, stack(0x00007fb54ecee000,0x00007fb54edee000)]
  0x00007fb564207000 JavaThread "C2 CompilerThread0" daemon [_thread_blocked, id=7127, stack(0x00007fb54edef000,0x00007fb54eeef000)]
  0x00007fb564205800 JavaThread "Signal Dispatcher" daemon [_thread_blocked, id=7126, stack(0x00007fb54eeef000,0x00007fb54eff0000)]
  0x00007fb5641d2800 JavaThread "Finalizer" daemon [_thread_blocked, id=7125, stack(0x00007fb54eff0000,0x00007fb54f0f1000)]
  0x00007fb5641ce000 JavaThread "Reference Handler" daemon [_thread_blocked, id=7124, stack(0x00007fb54f0f1000,0x00007fb54f1f2000)]
  0x00007fb56400a000 JavaThread "main" [_thread_blocked, id=7114, stack(0x00007fb56ab4d000,0x00007fb56ac4d000)]

Other Threads:
  0x00007fb5641c6000 VMThread [stack: 0x00007fb54f1f3000,0x00007fb54f2f3000] [id=7123]
  0x00007fb56421b000 WatcherThread [stack: 0x00007fb54e8ea000,0x00007fb54e9ea000] [id=7132]

VM state:not at safepoint (normal execution)

VM Mutex/Monitor currently owned by a thread: None

Heap:
 PSYoungGen      total 75264K, used 14566K [0x000000076c600000, 0x0000000771a00000, 0x00000007c0000000)
  eden space 64512K, 5% used [0x000000076c600000,0x000000076c9bbd10,0x0000000770500000)
  from space 10752K, 99% used [0x0000000770500000,0x0000000770f7dbd8,0x0000000770f80000)
  to   space 10752K, 0% used [0x0000000770f80000,0x0000000770f80000,0x0000000771a00000)
 ParOldGen       total 172032K, used 3581K [0x00000006c5200000, 0x00000006cfa00000, 0x000000076c600000)
  object space 172032K, 2% used [0x00000006c5200000,0x00000006c557f798,0x00000006cfa00000)
 Metaspace       used 18108K, capacity 19072K, committed 19200K, reserved 1064960K
  class space    used 2611K, capacity 2815K, committed 2816K, reserved 1048576K

Card table byte_map: [0x00007fb569f68000,0x00007fb56a740000] byte_map_base: 0x00007fb56693f000

Marking Bits: (ParMarkBitMap*) 0x00007fb56bd661a0
 Begin Bits: [0x00007fb518290000, 0x00007fb51c148000)
 End Bits:   [0x00007fb51c148000, 0x00007fb520000000)

Polling page: 0x00007fb56c015000

CodeCache: size=245760Kb used=5915Kb max_used=5918Kb free=239844Kb
 bounds [0x00007fb555000000, 0x00007fb5555e0000, 0x00007fb564000000]
 total_blobs=2604 nmethods=1947 adapters=571
 compilation: enabled

Compilation events (10 events):
Event: 3.915 Thread 0x00007fb56420d800 1944       3       javafx.beans.property.StringPropertyBase::get (5 bytes)
Event: 3.915 Thread 0x00007fb56420d800 nmethod 1944 0x00007fb5555c3750 code [0x00007fb5555c38c0, 0x00007fb5555c3ac8]
Event: 3.916 Thread 0x00007fb56420b800 1945       4       com.sun.javafx.iio.common.SmoothMinifier::putSourceScanline (781 bytes)
Event: 3.916 Thread 0x00007fb564209800 nmethod 1907 0x00007fb5555c5e50 code [0x00007fb5555c6060, 0x00007fb5555c6c10]
Event: 3.916 Thread 0x00007fb564209800 1946       4       java.util.Arrays::fill (21 bytes)
Event: 3.917 Thread 0x00007fb564209800 nmethod 1946 0x00007fb5555c4410 code [0x00007fb5555c4560, 0x00007fb5555c45f8]
Event: 3.922 Thread 0x00007fb564207000 nmethod 1889 0x00007fb5555ca010 code [0x00007fb5555ca2a0, 0x00007fb5555cb7f0]
Event: 3.935 Thread 0x00007fb56420b800 nmethod 1945 0x00007fb5555cc810 code [0x00007fb5555cc9e0, 0x00007fb5555cd7a8]
Event: 3.935 Thread 0x00007fb56420d800 1947 %     3       com.sun.javafx.iio.common.SmoothMinifier::putSourceScanline @ 286 (781 bytes)
Event: 3.937 Thread 0x00007fb56420d800 nmethod 1947% 0x00007fb5555ce0d0 code [0x00007fb5555ce3c0, 0x00007fb5555cfa38]

GC Heap History (2 events):
Event: 3.874 GC heap before
{Heap before GC invocations=1 (full 0):
 PSYoungGen      total 75264K, used 64512K [0x000000076c600000, 0x0000000771a00000, 0x00000007c0000000)
  eden space 64512K, 100% used [0x000000076c600000,0x0000000770500000,0x0000000770500000)
  from space 10752K, 0% used [0x0000000770f80000,0x0000000770f80000,0x0000000771a00000)
  to   space 10752K, 0% used [0x0000000770500000,0x0000000770500000,0x0000000770f80000)
 ParOldGen       total 172032K, used 0K [0x00000006c5200000, 0x00000006cfa00000, 0x000000076c600000)
  object space 172032K, 0% used [0x00000006c5200000,0x00000006c5200000,0x00000006cfa00000)
 Metaspace       used 18022K, capacity 19000K, committed 19200K, reserved 1064960K
  class space    used 2606K, capacity 2815K, committed 2816K, reserved 1048576K
Event: 3.881 GC heap after
Heap after GC invocations=1 (full 0):
 PSYoungGen      total 75264K, used 10742K [0x000000076c600000, 0x0000000771a00000, 0x00000007c0000000)
  eden space 64512K, 0% used [0x000000076c600000,0x000000076c600000,0x0000000770500000)
  from space 10752K, 99% used [0x0000000770500000,0x0000000770f7dbd8,0x0000000770f80000)
  to   space 10752K, 0% used [0x0000000770f80000,0x0000000770f80000,0x0000000771a00000)
 ParOldGen       total 172032K, used 3581K [0x00000006c5200000, 0x00000006cfa00000, 0x000000076c600000)
  object space 172032K, 2% used [0x00000006c5200000,0x00000006c557f798,0x00000006cfa00000)
 Metaspace       used 18022K, capacity 19000K, committed 19200K, reserved 1064960K
  class space    used 2606K, capacity 2815K, committed 2816K, reserved 1048576K
}

Deoptimization events (10 events):
Event: 3.808 Thread 0x00007fb4e017b000 Uncommon trap: reason=unstable_if action=reinterpret pc=0x00007fb5555518e4 method=java.math.MutableBigInteger.getMagnitudeArray()[I @ 16
Event: 3.885 Thread 0x00007fb5641d2800 Uncommon trap: reason=unstable_if action=reinterpret pc=0x00007fb5553c4dbc method=java.lang.ref.ReferenceQueue.poll()Ljava/lang/ref/Reference; @ 4
Event: 3.885 Thread 0x00007fb5641d2800 Uncommon trap: reason=unstable_if action=reinterpret pc=0x00007fb5554132b4 method=java.lang.ref.ReferenceQueue.poll()Ljava/lang/ref/Reference; @ 4
Event: 3.885 Thread 0x00007fb4e017b000 Uncommon trap: reason=class_check action=maybe_recompile pc=0x00007fb5553ea014 method=java.io.FilterInputStream.read()I @ 4
Event: 3.885 Thread 0x00007fb4e017b000 Uncommon trap: reason=class_check action=maybe_recompile pc=0x00007fb5553ea014 method=java.io.FilterInputStream.read()I @ 4
Event: 3.885 Thread 0x00007fb4e017b000 Uncommon trap: reason=class_check action=maybe_recompile pc=0x00007fb5553ea014 method=java.io.FilterInputStream.read()I @ 4
Event: 3.885 Thread 0x00007fb4e017b000 Uncommon trap: reason=class_check action=maybe_recompile pc=0x00007fb5553ea014 method=java.io.FilterInputStream.read()I @ 4
Event: 3.891 Thread 0x00007fb4e017b000 Uncommon trap: reason=unstable_if action=reinterpret pc=0x00007fb5552dc524 method=com.sun.javafx.image.impl.ByteBgra$ToByteBgraPreConv.doConvert([BII[BIIII)V @ 31
Event: 3.891 Thread 0x00007fb4e017b000 Uncommon trap: reason=unstable_if action=reinterpret pc=0x00007fb5552e29c4 method=com.sun.javafx.image.impl.BaseByteToByteConverter$FourByteReorderer.doConvert([BII[BIIII)V @ 31
Event: 3.916 Thread 0x00007fb4e017b000 Uncommon trap: reason=unstable_if action=reinterpret pc=0x00007fb555415620 method=com.sun.javafx.iio.common.SmoothMinifier.putSourceScanline([BI)Z @ 523

Classes redefined (0 events):
No events

Internal exceptions (10 events):
Event: 0.133 Thread 0x00007fb564323800 Exception <a 'java/security/PrivilegedActionException'> (0x000000076c9e40c0) thrown at [/home/build/YPKG/root/openjdk-8/build/jdk8u-jdk8u172-b00/hotspot/src/share/vm/prims/jvm.cpp, line 1390]
Event: 0.133 Thread 0x00007fb564323800 Exception <a 'java/lang/NullPointerException'> (0x000000076c9e4698) thrown at [/home/build/YPKG/root/openjdk-8/build/jdk8u-jdk8u172-b00/hotspot/src/share/vm/interpreter/linkResolver.cpp, line 1185]
Event: 0.322 Thread 0x00007fb4e017b000 Exception <a 'java/lang/NullPointerException'> (0x000000076d611d50) thrown at [/home/build/YPKG/root/openjdk-8/build/jdk8u-jdk8u172-b00/hotspot/src/share/vm/interpreter/linkResolver.cpp, line 1185]
Event: 0.322 Thread 0x00007fb4e017b000 Exception <a 'java/lang/NullPointerException'> (0x000000076d611d50) thrown at [/home/build/YPKG/root/openjdk-8/build/jdk8u-jdk8u172-b00/hotspot/src/share/vm/prims/jvm.cpp, line 1394]
Event: 0.379 Thread 0x00007fb4e017b000 Exception <a 'java/lang/ArrayIndexOutOfBoundsException': 58> (0x000000076db184b8) thrown at [/home/build/YPKG/root/openjdk-8/build/jdk8u-jdk8u172-b00/hotspot/src/share/vm/interpreter/interpreterRuntime.cpp, line 366]
Event: 0.379 Thread 0x00007fb4e017b000 Exception <a 'java/lang/ArrayIndexOutOfBoundsException': 18> (0x000000076db19158) thrown at [/home/build/YPKG/root/openjdk-8/build/jdk8u-jdk8u172-b00/hotspot/src/share/vm/interpreter/interpreterRuntime.cpp, line 366]
Event: 0.380 Thread 0x00007fb4e017b000 Exception <a 'java/lang/ArrayIndexOutOfBoundsException': 86> (0x000000076db1a500) thrown at [/home/build/YPKG/root/openjdk-8/build/jdk8u-jdk8u172-b00/hotspot/src/share/vm/interpreter/interpreterRuntime.cpp, line 366]
Event: 0.411 Thread 0x00007fb4e017b000 Exception <a 'java/lang/ArrayIndexOutOfBoundsException'> (0x000000076dc96a20) thrown at [/home/build/YPKG/root/openjdk-8/build/jdk8u-jdk8u172-b00/hotspot/src/share/vm/runtime/sharedRuntime.cpp, line 605]
Event: 0.414 Thread 0x00007fb4e017b000 Exception <a 'java/lang/ArrayIndexOutOfBoundsException'> (0x000000076dcaec30) thrown at [/home/build/YPKG/root/openjdk-8/build/jdk8u-jdk8u172-b00/hotspot/src/share/vm/runtime/sharedRuntime.cpp, line 605]
Event: 3.684 Thread 0x00007fb4e017b000 Implicit null exception at 0x00007fb5554f7e08 to 0x00007fb5554f8363

Events (10 events):
Event: 3.910 loading class javafx/scene/layout/BorderStroke done
Event: 3.910 loading class com/sun/javafx/scene/control/skin/HyperlinkSkin
Event: 3.910 loading class com/sun/javafx/scene/control/skin/HyperlinkSkin done
Event: 3.915 loading class com/sun/javafx/scene/control/skin/Utils$2
Event: 3.915 loading class com/sun/javafx/scene/control/skin/Utils$2 done
Event: 3.916 Thread 0x00007fb4e017b000 Uncommon trap: trap_request=0xffffff65 fr.pc=0x00007fb555415620
Event: 3.916 Thread 0x00007fb4e017b000 DEOPT PACKING pc=0x00007fb555415620 sp=0x00007fb54589fd10
Event: 3.916 Thread 0x00007fb4e017b000 DEOPT UNPACKING pc=0x00007fb55504547a sp=0x00007fb54589fcc0 mode 2
Event: 3.918 Thread 0x00007fb4e017b000 DEOPT PACKING pc=0x00007fb55540bebb sp=0x00007fb54589fca0
Event: 3.918 Thread 0x00007fb4e017b000 DEOPT UNPACKING pc=0x00007fb5550474c4 sp=0x00007fb54589f9c8 mode 0


Dynamic libraries:
00400000-00401000 r-xp 00000000 08:02 8931371                            /usr/lib64/openjdk-8/bin/java
00401000-00402000 r--p 00000000 08:02 8931371                            /usr/lib64/openjdk-8/bin/java
00402000-00403000 rw-p 00001000 08:02 8931371                            /usr/lib64/openjdk-8/bin/java
014ac000-014cd000 rw-p 00000000 00:00 0                                  [heap]
4014f000-40151000 r-xs 00000000 00:26 139078                             /tmp/.gldMMFSo (deleted)
412b1000-41352000 rw-p 00000000 00:00 0 
6c5200000-6cfa00000 rw-p 00000000 00:00 0 
6cfa00000-76c600000 ---p 00000000 00:00 0 
76c600000-771a00000 rw-p 00000000 00:00 0 
771a00000-7c0000000 ---p 00000000 00:00 0 
7c0000000-7c02c0000 rw-p 00000000 00:00 0 
7c02c0000-800000000 ---p 00000000 00:00 0 
7fb4d0000000-7fb4d0021000 rw-p 00000000 00:00 0 
7fb4d0021000-7fb4d4000000 ---p 00000000 00:00 0 
7fb4d8000000-7fb4d8021000 rw-p 00000000 00:00 0 
7fb4d8021000-7fb4dc000000 ---p 00000000 00:00 0 
7fb4dc000000-7fb4dc37a000 rw-p 00000000 00:00 0 
7fb4dc37a000-7fb4e0000000 ---p 00000000 00:00 0 
7fb4e0000000-7fb4e017e000 rw-p 00000000 00:00 0 
7fb4e017e000-7fb4e4000000 ---p 00000000 00:00 0 
7fb4e4000000-7fb4e470b000 rw-p 00000000 00:00 0 
7fb4e470b000-7fb4e8000000 ---p 00000000 00:00 0 
7fb4e8000000-7fb4e8021000 rw-p 00000000 00:00 0 
7fb4e8021000-7fb4ec000000 ---p 00000000 00:00 0 
7fb4ec000000-7fb4ec021000 rw-p 00000000 00:00 0 
7fb4ec021000-7fb4f0000000 ---p 00000000 00:00 0 
7fb4f0000000-7fb4f01f3000 rw-p 00000000 00:00 0 
7fb4f01f3000-7fb4f4000000 ---p 00000000 00:00 0 
7fb4f4000000-7fb4f42fa000 rw-p 00000000 00:00 0 
7fb4f42fa000-7fb4f8000000 ---p 00000000 00:00 0 
7fb4f8000000-7fb4f82d7000 rw-p 00000000 00:00 0 
7fb4f82d7000-7fb4fc000000 ---p 00000000 00:00 0 
7fb4fc000000-7fb4fc294000 rw-p 00000000 00:00 0 
7fb4fc294000-7fb500000000 ---p 00000000 00:00 0 
7fb500000000-7fb500021000 rw-p 00000000 00:00 0 
7fb500021000-7fb504000000 ---p 00000000 00:00 0 
7fb5046e9000-7fb50c000000 r--p 00000000 08:02 8143630                    /usr/lib64/locale/locale-archive
7fb50c000000-7fb50c021000 rw-p 00000000 00:00 0 
7fb50c021000-7fb510000000 ---p 00000000 00:00 0 
7fb510000000-7fb510021000 rw-p 00000000 00:00 0 
7fb510021000-7fb514000000 ---p 00000000 00:00 0 
7fb514000000-7fb514021000 rw-p 00000000 00:00 0 
7fb514021000-7fb518000000 ---p 00000000 00:00 0 
7fb518290000-7fb520000000 rw-p 00000000 00:00 0 
7fb520000000-7fb520021000 rw-p 00000000 00:00 0 
7fb520021000-7fb524000000 ---p 00000000 00:00 0 
7fb524000000-7fb524021000 rw-p 00000000 00:00 0 
7fb524021000-7fb528000000 ---p 00000000 00:00 0 
7fb528000000-7fb528021000 rw-p 00000000 00:00 0 
7fb528021000-7fb52c000000 ---p 00000000 00:00 0 
7fb530000000-7fb530021000 rw-p 00000000 00:00 0 
7fb530021000-7fb534000000 ---p 00000000 00:00 0 
7fb538000000-7fb538021000 rw-p 00000000 00:00 0 
7fb538021000-7fb53c000000 ---p 00000000 00:00 0 
7fb53fc00000-7fb53fe00000 rw-s 00000000 00:06 15792                      /dev/nvidiactl
7fb53fe00000-7fb540000000 rw-s 00000000 00:06 15792                      /dev/nvidiactl
7fb540000000-7fb540021000 rw-p 00000000 00:00 0 
7fb540021000-7fb544000000 ---p 00000000 00:00 0 
7fb544140000-7fb544941000 rw-p 00000000 00:00 0 
7fb544941000-7fb5449a1000 rw-s 00000000 00:05 1277965                    /SYSV00000000 (deleted)
7fb5449a1000-7fb5449b4000 r--s 00346000 08:02 9443785                    /usr/lib64/openjdk-8/jre/lib/resources.jar
7fb5449b4000-7fb544bb4000 rw-p 00000000 00:00 0 
7fb544bb4000-7fb544db4000 rw-p 00000000 00:00 0 
7fb544db4000-7fb544db7000 ---p 00000000 00:00 0 
7fb544db7000-7fb544eb5000 rw-p 00000000 00:00 0 
7fb544eb5000-7fb544f00000 r--p 00000000 08:02 8129479                    /usr/share/fonts/truetype/clear-sans/ClearSans-Regular.ttf
7fb544f00000-7fb544f02000 r--s 00000000 08:02 3017367                    /var/cache/fontconfig/8329386d-41c4-49aa-a020-8260b826bbac-le64.cache-7
7fb544f02000-7fb544f06000 r--s 00000000 08:02 3017362                    /var/cache/fontconfig/553b51ed-68e1-403c-bd4b-21c48886d8b5-le64.cache-7
7fb544f06000-7fb544f0a000 r--s 00000000 08:02 3017360                    /var/cache/fontconfig/0d86c606-821c-47cf-85e3-9de277489f74-le64.cache-7
7fb544f0a000-7fb544f0d000 r--s 00000000 08:02 3017359                    /var/cache/fontconfig/6192b13e-b457-40e1-a78a-973ccacec1bd-le64.cache-7
7fb544f0d000-7fb544f13000 r--s 00000000 08:02 3017358                    /var/cache/fontconfig/264e2381-d2d7-49ee-b2fe-aef97f26ba5a-le64.cache-7
7fb544f13000-7fb544f17000 r--s 00000000 08:02 3017357                    /var/cache/fontconfig/46290966-1be0-4048-ac2a-000fdc39e8d2-le64.cache-7
7fb544f17000-7fb544f2d000 r--s 00000000 08:02 3017356                    /var/cache/fontconfig/f04ee889-9569-41b0-acb8-14148d20c49d-le64.cache-7
7fb544f2d000-7fb544f35000 r--s 00000000 08:02 3017352                    /var/cache/fontconfig/b3593223-08d8-4e96-9dd0-b551011059ce-le64.cache-7
7fb544f35000-7fb544f60000 r--s 00000000 08:02 3017351                    /var/cache/fontconfig/caae45fe-e05f-4968-b3e8-2de6a9396b6a-le64.cache-7
7fb544f60000-7fb544f63000 r--s 00000000 08:02 3017347                    /var/cache/fontconfig/1138782b-f988-465b-b0a0-500c6e298b3c-le64.cache-7
7fb544f63000-7fb544f68000 r--s 00000000 08:02 3017346                    /var/cache/fontconfig/9341906e-6b3e-428b-88a1-0da61790c100-le64.cache-7
7fb544f68000-7fb544f74000 r--s 00000000 08:02 3017345                    /var/cache/fontconfig/55805523-4740-4ec0-ba8c-6188952fbadd-le64.cache-7
7fb544f74000-7fb544f79000 r-xp 00000000 08:02 9569221                    /usr/lib64/openjdk-8/jre/lib/amd64/libjavafx_font_freetype.so
7fb544f79000-7fb545178000 ---p 00005000 08:02 9569221                    /usr/lib64/openjdk-8/jre/lib/amd64/libjavafx_font_freetype.so
7fb545178000-7fb545179000 r--p 00004000 08:02 9569221                    /usr/lib64/openjdk-8/jre/lib/amd64/libjavafx_font_freetype.so
7fb545179000-7fb54517a000 rw-p 00005000 08:02 9569221                    /usr/lib64/openjdk-8/jre/lib/amd64/libjavafx_font_freetype.so
7fb54517a000-7fb545195000 r--s 00394000 08:02 11145580                   /usr/lib64/openjdk-8/jre/lib/ext/cldrdata.jar
7fb545195000-7fb54519f000 r--s 00116000 08:02 11145583                   /usr/lib64/openjdk-8/jre/lib/ext/localedata.jar
7fb54519f000-7fb54539f000 rw-p 00000000 00:00 0 
7fb54539f000-7fb5453a2000 r-xp 00000000 08:02 9569220                    /usr/lib64/openjdk-8/jre/lib/amd64/libjavafx_font.so
7fb5453a2000-7fb5455a1000 ---p 00003000 08:02 9569220                    /usr/lib64/openjdk-8/jre/lib/amd64/libjavafx_font.so
7fb5455a1000-7fb5455a2000 r--p 00002000 08:02 9569220                    /usr/lib64/openjdk-8/jre/lib/amd64/libjavafx_font.so
7fb5455a2000-7fb5455a3000 rw-p 00003000 08:02 9569220                    /usr/lib64/openjdk-8/jre/lib/amd64/libjavafx_font.so
7fb5455a3000-7fb5457a3000 rw-p 00000000 00:00 0 
7fb5457a3000-7fb5457a6000 ---p 00000000 00:00 0 
7fb5457a6000-7fb5458a4000 rw-p 00000000 00:00 0 
7fb5458a4000-7fb5458a7000 ---p 00000000 00:00 0 
7fb5458a7000-7fb5459a5000 rw-p 00000000 00:00 0 
7fb5459a5000-7fb5459ce000 r-xp 00000000 08:02 7740729                    /usr/lib64/libmvec-2.27.so
7fb5459ce000-7fb5459cf000 ---p 00029000 08:02 7740729                    /usr/lib64/libmvec-2.27.so
7fb5459cf000-7fb5459d0000 r--p 00029000 08:02 7740729                    /usr/lib64/libmvec-2.27.so
7fb5459d0000-7fb5459d1000 rw-p 0002a000 08:02 7740729                    /usr/lib64/libmvec-2.27.so
7fb5459d1000-7fb5459df000 r-xp 00000000 08:02 7749560                    /usr/lib64/libogg.so.0.8.3
7fb5459df000-7fb5459e0000 r--p 0000d000 08:02 7749560                    /usr/lib64/libogg.so.0.8.3
7fb5459e0000-7fb5459e1000 rw-p 0000e000 08:02 7749560                    /usr/lib64/libogg.so.0.8.3
7fb5459e1000-7fb545a25000 r-xp 00000000 08:02 7738991                    /usr/lib64/libvorbis.so.0.4.8
7fb545a25000-7fb545a26000 r--p 00043000 08:02 7738991                    /usr/lib64/libvorbis.so.0.4.8
7fb545a26000-7fb545a27000 rw-p 00044000 08:02 7738991                    /usr/lib64/libvorbis.so.0.4.8
7fb545a27000-7fb545a56000 r-xp 00000000 08:02 8008596                    /usr/lib64/gtk-2.0/2.10.0/engines/libmurrine.so
7fb545a56000-7fb545c56000 ---p 0002f000 08:02 8008596                    /usr/lib64/gtk-2.0/2.10.0/engines/libmurrine.so
7fb545c56000-7fb545c57000 r--p 0002f000 08:02 8008596                    /usr/lib64/gtk-2.0/2.10.0/engines/libmurrine.so
7fb545c57000-7fb545c58000 rw-p 00030000 08:02 8008596                    /usr/lib64/gtk-2.0/2.10.0/engines/libmurrine.so
7fb545c58000-7fb545c77000 r-xp 00000000 08:02 7740056                    /usr/lib64/libgpg-error.so.0.24.2
7fb545c77000-7fb545c78000 r--p 0001e000 08:02 7740056                    /usr/lib64/libgpg-error.so.0.24.2
7fb545c78000-7fb545c79000 rw-p 0001f000 08:02 7740056                    /usr/lib64/libgpg-error.so.0.24.2
7fb545c79000-7fb545d71000 r-xp 00000000 08:02 7741721                    /usr/lib64/libgcrypt.so.20.2.2
7fb545d71000-7fb545d73000 r--p 000f7000 08:02 7741721                    /usr/lib64/libgcrypt.so.20.2.2
7fb545d73000-7fb545d78000 rw-p 000f9000 08:02 7741721                    /usr/lib64/libgcrypt.so.20.2.2
7fb545d78000-7fb545d79000 rw-p 00000000 00:00 0 
7fb545d79000-7fb545da4000 r-xp 00000000 08:02 7739453                    /usr/lib64/liblzma.so.5.2.4
7fb545da4000-7fb545da5000 r--p 0002a000 08:02 7739453                    /usr/lib64/liblzma.so.5.2.4
7fb545da5000-7fb545da6000 rw-p 0002b000 08:02 7739453                    /usr/lib64/liblzma.so.5.2.4
7fb545da6000-7fb545e13000 r-xp 00000000 08:02 7741899                    /usr/lib64/libsystemd.so.0.22.0
7fb545e13000-7fb545e14000 ---p 0006d000 08:02 7741899                    /usr/lib64/libsystemd.so.0.22.0
7fb545e14000-7fb545e17000 r--p 0006d000 08:02 7741899                    /usr/lib64/libsystemd.so.0.22.0
7fb545e17000-7fb545e18000 rw-p 00070000 08:02 7741899                    /usr/lib64/libsystemd.so.0.22.0
7fb545e18000-7fb545e19000 rw-p 00000000 00:00 0 
7fb545e19000-7fb545e46000 r-xp 00000000 08:02 7739140                    /usr/lib64/libatspi.so.0.0.1
7fb545e46000-7fb545e47000 ---p 0002d000 08:02 7739140                    /usr/lib64/libatspi.so.0.0.1
7fb545e47000-7fb545e4a000 r--p 0002d000 08:02 7739140                    /usr/lib64/libatspi.so.0.0.1
7fb545e4a000-7fb545e4b000 rw-p 00030000 08:02 7739140                    /usr/lib64/libatspi.so.0.0.1
7fb545e4b000-7fb545e88000 r-xp 00000000 08:02 7749219                    /usr/lib64/libdbus-1.so.3.14.14
7fb545e88000-7fb545e89000 ---p 0003d000 08:02 7749219                    /usr/lib64/libdbus-1.so.3.14.14
7fb545e89000-7fb545e8a000 r--p 0003d000 08:02 7749219                    /usr/lib64/libdbus-1.so.3.14.14
7fb545e8a000-7fb545e8b000 rw-p 0003e000 08:02 7749219                    /usr/lib64/libdbus-1.so.3.14.14
7fb545e8b000-7fb545eb9000 r-xp 00000000 08:02 7739141                    /usr/lib64/libatk-bridge-2.0.so.0.0.0
7fb545eb9000-7fb545eba000 ---p 0002e000 08:02 7739141                    /usr/lib64/libatk-bridge-2.0.so.0.0.0
7fb545eba000-7fb545ebb000 r--p 0002e000 08:02 7739141                    /usr/lib64/libatk-bridge-2.0.so.0.0.0
7fb545ebb000-7fb545ebc000 rw-p 0002f000 08:02 7739141                    /usr/lib64/libatk-bridge-2.0.so.0.0.0
7fb545ebc000-7fb545ebd000 rw-p 00000000 00:00 0 
7fb545ebd000-7fb545ebf000 r--s 00000000 08:02 3017363                    /var/cache/fontconfig/67a4a23e-b358-4a50-9549-8a4cadc176fc-le64.cache-7
7fb545ebf000-7fb545ec3000 r--s 00000000 08:02 3014909                    /var/cache/fontconfig/f45924dd-5c58-4f53-a8e9-56296a9667a9-le64.cache-7
7fb545ec3000-7fb545ed2000 r-xp 00000000 08:02 7739476                    /usr/lib64/libvorbisfile.so.3.3.7
7fb545ed2000-7fb545ed3000 ---p 0000f000 08:02 7739476                    /usr/lib64/libvorbisfile.so.3.3.7
7fb545ed3000-7fb545ed4000 r--p 0000f000 08:02 7739476                    /usr/lib64/libvorbisfile.so.3.3.7
7fb545ed4000-7fb545ed5000 rw-p 00010000 08:02 7739476                    /usr/lib64/libvorbisfile.so.3.3.7
7fb545ed5000-7fb545ee4000 r-xp 00000000 08:02 7738750                    /usr/lib64/libcanberra.so.0.2.5
7fb545ee4000-7fb545ee5000 r--p 0000e000 08:02 7738750                    /usr/lib64/libcanberra.so.0.2.5
7fb545ee5000-7fb545ee6000 rw-p 0000f000 08:02 7738750                    /usr/lib64/libcanberra.so.0.2.5
7fb545ee6000-7fb545f35000 r-xp 00000000 08:02 7996195                    /usr/lib64/gtk-2.0/modules/libgail.so
7fb545f35000-7fb545f37000 r--p 0004e000 08:02 7996195                    /usr/lib64/gtk-2.0/modules/libgail.so
7fb545f37000-7fb545f38000 rw-p 00050000 08:02 7996195                    /usr/lib64/gtk-2.0/modules/libgail.so
7fb545f38000-7fb545f62000 r-xp 00000000 08:02 7748885                    /usr/lib64/libgraphite2.so.3.0.1
7fb545f62000-7fb545f64000 r--p 00029000 08:02 7748885                    /usr/lib64/libgraphite2.so.3.0.1
7fb545f64000-7fb545f65000 rw-p 0002b000 08:02 7748885                    /usr/lib64/libgraphite2.so.3.0.1
7fb545f65000-7fb545f82000 r-xp 00000000 08:02 7748719                    /usr/lib64/libbz2.so.1.0.6
7fb545f82000-7fb546181000 ---p 0001d000 08:02 7748719                    /usr/lib64/libbz2.so.1.0.6
7fb546181000-7fb546182000 r--p 0001c000 08:02 7748719                    /usr/lib64/libbz2.so.1.0.6
7fb546182000-7fb546183000 rw-p 0001d000 08:02 7748719                    /usr/lib64/libbz2.so.1.0.6
7fb546183000-7fb5461cc000 r-xp 00000000 08:02 7749350                    /usr/lib64/libblkid.so.1.1.0
7fb5461cc000-7fb5461d1000 r--p 00048000 08:02 7749350                    /usr/lib64/libblkid.so.1.1.0
7fb5461d1000-7fb5461d2000 rw-p 0004d000 08:02 7749350                    /usr/lib64/libblkid.so.1.1.0
7fb5461d2000-7fb5461d3000 rw-p 00000000 00:00 0 
7fb5461d3000-7fb5461fb000 r-xp 00000000 08:02 7749299                    /usr/lib64/libexpat.so.1.6.7
7fb5461fb000-7fb5461fc000 ---p 00028000 08:02 7749299                    /usr/lib64/libexpat.so.1.6.7
7fb5461fc000-7fb5461fe000 r--p 00028000 08:02 7749299                    /usr/lib64/libexpat.so.1.6.7
7fb5461fe000-7fb5461ff000 rw-p 0002a000 08:02 7749299                    /usr/lib64/libexpat.so.1.6.7
7fb5461ff000-7fb54761e000 r-xp 00000000 08:02 7742483                    /usr/lib64/libnvidia-glcore.so.390.59
7fb54761e000-7fb54763f000 rwxp 0141f000 08:02 7742483                    /usr/lib64/libnvidia-glcore.so.390.59
7fb54763f000-7fb547a74000 r-xp 01440000 08:02 7742483                    /usr/lib64/libnvidia-glcore.so.390.59
7fb547a74000-7fb547c73000 ---p 01875000 08:02 7742483                    /usr/lib64/libnvidia-glcore.so.390.59
7fb547c73000-7fb547fe7000 rw-p 01874000 08:02 7742483                    /usr/lib64/libnvidia-glcore.so.390.59
7fb547fe7000-7fb548000000 rw-p 00000000 00:00 0 
7fb548000000-7fb548021000 rw-p 00000000 00:00 0 
7fb548021000-7fb54c000000 ---p 00000000 00:00 0 
7fb54c000000-7fb54c002000 r--s 00000000 08:02 3017350                    /var/cache/fontconfig/4ab2c26d-5100-4149-a550-f3c951550da3-le64.cache-7
7fb54c002000-7fb54c00b000 r-xp 00000000 08:02 7750070                    /usr/lib64/libltdl.so.7.3.1
7fb54c00b000-7fb54c00c000 r--p 00008000 08:02 7750070                    /usr/lib64/libltdl.so.7.3.1
7fb54c00c000-7fb54c00d000 rw-p 00009000 08:02 7750070                    /usr/lib64/libltdl.so.7.3.1
7fb54c00d000-7fb54c013000 r-xp 00000000 08:02 7749442                    /usr/lib64/libuuid.so.1.3.0
7fb54c013000-7fb54c014000 r--p 00005000 08:02 7749442                    /usr/lib64/libuuid.so.1.3.0
7fb54c014000-7fb54c015000 rw-p 00006000 08:02 7749442                    /usr/lib64/libuuid.so.1.3.0
7fb54c015000-7fb54c030000 r-xp 00000000 08:02 7750537                    /usr/lib64/libfribidi.so.0.4.0
7fb54c030000-7fb54c031000 r--p 0001a000 08:02 7750537                    /usr/lib64/libfribidi.so.0.4.0
7fb54c031000-7fb54c032000 rw-p 0001b000 08:02 7750537                    /usr/lib64/libfribidi.so.0.4.0
7fb54c032000-7fb54c0db000 r-xp 00000000 08:02 7739130                    /usr/lib64/libharfbuzz.so.0.10705.0
7fb54c0db000-7fb54c0dd000 r--p 000a8000 08:02 7739130                    /usr/lib64/libharfbuzz.so.0.10705.0
7fb54c0dd000-7fb54c0de000 rw-p 000aa000 08:02 7739130                    /usr/lib64/libharfbuzz.so.0.10705.0
7fb54c0de000-7fb54c154000 r-xp 00000000 08:02 7741909                    /usr/lib64/libpcre.so.1.2.10
7fb54c154000-7fb54c155000 r--p 00075000 08:02 7741909                    /usr/lib64/libpcre.so.1.2.10
7fb54c155000-7fb54c156000 rw-p 00076000 08:02 7741909                    /usr/lib64/libpcre.so.1.2.10
7fb54c156000-7fb54c15d000 r-xp 00000000 08:02 7749245                    /usr/lib64/libffi.so.6.0.4
7fb54c15d000-7fb54c15e000 ---p 00007000 08:02 7749245                    /usr/lib64/libffi.so.6.0.4
7fb54c15e000-7fb54c15f000 r--p 00007000 08:02 7749245                    /usr/lib64/libffi.so.6.0.4
7fb54c15f000-7fb54c160000 rw-p 00008000 08:02 7749245                    /usr/lib64/libffi.so.6.0.4
7fb54c160000-7fb54c16d000 r-xp 00000000 08:02 7750316                    /usr/lib64/libxcb-render.so.0.0.0
7fb54c16d000-7fb54c16e000 r--p 0000c000 08:02 7750316                    /usr/lib64/libxcb-render.so.0.0.0
7fb54c16e000-7fb54c16f000 rw-p 0000d000 08:02 7750316                    /usr/lib64/libxcb-render.so.0.0.0
7fb54c16f000-7fb54c171000 r-xp 00000000 08:02 7750318                    /usr/lib64/libxcb-shm.so.0.0.0
7fb54c171000-7fb54c172000 ---p 00002000 08:02 7750318                    /usr/lib64/libxcb-shm.so.0.0.0
7fb54c172000-7fb54c173000 r--p 00002000 08:02 7750318                    /usr/lib64/libxcb-shm.so.0.0.0
7fb54c173000-7fb54c174000 rw-p 00003000 08:02 7750318                    /usr/lib64/libxcb-shm.so.0.0.0
7fb54c174000-7fb54c1be000 r-xp 00000000 08:02 7741882                    /usr/lib64/libpng16.so.16.34.0
7fb54c1be000-7fb54c1bf000 r--p 00049000 08:02 7741882                    /usr/lib64/libpng16.so.16.34.0
7fb54c1bf000-7fb54c1c0000 rw-p 0004a000 08:02 7741882                    /usr/lib64/libpng16.so.16.34.0
7fb54c1c0000-7fb54c1d7000 r-xp 00000000 08:02 7750347                    /usr/lib64/libEGL.so.1.0.0
7fb54c1d7000-7fb54c1d8000 ---p 00017000 08:02 7750347                    /usr/lib64/libEGL.so.1.0.0
7fb54c1d8000-7fb54c1d9000 r--p 00017000 08:02 7750347                    /usr/lib64/libEGL.so.1.0.0
7fb54c1d9000-7fb54c1da000 rw-p 00018000 08:02 7750347                    /usr/lib64/libEGL.so.1.0.0
7fb54c1da000-7fb54c2c3000 r-xp 00000000 08:02 7741878                    /usr/lib64/libfreetype.so.6.14.0
7fb54c2c3000-7fb54c2c4000 ---p 000e9000 08:02 7741878                    /usr/lib64/libfreetype.so.6.14.0
7fb54c2c4000-7fb54c2cb000 r--p 000e9000 08:02 7741878                    /usr/lib64/libfreetype.so.6.14.0
7fb54c2cb000-7fb54c2cc000 rw-p 000f0000 08:02 7741878                    /usr/lib64/libfreetype.so.6.14.0
7fb54c2cc000-7fb54c3b2000 r-xp 00000000 08:02 7748826                    /usr/lib64/libpixman-1.so.0.34.0
7fb54c3b2000-7fb54c5b2000 ---p 000e6000 08:02 7748826                    /usr/lib64/libpixman-1.so.0.34.0
7fb54c5b2000-7fb54c5ba000 r--p 000e6000 08:02 7748826                    /usr/lib64/libpixman-1.so.0.34.0
7fb54c5ba000-7fb54c5bb000 rw-p 000ee000 08:02 7748826                    /usr/lib64/libpixman-1.so.0.34.0
7fb54c5bb000-7fb54c60d000 r-xp 00000000 08:02 7749388                    /usr/lib64/libmount.so.1.1.0
7fb54c60d000-7fb54c60e000 ---p 00052000 08:02 7749388                    /usr/lib64/libmount.so.1.1.0
7fb54c60e000-7fb54c610000 r--p 00052000 08:02 7749388                    /usr/lib64/libmount.so.1.1.0
7fb54c610000-7fb54c611000 rw-p 00054000 08:02 7749388                    /usr/lib64/libmount.so.1.1.0
7fb54c611000-7fb54c612000 rw-p 00000000 00:00 0 
7fb54c612000-7fb54c629000 r-xp 00000000 08:02 7740865                    /usr/lib64/libresolv-2.27.so
7fb54c629000-7fb54c62a000 r--p 00016000 08:02 7740865                    /usr/lib64/libresolv-2.27.so
7fb54c62a000-7fb54c62b000 rw-p 00017000 08:02 7740865                    /usr/lib64/libresolv-2.27.so
7fb54c62b000-7fb54c62d000 rw-p 00000000 00:00 0 
7fb54c62d000-7fb54c62f000 r-xp 00000000 08:02 7749407                    /usr/lib64/libXdamage.so.1.1.0
7fb54c62f000-7fb54c630000 r--p 00001000 08:02 7749407                    /usr/lib64/libXdamage.so.1.1.0
7fb54c630000-7fb54c631000 rw-p 00002000 08:02 7749407                    /usr/lib64/libXdamage.so.1.1.0
7fb54c631000-7fb54c63e000 r-xp 00000000 08:02 7750476                    /usr/lib64/libXcursor.so.1.0.2
7fb54c63e000-7fb54c63f000 r--p 0000c000 08:02 7750476                    /usr/lib64/libXcursor.so.1.0.2
7fb54c63f000-7fb54c640000 rw-p 0000d000 08:02 7750476                    /usr/lib64/libXcursor.so.1.0.2
7fb54c640000-7fb54c64a000 r-xp 00000000 08:02 7750211                    /usr/lib64/libXrandr.so.2.2.0
7fb54c64a000-7fb54c64b000 ---p 0000a000 08:02 7750211                    /usr/lib64/libXrandr.so.2.2.0
7fb54c64b000-7fb54c64c000 r--p 0000a000 08:02 7750211                    /usr/lib64/libXrandr.so.2.2.0
7fb54c64c000-7fb54c64d000 rw-p 0000b000 08:02 7750211                    /usr/lib64/libXrandr.so.2.2.0
7fb54c64d000-7fb54c657000 r-xp 00000000 08:02 7749975                    /usr/lib64/libXrender.so.1.3.0
7fb54c657000-7fb54c658000 r--p 00009000 08:02 7749975                    /usr/lib64/libXrender.so.1.3.0
7fb54c658000-7fb54c659000 rw-p 0000a000 08:02 7749975                    /usr/lib64/libXrender.so.1.3.0
7fb54c659000-7fb54c69a000 r-xp 00000000 08:02 7741880                    /usr/lib64/libfontconfig.so.1.11.1
7fb54c69a000-7fb54c69c000 r--p 00040000 08:02 7741880                    /usr/lib64/libfontconfig.so.1.11.1
7fb54c69c000-7fb54c69d000 rw-p 00042000 08:02 7741880                    /usr/lib64/libfontconfig.so.1.11.1
7fb54c69d000-7fb54c6f0000 r-xp 00000000 08:02 7739133                    /usr/lib64/libpango-1.0.so.0.4200.1
7fb54c6f0000-7fb54c6f3000 r--p 00052000 08:02 7739133                    /usr/lib64/libpango-1.0.so.0.4200.1
7fb54c6f3000-7fb54c6f4000 rw-p 00055000 08:02 7739133                    /usr/lib64/libpango-1.0.so.0.4200.1
7fb54c6f4000-7fb54c70b000 r-xp 00000000 08:02 7739137                    /usr/lib64/libpangoft2-1.0.so.0.4200.1
7fb54c70b000-7fb54c70c000 r--p 00016000 08:02 7739137                    /usr/lib64/libpangoft2-1.0.so.0.4200.1
7fb54c70c000-7fb54c70d000 rw-p 00017000 08:02 7739137                    /usr/lib64/libpangoft2-1.0.so.0.4200.1
7fb54c70d000-7fb54c730000 r-xp 00000000 08:02 7739126                    /usr/lib64/libatk-1.0.so.0.22810.1
7fb54c730000-7fb54c733000 r--p 00022000 08:02 7739126                    /usr/lib64/libatk-1.0.so.0.22810.1
7fb54c733000-7fb54c734000 rw-p 00025000 08:02 7739126                    /usr/lib64/libatk-1.0.so.0.22810.1
7fb54c734000-7fb54c8b6000 r-xp 00000000 08:02 7740057                    /usr/lib64/libstdc++.so.6.0.24
7fb54c8b6000-7fb54cab6000 ---p 00182000 08:02 7740057                    /usr/lib64/libstdc++.so.6.0.24
7fb54cab6000-7fb54cac0000 r--p 00182000 08:02 7740057                    /usr/lib64/libstdc++.so.6.0.24
7fb54cac0000-7fb54cac2000 rw-p 0018c000 08:02 7740057                    /usr/lib64/libstdc++.so.6.0.24
7fb54cac2000-7fb54cac5000 rw-p 00000000 00:00 0 
7fb54cac5000-7fb54cbd9000 r-xp 00000000 08:02 7739102                    /usr/lib64/libglib-2.0.so.0.5600.1
7fb54cbd9000-7fb54cbda000 ---p 00114000 08:02 7739102                    /usr/lib64/libglib-2.0.so.0.5600.1
7fb54cbda000-7fb54cbdb000 r--p 00114000 08:02 7739102                    /usr/lib64/libglib-2.0.so.0.5600.1
7fb54cbdb000-7fb54cbdc000 rw-p 00115000 08:02 7739102                    /usr/lib64/libglib-2.0.so.0.5600.1
7fb54cbdc000-7fb54cbdd000 rw-p 00000000 00:00 0 
7fb54cbdd000-7fb54cd39000 r-xp 00000000 08:02 7742456                    /usr/lib64/libcairo.so.2.11512.0
7fb54cd39000-7fb54cd3a000 ---p 0015c000 08:02 7742456                    /usr/lib64/libcairo.so.2.11512.0
7fb54cd3a000-7fb54cd3e000 r--p 0015c000 08:02 7742456                    /usr/lib64/libcairo.so.2.11512.0
7fb54cd3e000-7fb54cd3f000 rw-p 00160000 08:02 7742456                    /usr/lib64/libcairo.so.2.11512.0
7fb54cd3f000-7fb54cd40000 rw-p 00000000 00:00 0 
7fb54cd40000-7fb54ced4000 r-xp 00000000 08:02 7739100                    /usr/lib64/libgio-2.0.so.0.5600.1
7fb54ced4000-7fb54cedb000 r--p 00193000 08:02 7739100                    /usr/lib64/libgio-2.0.so.0.5600.1
7fb54cedb000-7fb54cedc000 rw-p 0019a000 08:02 7739100                    /usr/lib64/libgio-2.0.so.0.5600.1
7fb54cedc000-7fb54cede000 rw-p 00000000 00:00 0 
7fb54cede000-7fb54d30c000 r-xp 00000000 08:02 7750510                    /usr/lib64/libgtk-x11-2.0.so.0.2400.31
7fb54d30c000-7fb54d30d000 ---p 0042e000 08:02 7750510                    /usr/lib64/libgtk-x11-2.0.so.0.2400.31
7fb54d30d000-7fb54d317000 r--p 0042e000 08:02 7750510                    /usr/lib64/libgtk-x11-2.0.so.0.2400.31
7fb54d317000-7fb54d318000 rw-p 00438000 08:02 7750510                    /usr/lib64/libgtk-x11-2.0.so.0.2400.31
7fb54d318000-7fb54d31a000 rw-p 00000000 00:00 0 
7fb54d31a000-7fb54d343000 r-xp 00000000 08:02 9569218                    /usr/lib64/openjdk-8/jre/lib/amd64/libglass.so
7fb54d343000-7fb54d543000 ---p 00029000 08:02 9569218                    /usr/lib64/openjdk-8/jre/lib/amd64/libglass.so
7fb54d543000-7fb54d544000 r--p 00029000 08:02 9569218                    /usr/lib64/openjdk-8/jre/lib/amd64/libglass.so
7fb54d544000-7fb54d545000 rw-p 0002a000 08:02 9569218                    /usr/lib64/openjdk-8/jre/lib/amd64/libglass.so
7fb54d545000-7fb54d546000 rw-p 00000000 00:00 0 
7fb54d546000-7fb54d5c6000 rw-s 00000000 00:06 15792                      /dev/nvidiactl
7fb54d5c6000-7fb54d646000 rw-s 00000000 00:06 15792                      /dev/nvidiactl
7fb54d646000-7fb54d6c6000 rw-s 00000000 00:06 15792                      /dev/nvidiactl
7fb54d6c6000-7fb54d7c6000 rw-s 00000000 00:06 15792                      /dev/nvidiactl
7fb54d7c6000-7fb54d7d9000 rw-s 00000000 00:06 15792                      /dev/nvidiactl
7fb54d7d9000-7fb54d7e9000 rw-s 00000000 00:06 15793                      /dev/nvidia0
7fb54d7e9000-7fb54d829000 rw-s 00000000 00:06 15792                      /dev/nvidiactl
7fb54d829000-7fb54d849000 rw-s 00000000 00:06 15792                      /dev/nvidiactl
7fb54d849000-7fb54d889000 rw-s 00000000 00:06 15792                      /dev/nvidiactl
7fb54d889000-7fb54d8a9000 rw-s 00000000 00:06 15792                      /dev/nvidiactl
7fb54d8a9000-7fb54d8e9000 rw-s 00000000 00:06 15792                      /dev/nvidiactl
7fb54d8e9000-7fb54d9d1000 rw-p 00000000 00:00 0 
7fb54d9d1000-7fb54d9df000 r-xp 00000000 08:02 7739135                    /usr/lib64/libpangocairo-1.0.so.0.4200.1
7fb54d9df000-7fb54d9e0000 ---p 0000e000 08:02 7739135                    /usr/lib64/libpangocairo-1.0.so.0.4200.1
7fb54d9e0000-7fb54d9e1000 r--p 0000e000 08:02 7739135                    /usr/lib64/libpangocairo-1.0.so.0.4200.1
7fb54d9e1000-7fb54d9e2000 rw-p 0000f000 08:02 7739135                    /usr/lib64/libpangocairo-1.0.so.0.4200.1
7fb54d9e2000-7fb54d9fa000 r-xp 00000000 08:02 7741361                    /usr/lib64/libgcc_s.so.1
7fb54d9fa000-7fb54d9fb000 r--p 00017000 08:02 7741361                    /usr/lib64/libgcc_s.so.1
7fb54d9fb000-7fb54d9fc000 rw-p 00018000 08:02 7741361                    /usr/lib64/libgcc_s.so.1
7fb54d9fc000-7fb54da4e000 r-xp 00000000 08:02 7739106                    /usr/lib64/libgobject-2.0.so.0.5600.1
7fb54da4e000-7fb54da4f000 r--p 00051000 08:02 7739106                    /usr/lib64/libgobject-2.0.so.0.5600.1
7fb54da4f000-7fb54da50000 rw-p 00052000 08:02 7739106                    /usr/lib64/libgobject-2.0.so.0.5600.1
7fb54da50000-7fb54da7f000 r-xp 00000000 08:02 7739121                    /usr/lib64/libgdk_pixbuf-2.0.so.0.3600.12
7fb54da7f000-7fb54da80000 r--p 0002e000 08:02 7739121                    /usr/lib64/libgdk_pixbuf-2.0.so.0.3600.12
7fb54da80000-7fb54da81000 rw-p 0002f000 08:02 7739121                    /usr/lib64/libgdk_pixbuf-2.0.so.0.3600.12
7fb54da81000-7fb54db33000 r-xp 00000000 08:02 7750509                    /usr/lib64/libgdk-x11-2.0.so.0.2400.31
7fb54db33000-7fb54db38000 r--p 000b1000 08:02 7750509                    /usr/lib64/libgdk-x11-2.0.so.0.2400.31
7fb54db38000-7fb54db39000 rw-p 000b6000 08:02 7750509                    /usr/lib64/libgdk-x11-2.0.so.0.2400.31
7fb54db39000-7fb54db3a000 r--s 00000000 08:02 3017365                    /var/cache/fontconfig/2efe4aea-84dc-4c72-a1bd-13c645fe5e1d-le64.cache-7
7fb54db3a000-7fb54db3c000 rw-s 00000000 00:26 139078                     /tmp/.gldMMFSo (deleted)
7fb54db3c000-7fb54db40000 r-xp 00000000 08:02 7737428                    /usr/lib64/libcanberra-gtk.so.0.1.9
7fb54db40000-7fb54db41000 r--p 00003000 08:02 7737428                    /usr/lib64/libcanberra-gtk.so.0.1.9
7fb54db41000-7fb54db42000 rw-p 00004000 08:02 7737428                    /usr/lib64/libcanberra-gtk.so.0.1.9
7fb54db42000-7fb54db47000 r-xp 00000000 08:02 8004839                    /usr/lib64/gtk-2.0/modules/libcanberra-gtk-module.so
7fb54db47000-7fb54db48000 ---p 00005000 08:02 8004839                    /usr/lib64/gtk-2.0/modules/libcanberra-gtk-module.so
7fb54db48000-7fb54db49000 r--p 00005000 08:02 8004839                    /usr/lib64/gtk-2.0/modules/libcanberra-gtk-module.so
7fb54db49000-7fb54db4a000 rw-p 00006000 08:02 8004839                    /usr/lib64/gtk-2.0/modules/libcanberra-gtk-module.so
7fb54db4a000-7fb54db54000 r-xp 00000000 08:02 7996179                    /usr/lib64/gtk-2.0/2.10.0/engines/libpixmap.so
7fb54db54000-7fb54db55000 r--p 00009000 08:02 7996179                    /usr/lib64/gtk-2.0/2.10.0/engines/libpixmap.so
7fb54db55000-7fb54db56000 rw-p 0000a000 08:02 7996179                    /usr/lib64/gtk-2.0/2.10.0/engines/libpixmap.so
7fb54db56000-7fb54db57000 r-xp 00000000 08:02 8003560                    /usr/lib64/gtk-2.0/modules/libatk-bridge.so
7fb54db57000-7fb54db58000 r--p 00000000 08:02 8003560                    /usr/lib64/gtk-2.0/modules/libatk-bridge.so
7fb54db58000-7fb54db59000 rw-p 00001000 08:02 8003560                    /usr/lib64/gtk-2.0/modules/libatk-bridge.so
7fb54db59000-7fb54db60000 r-xp 00000000 08:02 7750193                    /usr/lib64/libgailutil.so.18.0.1
7fb54db60000-7fb54db61000 r--p 00006000 08:02 7750193                    /usr/lib64/libgailutil.so.18.0.1
7fb54db61000-7fb54db62000 rw-p 00007000 08:02 7750193                    /usr/lib64/libgailutil.so.18.0.1
7fb54db62000-7fb54dc67000 rw-s 00000000 00:06 15792                      /dev/nvidiactl
7fb54dc67000-7fb54dc6a000 r-xp 00000000 08:02 7742490                    /usr/lib64/libnvidia-tls.so.390.59
7fb54dc6a000-7fb54de6a000 ---p 00003000 08:02 7742490                    /usr/lib64/libnvidia-tls.so.390.59
7fb54de6a000-7fb54de6b000 rw-p 00003000 08:02 7742490                    /usr/lib64/libnvidia-tls.so.390.59
7fb54de6b000-7fb54df34000 r-xp 00000000 08:02 7742462                    /usr/lib64/libGLX_nvidia.so.390.59
7fb54df34000-7fb54df68000 rwxp 000c9000 08:02 7742462                    /usr/lib64/libGLX_nvidia.so.390.59
7fb54df68000-7fb54df7c000 r-xp 000fd000 08:02 7742462                    /usr/lib64/libGLX_nvidia.so.390.59
7fb54df7c000-7fb54e17c000 ---p 00111000 08:02 7742462                    /usr/lib64/libGLX_nvidia.so.390.59
7fb54e17c000-7fb54e1a1000 rw-p 00111000 08:02 7742462                    /usr/lib64/libGLX_nvidia.so.390.59
7fb54e1a1000-7fb54e1a8000 rw-p 00000000 00:00 0 
7fb54e1a8000-7fb54e1eb000 r-xp 00000000 08:02 7750359                    /usr/lib64/libGLdispatch.so.0.0.0
7fb54e1eb000-7fb54e204000 r-xp 00043000 08:02 7750359                    /usr/lib64/libGLdispatch.so.0.0.0
7fb54e204000-7fb54e217000 r-xp 0005c000 08:02 7750359                    /usr/lib64/libGLdispatch.so.0.0.0
7fb54e217000-7fb54e23f000 r--p 0006e000 08:02 7750359                    /usr/lib64/libGLdispatch.so.0.0.0
7fb54e23f000-7fb54e240000 rw-p 00096000 08:02 7750359                    /usr/lib64/libGLdispatch.so.0.0.0
7fb54e240000-7fb54e260000 rw-p 00000000 00:00 0 
7fb54e260000-7fb54e273000 r-xp 00000000 08:02 7750356                    /usr/lib64/libGLX.so.0.0.0
7fb54e273000-7fb54e274000 r--p 00012000 08:02 7750356                    /usr/lib64/libGLX.so.0.0.0
7fb54e274000-7fb54e275000 rw-p 00013000 08:02 7750356                    /usr/lib64/libGLX.so.0.0.0
7fb54e275000-7fb54e295000 rw-p 00000000 00:00 0 
7fb54e295000-7fb54e2bf000 r-xp 00000000 08:02 7750326                    /usr/lib64/libxcb.so.1.1.0
7fb54e2bf000-7fb54e2c0000 ---p 0002a000 08:02 7750326                    /usr/lib64/libxcb.so.1.1.0
7fb54e2c0000-7fb54e2c1000 r--p 0002a000 08:02 7750326                    /usr/lib64/libxcb.so.1.1.0
7fb54e2c1000-7fb54e2c2000 rw-p 0002b000 08:02 7750326                    /usr/lib64/libxcb.so.1.1.0
7fb54e2c2000-7fb54e305000 r-xp 00000000 08:02 7750349                    /usr/lib64/libGL.so.1.0.0
7fb54e305000-7fb54e31e000 r-xp 00043000 08:02 7750349                    /usr/lib64/libGL.so.1.0.0
7fb54e31e000-7fb54e332000 r-xp 0005c000 08:02 7750349                    /usr/lib64/libGL.so.1.0.0
7fb54e332000-7fb54e34c000 r--p 0006f000 08:02 7750349                    /usr/lib64/libGL.so.1.0.0
7fb54e34c000-7fb54e34d000 rw-p 00089000 08:02 7750349                    /usr/lib64/libGL.so.1.0.0
7fb54e34d000-7fb54e34e000 rw-p 00000000 00:00 0 
7fb54e34e000-7fb54e4ab000 r-xp 00000000 08:02 7750328                    /usr/lib64/libX11.so.6.3.0
7fb54e4ab000-7fb54e4ad000 r--p 0015c000 08:02 7750328                    /usr/lib64/libX11.so.6.3.0
7fb54e4ad000-7fb54e4b1000 rw-p 0015e000 08:02 7750328                    /usr/lib64/libX11.so.6.3.0
7fb54e4b1000-7fb54e4b2000 r--s 00000000 08:02 3017364                    /var/cache/fontconfig/494cf466-58de-4ac1-bbb0-822a7c95bfc3-le64.cache-7
7fb54e4b2000-7fb54e4b4000 r-xp 00000000 08:02 7750479                    /usr/lib64/libXcomposite.so.1.0.0
7fb54e4b4000-7fb54e4b5000 r--p 00001000 08:02 7750479                    /usr/lib64/libXcomposite.so.1.0.0
7fb54e4b5000-7fb54e4b6000 rw-p 00002000 08:02 7750479                    /usr/lib64/libXcomposite.so.1.0.0
7fb54e4b6000-7fb54e4b8000 r-xp 00000000 08:02 7749701                    /usr/lib64/libXinerama.so.1.0.0
7fb54e4b8000-7fb54e4b9000 r--p 00001000 08:02 7749701                    /usr/lib64/libXinerama.so.1.0.0
7fb54e4b9000-7fb54e4ba000 rw-p 00002000 08:02 7749701                    /usr/lib64/libXinerama.so.1.0.0
7fb54e4d5000-7fb54e4da000 r--s 0009a000 08:02 9443777                    /usr/lib64/openjdk-8/jre/lib/jsse.jar
7fb54e4da000-7fb54e4e6000 r-xp 00000000 08:02 9569227                    /usr/lib64/openjdk-8/jre/lib/amd64/libprism_es2.so
7fb54e4e6000-7fb54e6e5000 ---p 0000c000 08:02 9569227                    /usr/lib64/openjdk-8/jre/lib/amd64/libprism_es2.so
7fb54e6e5000-7fb54e6e6000 r--p 0000b000 08:02 9569227                    /usr/lib64/openjdk-8/jre/lib/amd64/libprism_es2.so
7fb54e6e6000-7fb54e6e7000 rw-p 0000c000 08:02 9569227                    /usr/lib64/openjdk-8/jre/lib/amd64/libprism_es2.so
7fb54e6e7000-7fb54e6ea000 ---p 00000000 00:00 0 
7fb54e6ea000-7fb54e7e8000 rw-p 00000000 00:00 0 
7fb54e7e8000-7fb54e7eb000 ---p 00000000 00:00 0 
7fb54e7eb000-7fb54e8e9000 rw-p 00000000 00:00 0 
7fb54e8e9000-7fb54e8ea000 ---p 00000000 00:00 0 
7fb54e8ea000-7fb54e9ea000 rw-p 00000000 00:00 0 
7fb54e9ea000-7fb54e9ed000 ---p 00000000 00:00 0 
7fb54e9ed000-7fb54eaeb000 rw-p 00000000 00:00 0 
7fb54eaeb000-7fb54eaec000 ---p 00000000 00:00 0 
7fb54eaec000-7fb54eaef000 ---p 00000000 00:00 0 
7fb54eaef000-7fb54ebec000 rw-p 00000000 00:00 0 
7fb54ebec000-7fb54ebed000 ---p 00000000 00:00 0 
7fb54ebed000-7fb54ebf0000 ---p 00000000 00:00 0 
7fb54ebf0000-7fb54eced000 rw-p 00000000 00:00 0 
7fb54eced000-7fb54ecee000 ---p 00000000 00:00 0 
7fb54ecee000-7fb54ecf1000 ---p 00000000 00:00 0 
7fb54ecf1000-7fb54edee000 rw-p 00000000 00:00 0 
7fb54edee000-7fb54edef000 ---p 00000000 00:00 0 
7fb54edef000-7fb54edf2000 ---p 00000000 00:00 0 
7fb54edf2000-7fb54eeef000 rw-p 00000000 00:00 0 
7fb54eeef000-7fb54eef2000 ---p 00000000 00:00 0 
7fb54eef2000-7fb54eff0000 rw-p 00000000 00:00 0 
7fb54eff0000-7fb54eff3000 ---p 00000000 00:00 0 
7fb54eff3000-7fb54f0f1000 rw-p 00000000 00:00 0 
7fb54f0f1000-7fb54f0f4000 ---p 00000000 00:00 0 
7fb54f0f4000-7fb54f1f2000 rw-p 00000000 00:00 0 
7fb54f1f2000-7fb54f1f3000 ---p 00000000 00:00 0 
7fb54f1f3000-7fb550000000 rw-p 00000000 00:00 0 
7fb550000000-7fb550021000 rw-p 00000000 00:00 0 
7fb550021000-7fb554000000 ---p 00000000 00:00 0 
7fb554000000-7fb554001000 r--s 00000000 08:02 3017354                    /var/cache/fontconfig/167d6067-00d5-4a86-a9c1-4cde11436f97-le64.cache-7
7fb554001000-7fb554006000 r-xp 00000000 08:02 7750269                    /usr/lib64/libXfixes.so.3.1.0
7fb554006000-7fb554007000 r--p 00004000 08:02 7750269                    /usr/lib64/libXfixes.so.3.1.0
7fb554007000-7fb554008000 rw-p 00005000 08:02 7750269                    /usr/lib64/libXfixes.so.3.1.0
7fb554008000-7fb55400b000 r-xp 00000000 08:02 7739104                    /usr/lib64/libgmodule-2.0.so.0.5600.1
7fb55400b000-7fb55400c000 r--p 00002000 08:02 7739104                    /usr/lib64/libgmodule-2.0.so.0.5600.1
7fb55400c000-7fb55400d000 rw-p 00003000 08:02 7739104                    /usr/lib64/libgmodule-2.0.so.0.5600.1
7fb55400d000-7fb554022000 r-xp 00000000 08:02 7749054                    /usr/lib64/libXext.so.6.4.0
7fb554022000-7fb554023000 r--p 00014000 08:02 7749054                    /usr/lib64/libXext.so.6.4.0
7fb554023000-7fb554024000 rw-p 00015000 08:02 7749054                    /usr/lib64/libXext.so.6.4.0
7fb554024000-7fb554e32000 rw-p 00000000 00:00 0 
7fb554e32000-7fb555000000 r--s 03c29000 08:02 9443786                    /usr/lib64/openjdk-8/jre/lib/rt.jar
7fb555000000-7fb5555e0000 rwxp 00000000 00:00 0 
7fb5555e0000-7fb564000000 ---p 00000000 00:00 0 
7fb564000000-7fb564325000 rw-p 00000000 00:00 0 
7fb564325000-7fb568000000 ---p 00000000 00:00 0 
7fb568000000-7fb568001000 r--s 00000000 08:02 3017349                    /var/cache/fontconfig/caec5f91-2607-4313-929b-ef8e28f978fb-le64.cache-7
7fb568001000-7fb568007000 r-xp 00000000 08:02 7750400                    /usr/lib64/libXtst.so.6.1.0
7fb568007000-7fb568008000 ---p 00006000 08:02 7750400                    /usr/lib64/libXtst.so.6.1.0
7fb568008000-7fb568009000 r--p 00006000 08:02 7750400                    /usr/lib64/libXtst.so.6.1.0
7fb568009000-7fb56800a000 rw-p 00007000 08:02 7750400                    /usr/lib64/libXtst.so.6.1.0
7fb56800a000-7fb56800b000 r-xp 00000000 08:02 7739108                    /usr/lib64/libgthread-2.0.so.0.5600.1
7fb56800b000-7fb56800c000 r--p 00000000 08:02 7739108                    /usr/lib64/libgthread-2.0.so.0.5600.1
7fb56800c000-7fb56800d000 rw-p 00001000 08:02 7739108                    /usr/lib64/libgthread-2.0.so.0.5600.1
7fb56800d000-7fb56800e000 rw-s 00000000 00:06 15792                      /dev/nvidiactl
7fb56800e000-7fb568012000 rw-s 00000000 00:06 15792                      /dev/nvidiactl
7fb568012000-7fb568013000 rw-s 00000000 00:06 15793                      /dev/nvidia0
7fb568013000-7fb568016000 r-xp 00000000 08:02 7733271                    /usr/lib64/libXau.so.6.0.0
7fb568016000-7fb568017000 r--p 00002000 08:02 7733271                    /usr/lib64/libXau.so.6.0.0
7fb568017000-7fb568018000 rw-p 00003000 08:02 7733271                    /usr/lib64/libXau.so.6.0.0
7fb568018000-7fb56802e000 r-xp 00000000 08:02 9569196                    /usr/lib64/openjdk-8/jre/lib/amd64/libnet.so
7fb56802e000-7fb56802f000 r--p 00015000 08:02 9569196                    /usr/lib64/openjdk-8/jre/lib/amd64/libnet.so
7fb56802f000-7fb568030000 rw-p 00016000 08:02 9569196                    /usr/lib64/openjdk-8/jre/lib/amd64/libnet.so
7fb568030000-7fb568041000 r-xp 00000000 08:02 9569198                    /usr/lib64/openjdk-8/jre/lib/amd64/libnio.so
7fb568041000-7fb568042000 r--p 00010000 08:02 9569198                    /usr/lib64/openjdk-8/jre/lib/amd64/libnio.so
7fb568042000-7fb568043000 rw-p 00011000 08:02 9569198                    /usr/lib64/openjdk-8/jre/lib/amd64/libnio.so
7fb568043000-7fb56804b000 r--s 00069000 08:02 11939288                   /home/marcel/code/daschatre/DasChatClientRe/build/libs/DasChatClientRe-all.jar
7fb56804b000-7fb5680e1000 r--s 007d0000 08:02 11145590                   /usr/lib64/openjdk-8/jre/lib/ext/jfxrt.jar
7fb5680e1000-7fb569226000 rw-p 00000000 00:00 0 
7fb569226000-7fb569227000 ---p 00000000 00:00 0 
7fb569227000-7fb569327000 rw-p 00000000 00:00 0 
7fb569327000-7fb569328000 ---p 00000000 00:00 0 
7fb569328000-7fb569428000 rw-p 00000000 00:00 0 
7fb569428000-7fb569429000 ---p 00000000 00:00 0 
7fb569429000-7fb569529000 rw-p 00000000 00:00 0 
7fb569529000-7fb56952a000 ---p 00000000 00:00 0 
7fb56952a000-7fb56962a000 rw-p 00000000 00:00 0 
7fb56962a000-7fb56962b000 ---p 00000000 00:00 0 
7fb56962b000-7fb56972b000 rw-p 00000000 00:00 0 
7fb56972b000-7fb56972c000 ---p 00000000 00:00 0 
7fb56972c000-7fb56982c000 rw-p 00000000 00:00 0 
7fb56982c000-7fb56982d000 ---p 00000000 00:00 0 
7fb56982d000-7fb56992d000 rw-p 00000000 00:00 0 
7fb56992d000-7fb56992e000 ---p 00000000 00:00 0 
7fb56992e000-7fb569a82000 rw-p 00000000 00:00 0 
7fb569a82000-7fb569f68000 ---p 00000000 00:00 0 
7fb569f68000-7fb569fbc000 rw-p 00000000 00:00 0 
7fb569fbc000-7fb56a4a2000 ---p 00000000 00:00 0 
7fb56a4a2000-7fb56a4cc000 rw-p 00000000 00:00 0 
7fb56a4cc000-7fb56a73f000 ---p 00000000 00:00 0 
7fb56a73f000-7fb56a758000 rw-p 00000000 00:00 0 
7fb56a758000-7fb56ab00000 ---p 00000000 00:00 0 
7fb56ab00000-7fb56ab08000 r-xp 00000000 08:02 9569214                    /usr/lib64/openjdk-8/jre/lib/amd64/libzip.so
7fb56ab08000-7fb56ab09000 r--p 00007000 08:02 9569214                    /usr/lib64/openjdk-8/jre/lib/amd64/libzip.so
7fb56ab09000-7fb56ab0a000 rw-p 00008000 08:02 9569214                    /usr/lib64/openjdk-8/jre/lib/amd64/libzip.so
7fb56ab0a000-7fb56ab12000 rw-s 00000000 00:26 136870                     /tmp/hsperfdata_marcel/7113
7fb56ab12000-7fb56ab3f000 r-xp 00000000 08:02 9569172                    /usr/lib64/openjdk-8/jre/lib/amd64/libjava.so
7fb56ab3f000-7fb56ab40000 ---p 0002d000 08:02 9569172                    /usr/lib64/openjdk-8/jre/lib/amd64/libjava.so
7fb56ab40000-7fb56ab41000 r--p 0002d000 08:02 9569172                    /usr/lib64/openjdk-8/jre/lib/amd64/libjava.so
7fb56ab41000-7fb56ab42000 rw-p 0002e000 08:02 9569172                    /usr/lib64/openjdk-8/jre/lib/amd64/libjava.so
7fb56ab42000-7fb56ab43000 rw-p 00000000 00:00 0 
7fb56ab43000-7fb56ab4a000 r-xp 00000000 08:02 7740893                    /usr/lib64/librt-2.27.so
7fb56ab4a000-7fb56ab4b000 r--p 00006000 08:02 7740893                    /usr/lib64/librt-2.27.so
7fb56ab4b000-7fb56ab4c000 rw-p 00007000 08:02 7740893                    /usr/lib64/librt-2.27.so
7fb56ab4c000-7fb56ab4d000 ---p 00000000 00:00 0 
7fb56ab4d000-7fb56ab50000 ---p 00000000 00:00 0 
7fb56ab50000-7fb56ac4d000 rw-p 00000000 00:00 0 
7fb56ac4d000-7fb56ade9000 r-xp 00000000 08:02 7740160                    /usr/lib64/libm-2.27.so
7fb56ade9000-7fb56adea000 ---p 0019c000 08:02 7740160                    /usr/lib64/libm-2.27.so
7fb56adea000-7fb56adeb000 r--p 0019c000 08:02 7740160                    /usr/lib64/libm-2.27.so
7fb56adeb000-7fb56adec000 rw-p 0019d000 08:02 7740160                    /usr/lib64/libm-2.27.so
7fb56adec000-7fb56ba96000 r-xp 00000000 08:02 9834628                    /usr/lib64/openjdk-8/jre/lib/amd64/server/libjvm.so
7fb56ba96000-7fb56bc96000 ---p 00caa000 08:02 9834628                    /usr/lib64/openjdk-8/jre/lib/amd64/server/libjvm.so
7fb56bc96000-7fb56bd2a000 r--p 00caa000 08:02 9834628                    /usr/lib64/openjdk-8/jre/lib/amd64/server/libjvm.so
7fb56bd2a000-7fb56bd52000 rw-p 00d3e000 08:02 9834628                    /usr/lib64/openjdk-8/jre/lib/amd64/server/libjvm.so
7fb56bd52000-7fb56bd85000 rw-p 00000000 00:00 0 
7fb56bd85000-7fb56bf6c000 r-xp 00000000 08:02 7740075                    /usr/lib64/libc-2.27.so
7fb56bf6c000-7fb56bf70000 r--p 001e6000 08:02 7740075                    /usr/lib64/libc-2.27.so
7fb56bf70000-7fb56bf72000 rw-p 001ea000 08:02 7740075                    /usr/lib64/libc-2.27.so
7fb56bf72000-7fb56bf76000 rw-p 00000000 00:00 0 
7fb56bf76000-7fb56bf79000 r-xp 00000000 08:02 7740083                    /usr/lib64/libdl-2.27.so
7fb56bf79000-7fb56bf7a000 r--p 00002000 08:02 7740083                    /usr/lib64/libdl-2.27.so
7fb56bf7a000-7fb56bf7b000 rw-p 00003000 08:02 7740083                    /usr/lib64/libdl-2.27.so
7fb56bf7b000-7fb56bf89000 r-xp 00000000 08:02 11273410                   /usr/lib64/openjdk-8/lib/amd64/jli/libjli.so
7fb56bf89000-7fb56bf8a000 r--p 0000d000 08:02 11273410                   /usr/lib64/openjdk-8/lib/amd64/jli/libjli.so
7fb56bf8a000-7fb56bf8b000 rw-p 0000e000 08:02 11273410                   /usr/lib64/openjdk-8/lib/amd64/jli/libjli.so
7fb56bf8b000-7fb56bfa1000 r-xp 00000000 08:02 7748841                    /usr/lib64/libz.so.1.2.11
7fb56bfa1000-7fb56bfa2000 r--p 00015000 08:02 7748841                    /usr/lib64/libz.so.1.2.11
7fb56bfa2000-7fb56bfa3000 rw-p 00016000 08:02 7748841                    /usr/lib64/libz.so.1.2.11
7fb56bfa3000-7fb56bfbd000 r-xp 00000000 08:02 7740860                    /usr/lib64/libpthread-2.27.so
7fb56bfbd000-7fb56bfbe000 r--p 00019000 08:02 7740860                    /usr/lib64/libpthread-2.27.so
7fb56bfbe000-7fb56bfbf000 rw-p 0001a000 08:02 7740860                    /usr/lib64/libpthread-2.27.so
7fb56bfbf000-7fb56bfc5000 rw-p 00000000 00:00 0 
7fb56bfc5000-7fb56bfc6000 rw-s 00000000 00:06 15793                      /dev/nvidia0
7fb56bfc6000-7fb56bfc7000 rw-s 00000000 00:06 15793                      /dev/nvidia0
7fb56bfc7000-7fb56bfc8000 rw-s 00000000 00:06 15792                      /dev/nvidiactl
7fb56bfc8000-7fb56bfc9000 rw-s 00000000 00:06 15792                      /dev/nvidiactl
7fb56bfc9000-7fb56bfd4000 r-xp 00000000 08:02 7740799                    /usr/lib64/libnss_files-2.27.so
7fb56bfd4000-7fb56bfd5000 r--p 0000a000 08:02 7740799                    /usr/lib64/libnss_files-2.27.so
7fb56bfd5000-7fb56bfd6000 rw-p 0000b000 08:02 7740799                    /usr/lib64/libnss_files-2.27.so
7fb56bfd6000-7fb56bfdd000 rw-p 00000000 00:00 0 
7fb56bfdd000-7fb56bfeb000 r-xp 00000000 08:02 9569212                    /usr/lib64/openjdk-8/jre/lib/amd64/libverify.so
7fb56bfeb000-7fb56bfed000 r--p 0000d000 08:02 9569212                    /usr/lib64/openjdk-8/jre/lib/amd64/libverify.so
7fb56bfed000-7fb56bfee000 rw-p 0000f000 08:02 9569212                    /usr/lib64/openjdk-8/jre/lib/amd64/libverify.so
7fb56bfee000-7fb56c015000 r-xp 00000000 08:02 7740068                    /usr/lib64/ld-2.27.so
7fb56c015000-7fb56c016000 r--p 00000000 00:00 0 
7fb56c016000-7fb56c017000 r--p 00027000 08:02 7740068                    /usr/lib64/ld-2.27.so
7fb56c017000-7fb56c018000 rw-p 00028000 08:02 7740068                    /usr/lib64/ld-2.27.so
7fb56c018000-7fb56c019000 rw-p 00000000 00:00 0 
7fffece9b000-7fffecebc000 rw-p 00000000 00:00 0                          [stack]
7fffecf69000-7fffecf6c000 r--p 00000000 00:00 0                          [vvar]
7fffecf6c000-7fffecf6e000 r-xp 00000000 00:00 0                          [vdso]
ffffffffff600000-ffffffffff601000 r-xp 00000000 00:00 0                  [vsyscall]

VM Arguments:
java_command: DasChatClientRe-all.jar
java_class_path (initial): DasChatClientRe-all.jar
Launcher Type: SUN_STANDARD

Environment Variables:
JAVA_HOME=/usr/lib64/openjdk-8
PATH=/home/marcel/.sdkman/candidates/gradle/current/bin:/home/marcel/bin:/sbin:/bin:/usr/sbin:/usr/bin:/usr/local/bin:/snap/bin
SHELL=/bin/bash
DISPLAY=:0

Signal Handlers:
SIGSEGV: [libjvm.so+0xaab080], sa_mask[0]=11111111011111111101111111111110, sa_flags=SA_RESTART|SA_SIGINFO
SIGBUS: [libjvm.so+0xaab080], sa_mask[0]=11111111011111111101111111111110, sa_flags=SA_RESTART|SA_SIGINFO
SIGFPE: [libjvm.so+0x8e13c0], sa_mask[0]=11111111011111111101111111111110, sa_flags=SA_RESTART|SA_SIGINFO
SIGPIPE: SIG_IGN, sa_mask[0]=00000000000010000000000000000000, sa_flags=SA_RESTART
SIGXFSZ: [libjvm.so+0x8e13c0], sa_mask[0]=11111111011111111101111111111110, sa_flags=SA_RESTART|SA_SIGINFO
SIGILL: [libjvm.so+0x8e13c0], sa_mask[0]=11111111011111111101111111111110, sa_flags=SA_RESTART|SA_SIGINFO
SIGUSR1: SIG_DFL, sa_mask[0]=00000000000000000000000000000000, sa_flags=none
SIGUSR2: [libjvm.so+0x8e1270], sa_mask[0]=00000000000000000000000000000000, sa_flags=SA_RESTART|SA_SIGINFO
SIGHUP: [libjvm.so+0x8e1720], sa_mask[0]=11111111011111111101111111111110, sa_flags=SA_RESTART|SA_SIGINFO
SIGINT: [libjvm.so+0x8e1720], sa_mask[0]=11111111011111111101111111111110, sa_flags=SA_RESTART|SA_SIGINFO
SIGTERM: [libjvm.so+0x8e1720], sa_mask[0]=11111111011111111101111111111110, sa_flags=SA_RESTART|SA_SIGINFO
SIGQUIT: [libjvm.so+0x8e1720], sa_mask[0]=11111111011111111101111111111110, sa_flags=SA_RESTART|SA_SIGINFO


---------------  S Y S T E M  ---------------

OS:LSB_VERSION=1.4
DISTRIB_ID=Solus
DISTRIB_DESCRIPTION="Solus"
DISTRIB_RELEASE=3.9999
DISTRIB_CODENAME=shannon

uname:Linux 4.16.15-76.current #1 SMP PREEMPT Tue Jun 12 20:51:13 UTC 2018 x86_64
libc:glibc 2.27 NPTL 2.27 
rlimit: STACK 8192k, CORE 0k, NPROC 63835, NOFILE 4096, AS infinity
load average:2.50 1.22 0.47

/proc/meminfo:
MemTotal:       16438944 kB
MemFree:        14152328 kB
MemAvailable:   14655024 kB
Buffers:           71544 kB
Cached:           713800 kB
SwapCached:            0 kB
Active:          1498188 kB
Inactive:         477776 kB
Active(anon):    1191528 kB
Inactive(anon):    46900 kB
Active(file):     306660 kB
Inactive(file):   430876 kB
Unevictable:          32 kB
Mlocked:              32 kB
SwapTotal:       3906244 kB
SwapFree:        3906244 kB
Dirty:               956 kB
Writeback:             0 kB
AnonPages:       1190608 kB
Mapped:           456428 kB
Shmem:             47812 kB
Slab:             134212 kB
SReclaimable:      44952 kB
SUnreclaim:        89260 kB
KernelStack:        9552 kB
PageTables:        15228 kB
NFS_Unstable:          0 kB
Bounce:                0 kB
WritebackTmp:          0 kB
CommitLimit:    12125716 kB
Committed_AS:    5292176 kB
VmallocTotal:   34359738367 kB
VmallocUsed:           0 kB
VmallocChunk:          0 kB
AnonHugePages:         0 kB
ShmemHugePages:        0 kB
ShmemPmdMapped:        0 kB
HugePages_Total:       0
HugePages_Free:        0
HugePages_Rsvd:        0
HugePages_Surp:        0
Hugepagesize:       2048 kB
Hugetlb:               0 kB
DirectMap4k:      251528 kB
DirectMap2M:     3889152 kB
DirectMap1G:    12582912 kB


CPU:total 8 (initial active 8) (4 cores per cpu, 2 threads per core) family 6 model 94 stepping 3, cmov, cx8, fxsr, mmx, sse, sse2, sse3, ssse3, sse4.1, sse4.2, popcnt, avx, avx2, aes, clmul, erms, rtm, 3dnowpref, lzcnt, ht, tsc, tscinvbit, bmi1, bmi2, adx

/proc/cpuinfo:
processor	: 0
vendor_id	: GenuineIntel
cpu family	: 6
model		: 94
model name	: Intel(R) Xeon(R) CPU E3-1240 v5 @ 3.50GHz
stepping	: 3
microcode	: 0xc2
cpu MHz		: 3714.635
cache size	: 8192 KB
physical id	: 0
siblings	: 8
core id		: 0
cpu cores	: 4
apicid		: 0
initial apicid	: 0
fpu		: yes
fpu_exception	: yes
cpuid level	: 22
wp		: yes
flags		: fpu vme de pse tsc msr pae mce cx8 apic sep mtrr pge mca cmov pat pse36 clflush dts acpi mmx fxsr sse sse2 ss ht tm pbe syscall nx pdpe1gb rdtscp lm constant_tsc art arch_perfmon pebs bts rep_good nopl xtopology nonstop_tsc cpuid aperfmperf tsc_known_freq pni pclmulqdq dtes64 monitor ds_cpl vmx smx est tm2 ssse3 sdbg fma cx16 xtpr pdcm pcid sse4_1 sse4_2 x2apic movbe popcnt tsc_deadline_timer aes xsave avx f16c rdrand lahf_lm abm 3dnowprefetch cpuid_fault epb invpcid_single pti ibrs ibpb stibp tpr_shadow vnmi flexpriority ept vpid fsgsbase tsc_adjust bmi1 hle avx2 smep bmi2 erms invpcid rtm mpx rdseed adx smap clflushopt intel_pt xsaveopt xsavec xgetbv1 xsaves dtherm ida arat pln pts hwp hwp_notify hwp_act_window hwp_epp
bugs		: cpu_meltdown spectre_v1 spectre_v2 spec_store_bypass
bogomips	: 7008.00
clflush size	: 64
cache_alignment	: 64
address sizes	: 39 bits physical, 48 bits virtual
power management:

processor	: 1
vendor_id	: GenuineIntel
cpu family	: 6
model		: 94
model name	: Intel(R) Xeon(R) CPU E3-1240 v5 @ 3.50GHz
stepping	: 3
microcode	: 0xc2
cpu MHz		: 3763.339
cache size	: 8192 KB
physical id	: 0
siblings	: 8
core id		: 1
cpu cores	: 4
apicid		: 2
initial apicid	: 2
fpu		: yes
fpu_exception	: yes
cpuid level	: 22
wp		: yes
flags		: fpu vme de pse tsc msr pae mce cx8 apic sep mtrr pge mca cmov pat pse36 clflush dts acpi mmx fxsr sse sse2 ss ht tm pbe syscall nx pdpe1gb rdtscp lm constant_tsc art arch_perfmon pebs bts rep_good nopl xtopology nonstop_tsc cpuid aperfmperf tsc_known_freq pni pclmulqdq dtes64 monitor ds_cpl vmx smx est tm2 ssse3 sdbg fma cx16 xtpr pdcm pcid sse4_1 sse4_2 x2apic movbe popcnt tsc_deadline_timer aes xsave avx f16c rdrand lahf_lm abm 3dnowprefetch cpuid_fault epb invpcid_single pti ibrs ibpb stibp tpr_shadow vnmi flexpriority ept vpid fsgsbase tsc_adjust bmi1 hle avx2 smep bmi2 erms invpcid rtm mpx rdseed adx smap clflushopt intel_pt xsaveopt xsavec xgetbv1 xsaves dtherm ida arat pln pts hwp hwp_notify hwp_act_window hwp_epp
bugs		: cpu_meltdown spectre_v1 spectre_v2 spec_store_bypass
bogomips	: 7008.00
clflush size	: 64
cache_alignment	: 64
address sizes	: 39 bits physical, 48 bits virtual
power management:

processor	: 2
vendor_id	: GenuineIntel
cpu family	: 6
model		: 94
model name	: Intel(R) Xeon(R) CPU E3-1240 v5 @ 3.50GHz
stepping	: 3
microcode	: 0xc2
cpu MHz		: 3755.290
cache size	: 8192 KB
physical id	: 0
siblings	: 8
core id		: 2
cpu cores	: 4
apicid		: 4
initial apicid	: 4
fpu		: yes
fpu_exception	: yes
cpuid level	: 22
wp		: yes
flags		: fpu vme de pse tsc msr pae mce cx8 apic sep mtrr pge mca cmov pat pse36 clflush dts acpi mmx fxsr sse sse2 ss ht tm pbe syscall nx pdpe1gb rdtscp lm constant_tsc art arch_perfmon pebs bts rep_good nopl xtopology nonstop_tsc cpuid aperfmperf tsc_known_freq pni pclmulqdq dtes64 monitor ds_cpl vmx smx est tm2 ssse3 sdbg fma cx16 xtpr pdcm pcid sse4_1 sse4_2 x2apic movbe popcnt tsc_deadline_timer aes xsave avx f16c rdrand lahf_lm abm 3dnowprefetch cpuid_fault epb invpcid_single pti ibrs ibpb stibp tpr_shadow vnmi flexpriority ept vpid fsgsbase tsc_adjust bmi1 hle avx2 smep bmi2 erms invpcid rtm mpx rdseed adx smap clflushopt intel_pt xsaveopt xsavec xgetbv1 xsaves dtherm ida arat pln pts hwp hwp_notify hwp_act_window hwp_epp
bugs		: cpu_meltdown spectre_v1 spectre_v2 spec_store_bypass
bogomips	: 7008.00
clflush size	: 64
cache_alignment	: 64
address sizes	: 39 bits physical, 48 bits virtual
power management:

processor	: 3
vendor_id	: GenuineIntel
cpu family	: 6
model		: 94
model name	: Intel(R) Xeon(R) CPU E3-1240 v5 @ 3.50GHz
stepping	: 3
microcode	: 0xc2
cpu MHz		: 3769.621
cache size	: 8192 KB
physical id	: 0
siblings	: 8
core id		: 3
cpu cores	: 4
apicid		: 6
initial apicid	: 6
fpu		: yes
fpu_exception	: yes
cpuid level	: 22
wp		: yes
flags		: fpu vme de pse tsc msr pae mce cx8 apic sep mtrr pge mca cmov pat pse36 clflush dts acpi mmx fxsr sse sse2 ss ht tm pbe syscall nx pdpe1gb rdtscp lm constant_tsc art arch_perfmon pebs bts rep_good nopl xtopology nonstop_tsc cpuid aperfmperf tsc_known_freq pni pclmulqdq dtes64 monitor ds_cpl vmx smx est tm2 ssse3 sdbg fma cx16 xtpr pdcm pcid sse4_1 sse4_2 x2apic movbe popcnt tsc_deadline_timer aes xsave avx f16c rdrand lahf_lm abm 3dnowprefetch cpuid_fault epb invpcid_single pti ibrs ibpb stibp tpr_shadow vnmi flexpriority ept vpid fsgsbase tsc_adjust bmi1 hle avx2 smep bmi2 erms invpcid rtm mpx rdseed adx smap clflushopt intel_pt xsaveopt xsavec xgetbv1 xsaves dtherm ida arat pln pts hwp hwp_notify hwp_act_window hwp_epp
bugs		: cpu_meltdown spectre_v1 spectre_v2 spec_store_bypass
bogomips	: 7008.00
clflush size	: 64
cache_alignment	: 64
address sizes	: 39 bits physical, 48 bits virtual
power management:

processor	: 4
vendor_id	: GenuineIntel
cpu family	: 6
model		: 94
model name	: Intel(R) Xeon(R) CPU E3-1240 v5 @ 3.50GHz
stepping	: 3
microcode	: 0xc2
cpu MHz		: 3713.607
cache size	: 8192 KB
physical id	: 0
siblings	: 8
core id		: 0
cpu cores	: 4
apicid		: 1
initial apicid	: 1
fpu		: yes
fpu_exception	: yes
cpuid level	: 22
wp		: yes
flags		: fpu vme de pse tsc msr pae mce cx8 apic sep mtrr pge mca cmov pat pse36 clflush dts acpi mmx fxsr sse sse2 ss ht tm pbe syscall nx pdpe1gb rdtscp lm constant_tsc art arch_perfmon pebs bts rep_good nopl xtopology nonstop_tsc cpuid aperfmperf tsc_known_freq pni pclmulqdq dtes64 monitor ds_cpl vmx smx est tm2 ssse3 sdbg fma cx16 xtpr pdcm pcid sse4_1 sse4_2 x2apic movbe popcnt tsc_deadline_timer aes xsave avx f16c rdrand lahf_lm abm 3dnowprefetch cpuid_fault epb invpcid_single pti ibrs ibpb stibp tpr_shadow vnmi flexpriority ept vpid fsgsbase tsc_adjust bmi1 hle avx2 smep bmi2 erms invpcid rtm mpx rdseed adx smap clflushopt intel_pt xsaveopt xsavec xgetbv1 xsaves dtherm ida arat pln pts hwp hwp_notify hwp_act_window hwp_epp
bugs		: cpu_meltdown spectre_v1 spectre_v2 spec_store_bypass
bogomips	: 7008.00
clflush size	: 64
cache_alignment	: 64
address sizes	: 39 bits physical, 48 bits virtual
power management:

processor	: 5
vendor_id	: GenuineIntel
cpu family	: 6
model		: 94
model name	: Intel(R) Xeon(R) CPU E3-1240 v5 @ 3.50GHz
stepping	: 3
microcode	: 0xc2
cpu MHz		: 3799.481
cache size	: 8192 KB
physical id	: 0
siblings	: 8
core id		: 1
cpu cores	: 4
apicid		: 3
initial apicid	: 3
fpu		: yes
fpu_exception	: yes
cpuid level	: 22
wp		: yes
flags		: fpu vme de pse tsc msr pae mce cx8 apic sep mtrr pge mca cmov pat pse36 clflush dts acpi mmx fxsr sse sse2 ss ht tm pbe syscall nx pdpe1gb rdtscp lm constant_tsc art arch_perfmon pebs bts rep_good nopl xtopology nonstop_tsc cpuid aperfmperf tsc_known_freq pni pclmulqdq dtes64 monitor ds_cpl vmx smx est tm2 ssse3 sdbg fma cx16 xtpr pdcm pcid sse4_1 sse4_2 x2apic movbe popcnt tsc_deadline_timer aes xsave avx f16c rdrand lahf_lm abm 3dnowprefetch cpuid_fault epb invpcid_single pti ibrs ibpb stibp tpr_shadow vnmi flexpriority ept vpid fsgsbase tsc_adjust bmi1 hle avx2 smep bmi2 erms invpcid rtm mpx rdseed adx smap clflushopt intel_pt xsaveopt xsavec xgetbv1 xsaves dtherm ida arat pln pts hwp hwp_notify hwp_act_window hwp_epp
bugs		: cpu_meltdown spectre_v1 spectre_v2 spec_store_bypass
bogomips	: 7008.00
clflush size	: 64
cache_alignment	: 64
address sizes	: 39 bits physical, 48 bits virtual
power management:

processor	: 6
vendor_id	: GenuineIntel
cpu family	: 6
model		: 94
model name	: Intel(R) Xeon(R) CPU E3-1240 v5 @ 3.50GHz
stepping	: 3
microcode	: 0xc2
cpu MHz		: 3715.204
cache size	: 8192 KB
physical id	: 0
siblings	: 8
core id		: 2
cpu cores	: 4
apicid		: 5
initial apicid	: 5
fpu		: yes
fpu_exception	: yes
cpuid level	: 22
wp		: yes
flags		: fpu vme de pse tsc msr pae mce cx8 apic sep mtrr pge mca cmov pat pse36 clflush dts acpi mmx fxsr sse sse2 ss ht tm pbe syscall nx pdpe1gb rdtscp lm constant_tsc art arch_perfmon pebs bts rep_good nopl xtopology nonstop_tsc cpuid aperfmperf tsc_known_freq pni pclmulqdq dtes64 monitor ds_cpl vmx smx est tm2 ssse3 sdbg fma cx16 xtpr pdcm pcid sse4_1 sse4_2 x2apic movbe popcnt tsc_deadline_timer aes xsave avx f16c rdrand lahf_lm abm 3dnowprefetch cpuid_fault epb invpcid_single pti ibrs ibpb stibp tpr_shadow vnmi flexpriority ept vpid fsgsbase tsc_adjust bmi1 hle avx2 smep bmi2 erms invpcid rtm mpx rdseed adx smap clflushopt intel_pt xsaveopt xsavec xgetbv1 xsaves dtherm ida arat pln pts hwp hwp_notify hwp_act_window hwp_epp
bugs		: cpu_meltdown spectre_v1 spectre_v2 spec_store_bypass
bogomips	: 7008.00
clflush size	: 64
cache_alignment	: 64
address sizes	: 39 bits physical, 48 bits virtual
power management:

processor	: 7
vendor_id	: GenuineIntel
cpu family	: 6
model		: 94
model name	: Intel(R) Xeon(R) CPU E3-1240 v5 @ 3.50GHz
stepping	: 3
microcode	: 0xc2
cpu MHz		: 3817.155
cache size	: 8192 KB
physical id	: 0
siblings	: 8
core id		: 3
cpu cores	: 4
apicid		: 7
initial apicid	: 7
fpu		: yes
fpu_exception	: yes
cpuid level	: 22
wp		: yes
flags		: fpu vme de pse tsc msr pae mce cx8 apic sep mtrr pge mca cmov pat pse36 clflush dts acpi mmx fxsr sse sse2 ss ht tm pbe syscall nx pdpe1gb rdtscp lm constant_tsc art arch_perfmon pebs bts rep_good nopl xtopology nonstop_tsc cpuid aperfmperf tsc_known_freq pni pclmulqdq dtes64 monitor ds_cpl vmx smx est tm2 ssse3 sdbg fma cx16 xtpr pdcm pcid sse4_1 sse4_2 x2apic movbe popcnt tsc_deadline_timer aes xsave avx f16c rdrand lahf_lm abm 3dnowprefetch cpuid_fault epb invpcid_single pti ibrs ibpb stibp tpr_shadow vnmi flexpriority ept vpid fsgsbase tsc_adjust bmi1 hle avx2 smep bmi2 erms invpcid rtm mpx rdseed adx smap clflushopt intel_pt xsaveopt xsavec xgetbv1 xsaves dtherm ida arat pln pts hwp hwp_notify hwp_act_window hwp_epp
bugs		: cpu_meltdown spectre_v1 spectre_v2 spec_store_bypass
bogomips	: 7008.00
clflush size	: 64
cache_alignment	: 64
address sizes	: 39 bits physical, 48 bits virtual
power management:



Memory: 4k page, physical 16438944k(14151988k free), swap 3906244k(3906244k free)

vm_info: OpenJDK 64-Bit Server VM (25.172-b00) for linux-amd64 JRE (1.8.0_172-solus-b00), built on Mar 22 2018 21:53:04 by "build" with gcc 7.3.0

time: Thu Jun 21 23:00:39 2018
elapsed time: 3 seconds (0d 0h 0m 3s)

