#
# A fatal error has been detected by the Java Runtime Environment:
#
#  SIGSEGV (0xb) at pc=0x00007ff1f24ee426, pid=7829, tid=0x00007ff1cc78d700
#
# JRE version: OpenJDK Runtime Environment (8.0_172) (build 1.8.0_172-solus-b00)
# Java VM: OpenJDK 64-Bit Server VM (25.172-b00 mixed mode linux-amd64 compressed oops)
# Problematic frame:
# V  [libjvm.so+0x69d426]
#
# Failed to write core dump. Core dumps have been disabled. To enable core dumping, try "ulimit -c unlimited" before starting Java again
#
# If you would like to submit a bug report, please visit:
#   http://bugreport.java.com/bugreport/crash.jsp
#

---------------  T H R E A D  ---------------

Current thread (0x00007ff170163000):  JavaThread "JavaFX Application Thread" [_thread_in_vm, id=7854, stack(0x00007ff1cc68d000,0x00007ff1cc78e000)]

siginfo: si_signo: 11 (SIGSEGV), si_code: 128 (SI_KERNEL), si_addr: 0x0000000000000000

Registers:
RAX=0x0000000000000000, RBX=0x00007ff170163000, RCX=0x00007ff17007eb98, RDX=0x7265747369676572
RSP=0x00007ff1cc78c1f0, RBP=0x00007ff1cc78c360, RSI=0x00007ff1cc78c380, RDI=0x00007ff1701631e0
R8 =0x00007ff1cc78c3b0, R9 =0x00007ff170163000, R10=0x00007ff16c000e30, R11=0x00007ff1dd462520
R12=0x00007ff1cc78c3b0, R13=0x00007ff1701631e0, R14=0x00007ff17007eb98, R15=0x00007ff170163000
RIP=0x00007ff1f24ee426, EFLAGS=0x0000000000010206, CSGSFS=0x002b000000000033, ERR=0x0000000000000000
  TRAPNO=0x000000000000000d

Top of Stack: (sp=0x00007ff1cc78c1f0)
0x00007ff1cc78c1f0:   0000000000000000 00007ff1cc78c2b0
0x00007ff1cc78c200:   00007ff1cc78c220 00007ff1701631e0
0x00007ff1cc78c210:   0000000000000004 00007ff170127118
0x00007ff1cc78c220:   00007ff1dc51fa80 00007ff170163000
0x00007ff1cc78c230:   00007ff1dc51fa80 00007ff170163000
0x00007ff1cc78c240:   00007ff170163860 00007ff1880659b0
0x00007ff1cc78c250:   00007ff1880659c0 00007ff188065d98
0x00007ff1cc78c260:   00000000000003d8 0000000000000000
0x00007ff1cc78c270:   00007ff1dc51fa80 00007ff170163000
0x00007ff1cc78c280:   00000000dc515958 000000076e1d0be8
0x00007ff1cc78c290:   0000000000000000 00007ff1dd0183db
0x00007ff1cc78c2a0:   00007ff1dc51fa80 00007ff170163000
0x00007ff1cc78c2b0:   00007ff1cc78c2f0 000000076e2147c0
0x00007ff1cc78c2c0:   000000000000006f 00007ff10000000a
0x00007ff1cc78c2d0:   000000076f020ae8 00007ff100000000
0x00007ff1cc78c2e0:   00007ff1cc78c340 00007ff1cc78c380
0x00007ff1cc78c2f0:   00007ff1cc78c470 0000000100000132
0x00007ff1cc78c300:   00007ff1700c8000 00007ff1cc78c2b8
0x00007ff1cc78c310:   00007ff1cc78c2f9 0000000800000005
0x00007ff1cc78c320:   0000000000000000 bc92e94a430a7d00
0x00007ff1cc78c330:   00007ff1dc515958 00007ff170163000
0x00007ff1cc78c340:   00007ff1cc78c3b0 00007ff1701631e0
0x00007ff1cc78c350:   00007ff17007eb98 00007ff1cc78c448
0x00007ff1cc78c360:   00007ff1cc78c430 00007ff1f24f0c79
0x00007ff1cc78c370:   00000000000003d8 7265747369676572
0x00007ff1cc78c380:   00007ff10000000e 00007ff100000000
0x00007ff1cc78c390:   00007ff170163000 0000000000000000
0x00007ff1cc78c3a0:   0000000000000000 00007ff1d52a17a6
0x00007ff1cc78c3b0:   00007ff1f2d06e38 00007ff1f01bf690
0x00007ff1cc78c3c0:   000000006c1efa80 bc92e94a00000063
0x00007ff1cc78c3d0:   0000000000000000 0000003000000018
0x00007ff1cc78c3e0:   00007ff1cc78c520 00007ff1cc78c460 

Instructions: (pc=0x00007ff1f24ee426)
0x00007ff1f24ee406:   00 48 89 bd a8 fe ff ff 64 48 8b 04 25 28 00 00
0x00007ff1f24ee416:   00 48 89 45 c8 31 c0 48 85 d2 0f 84 12 02 00 00
0x00007ff1f24ee426:   48 8b 12 48 85 d2 0f 84 06 02 00 00 48 8d bd b8
0x00007ff1f24ee436:   fe ff ff 48 89 cb 49 89 f5 4c 89 ce 4d 89 c4 e8 

Register to memory mapping:

RAX=0x0000000000000000 is an unknown value
RBX=0x00007ff170163000 is a thread
RCX=0x00007ff17007eb98 is an unknown value
RDX=0x7265747369676572 is an unknown value
RSP=0x00007ff1cc78c1f0 is pointing into the stack for thread: 0x00007ff170163000
RBP=0x00007ff1cc78c360 is pointing into the stack for thread: 0x00007ff170163000
RSI=0x00007ff1cc78c380 is pointing into the stack for thread: 0x00007ff170163000
RDI=0x00007ff1701631e0 is an unknown value
R8 =0x00007ff1cc78c3b0 is pointing into the stack for thread: 0x00007ff170163000
R9 =0x00007ff170163000 is a thread
R10=0x00007ff16c000e30 is an unknown value
R11=0x00007ff1dd462520 is at entry_point+32 in (nmethod*)0x00007ff1dd462390
R12=0x00007ff1cc78c3b0 is pointing into the stack for thread: 0x00007ff170163000
R13=0x00007ff1701631e0 is an unknown value
R14=0x00007ff17007eb98 is an unknown value
R15=0x00007ff170163000 is a thread


Stack: [0x00007ff1cc68d000,0x00007ff1cc78e000],  sp=0x00007ff1cc78c1f0,  free space=1020k
Native frames: (J=compiled Java code, j=interpreted, Vv=VM code, C=native code)
V  [libjvm.so+0x69d426]
V  [libjvm.so+0x69fc79]
C  [libglass.so+0x14171]  JNIEnv_::CallVoidMethod(_jobject*, _jmethodID*, ...)+0x81
C  [libglass.so+0x182af]  WindowContextBase::process_key(_GdkEventKey*)+0x1ef
C  [libglass.so+0x21cb0]  WindowContextBase::im_filter_keypress(_GdkEventKey*)+0x1d0
C  [libglass.so+0x22a0c]
C  [libgdk-x11-2.0.so.0+0x5f67c]

Java frames: (J=compiled Java code, j=interpreted, Vv=VM code)
j  com.sun.glass.ui.gtk.GtkApplication._runLoop(Ljava/lang/Runnable;Z)V+0
j  com.sun.glass.ui.gtk.GtkApplication.lambda$null$5(Ljava/lang/Runnable;Z)V+7
j  com.sun.glass.ui.gtk.GtkApplication$$Lambda$43.run()V+12
j  java.lang.Thread.run()V+11
v  ~StubRoutines::call_stub

---------------  P R O C E S S  ---------------

Java Threads: ( => current thread )
  0x00007ff16c26f000 JavaThread "Prism Font Disposer" daemon [_thread_blocked, id=7861, stack(0x00007ff1bfc92000,0x00007ff1bfd93000)]
=>0x00007ff170163000 JavaThread "JavaFX Application Thread" [_thread_in_vm, id=7854, stack(0x00007ff1cc68d000,0x00007ff1cc78e000)]
  0x00007ff170160000 JavaThread "Thread-3" daemon [_thread_blocked, id=7853, stack(0x00007ff1cc78e000,0x00007ff1cc88f000)]
  0x00007ff17004f000 JavaThread "QuantumRenderer-0" daemon [_thread_blocked, id=7852, stack(0x00007ff1d55f8000,0x00007ff1d56f9000)]
  0x00007ff1ec1c1800 JavaThread "JavaFX-Launcher" [_thread_blocked, id=7851, stack(0x00007ff1d56f9000,0x00007ff1d57fa000)]
  0x00007ff1ec0d2000 JavaThread "Service Thread" daemon [_thread_blocked, id=7849, stack(0x00007ff1d59ed000,0x00007ff1d5aee000)]
  0x00007ff1ec0c7000 JavaThread "C1 CompilerThread3" daemon [_thread_blocked, id=7848, stack(0x00007ff1d5aef000,0x00007ff1d5bef000)]
  0x00007ff1ec0c4800 JavaThread "C2 CompilerThread2" daemon [_thread_in_native, id=7847, stack(0x00007ff1d5bf0000,0x00007ff1d5cf0000)]
  0x00007ff1ec0c3000 JavaThread "C2 CompilerThread1" daemon [_thread_blocked, id=7846, stack(0x00007ff1d5cf1000,0x00007ff1d5df1000)]
  0x00007ff1ec0c0000 JavaThread "C2 CompilerThread0" daemon [_thread_blocked, id=7845, stack(0x00007ff1d5df2000,0x00007ff1d5ef2000)]
  0x00007ff1ec0be800 JavaThread "Signal Dispatcher" daemon [_thread_blocked, id=7844, stack(0x00007ff1d5ef2000,0x00007ff1d5ff3000)]
  0x00007ff1ec08b800 JavaThread "Finalizer" daemon [_thread_blocked, id=7843, stack(0x00007ff1d5ff3000,0x00007ff1d60f4000)]
  0x00007ff1ec087000 JavaThread "Reference Handler" daemon [_thread_blocked, id=7842, stack(0x00007ff1d60f4000,0x00007ff1d61f5000)]
  0x00007ff1ec00a000 JavaThread "main" [_thread_blocked, id=7832, stack(0x00007ff1f1bb2000,0x00007ff1f1cb2000)]

Other Threads:
  0x00007ff1ec07f800 VMThread [stack: 0x00007ff1d61f6000,0x00007ff1d62f6000] [id=7841]
  0x00007ff1ec0d4800 WatcherThread [stack: 0x00007ff1d58ed000,0x00007ff1d59ed000] [id=7850]

VM state:not at safepoint (normal execution)

VM Mutex/Monitor currently owned by a thread: None

Heap:
 PSYoungGen      total 75264K, used 62228K [0x000000076c600000, 0x0000000771a00000, 0x00000007c0000000)
  eden space 64512K, 96% used [0x000000076c600000,0x00000007702c5150,0x0000000770500000)
  from space 10752K, 0% used [0x0000000770f80000,0x0000000770f80000,0x0000000771a00000)
  to   space 10752K, 0% used [0x0000000770500000,0x0000000770500000,0x0000000770f80000)
 ParOldGen       total 172032K, used 0K [0x00000006c5200000, 0x00000006cfa00000, 0x000000076c600000)
  object space 172032K, 0% used [0x00000006c5200000,0x00000006c5200000,0x00000006cfa00000)
 Metaspace       used 18121K, capacity 19072K, committed 19200K, reserved 1064960K
  class space    used 2605K, capacity 2815K, committed 2816K, reserved 1048576K

Card table byte_map: [0x00007ff1f0fcd000,0x00007ff1f17a5000] byte_map_base: 0x00007ff1ed9a4000

Marking Bits: (ParMarkBitMap*) 0x00007ff1f2dcb1a0
 Begin Bits: [0x00007ff1a8290000, 0x00007ff1ac148000)
 End Bits:   [0x00007ff1ac148000, 0x00007ff1b0000000)

Polling page: 0x00007ff1f307a000

CodeCache: size=245760Kb used=5947Kb max_used=5960Kb free=239812Kb
 bounds [0x00007ff1dd000000, 0x00007ff1dd5e0000, 0x00007ff1ec000000]
 total_blobs=2647 nmethods=1989 adapters=572
 compilation: enabled

Compilation events (10 events):
Event: 5.699 Thread 0x00007ff1ec0c7000 1985       3       java.lang.Math::min (45 bytes)
Event: 5.700 Thread 0x00007ff1ec0c7000 nmethod 1985 0x00007ff1dd5cd850 code [0x00007ff1dd5cd9c0, 0x00007ff1dd5cdd10]
Event: 5.700 Thread 0x00007ff1ec0c7000 1987       3       javafx.scene.Node::invalidateLocalToSceneTransform (15 bytes)
Event: 5.700 Thread 0x00007ff1ec0c7000 nmethod 1987 0x00007ff1dd5ccf90 code [0x00007ff1dd5cd120, 0x00007ff1dd5cd668]
Event: 5.700 Thread 0x00007ff1ec0c4800 1988 %     4       com.sun.javafx.iio.common.SmoothMinifier::putSourceScanline @ 286 (781 bytes)
Event: 5.701 Thread 0x00007ff1ec0c3000 nmethod 1928 0x00007ff1dd5d3490 code [0x00007ff1dd5d3700, 0x00007ff1dd5d44a0]
Event: 5.702 Thread 0x00007ff1ec0c0000 1989       4       java.util.Arrays::fill (21 bytes)
Event: 5.703 Thread 0x00007ff1ec0c0000 nmethod 1989 0x00007ff1dd5ccd10 code [0x00007ff1dd5cce60, 0x00007ff1dd5ccef8]
Event: 5.711 Thread 0x00007ff1ec0c7000 1990       3       javafx.beans.property.BooleanPropertyBase::fireValueChangedEvent (8 bytes)
Event: 5.711 Thread 0x00007ff1ec0c7000 nmethod 1990 0x00007ff1dd5d2f90 code [0x00007ff1dd5d3100, 0x00007ff1dd5d33a8]

GC Heap History (0 events):
No events

Deoptimization events (10 events):
Event: 5.581 Thread 0x00007ff170163000 Uncommon trap: reason=unstable_if action=reinterpret pc=0x00007ff1dd523958 method=java.math.MutableBigInteger.divideOneWord(ILjava/math/MutableBigInteger;)I @ 88
Event: 5.581 Thread 0x00007ff170163000 Uncommon trap: reason=unstable_if action=reinterpret pc=0x00007ff1dd53301c method=java.math.BigInteger.multiplyToLen([II[II[I)[I @ 12
Event: 5.605 Thread 0x00007ff170163000 Uncommon trap: reason=unstable_if action=reinterpret pc=0x00007ff1dd55dfc4 method=java.math.MutableBigInteger.normalize()V @ 40
Event: 5.613 Thread 0x00007ff170163000 Uncommon trap: reason=unstable_if action=reinterpret pc=0x00007ff1dd561628 method=java.math.BigInteger.multiplyByInt([III)Ljava/math/BigInteger; @ 5
Event: 5.613 Thread 0x00007ff170163000 Uncommon trap: reason=unstable_if action=reinterpret pc=0x00007ff1dd56208c method=java.math.BigInteger.shiftRightImpl(I)Ljava/math/BigInteger; @ 83
Event: 5.634 Thread 0x00007ff170163000 Uncommon trap: reason=unstable_if action=reinterpret pc=0x00007ff1dd577c3c method=java.math.MutableBigInteger.normalize()V @ 40
Event: 5.634 Thread 0x00007ff170163000 Uncommon trap: reason=unstable_if action=reinterpret pc=0x00007ff1dd564d8c method=java.math.MutableBigInteger.getLowestSetBit()I @ 17
Event: 5.637 Thread 0x00007ff170163000 Uncommon trap: reason=unstable_if action=reinterpret pc=0x00007ff1dd57a734 method=java.math.MutableBigInteger.compare(Ljava/math/MutableBigInteger;)I @ 90
Event: 5.666 Thread 0x00007ff170163000 Uncommon trap: reason=unstable_if action=reinterpret pc=0x00007ff1dd2ebc24 method=com.sun.javafx.image.impl.ByteBgra$ToByteBgraPreConv.doConvert([BII[BIIII)V @ 31
Event: 5.667 Thread 0x00007ff170163000 Uncommon trap: reason=unstable_if action=reinterpret pc=0x00007ff1dd2eccc4 method=com.sun.javafx.image.impl.BaseByteToByteConverter$FourByteReorderer.doConvert([BII[BIIII)V @ 31

Classes redefined (0 events):
No events

Internal exceptions (10 events):
Event: 0.334 Thread 0x00007ff170163000 Exception <a 'java/lang/NullPointerException'> (0x000000076d619b70) thrown at [/home/build/YPKG/root/openjdk-8/build/jdk8u-jdk8u172-b00/hotspot/src/share/vm/interpreter/linkResolver.cpp, line 1185]
Event: 0.334 Thread 0x00007ff170163000 Exception <a 'java/lang/NullPointerException'> (0x000000076d619b70) thrown at [/home/build/YPKG/root/openjdk-8/build/jdk8u-jdk8u172-b00/hotspot/src/share/vm/prims/jvm.cpp, line 1394]
Event: 0.396 Thread 0x00007ff170163000 Exception <a 'java/lang/ArrayIndexOutOfBoundsException': 58> (0x000000076db23fa0) thrown at [/home/build/YPKG/root/openjdk-8/build/jdk8u-jdk8u172-b00/hotspot/src/share/vm/interpreter/interpreterRuntime.cpp, line 366]
Event: 0.396 Thread 0x00007ff170163000 Exception <a 'java/lang/ArrayIndexOutOfBoundsException': 18> (0x000000076db24c40) thrown at [/home/build/YPKG/root/openjdk-8/build/jdk8u-jdk8u172-b00/hotspot/src/share/vm/interpreter/interpreterRuntime.cpp, line 366]
Event: 0.396 Thread 0x00007ff170163000 Exception <a 'java/lang/ArrayIndexOutOfBoundsException': 86> (0x000000076db25fe8) thrown at [/home/build/YPKG/root/openjdk-8/build/jdk8u-jdk8u172-b00/hotspot/src/share/vm/interpreter/interpreterRuntime.cpp, line 366]
Event: 0.426 Thread 0x00007ff170163000 Exception <a 'java/lang/ArrayIndexOutOfBoundsException'> (0x000000076dca1ef0) thrown at [/home/build/YPKG/root/openjdk-8/build/jdk8u-jdk8u172-b00/hotspot/src/share/vm/runtime/sharedRuntime.cpp, line 605]
Event: 0.430 Thread 0x00007ff170163000 Exception <a 'java/lang/ArrayIndexOutOfBoundsException'> (0x000000076dcba150) thrown at [/home/build/YPKG/root/openjdk-8/build/jdk8u-jdk8u172-b00/hotspot/src/share/vm/runtime/sharedRuntime.cpp, line 605]
Event: 0.534 Thread 0x00007ff170163000 Exception <a 'java/io/FileNotFoundException'> (0x000000076e3046e0) thrown at [/home/build/YPKG/root/openjdk-8/build/jdk8u-jdk8u172-b00/hotspot/src/share/vm/prims/jni.cpp, line 709]
Event: 5.581 Thread 0x00007ff170163000 Implicit null exception at 0x00007ff1dd532a88 to 0x00007ff1dd532fe3
Event: 5.672 Thread 0x00007ff170163000 Exception <a 'java/io/FileNotFoundException'> (0x000000076ffb9c58) thrown at [/home/build/YPKG/root/openjdk-8/build/jdk8u-jdk8u172-b00/hotspot/src/share/vm/prims/jni.cpp, line 709]

Events (10 events):
Event: 5.708 Thread 0x00007ff170163000 DEOPT PACKING pc=0x00007ff1dd41c03b sp=0x00007ff1cc789cd0
Event: 5.708 Thread 0x00007ff170163000 DEOPT UNPACKING pc=0x00007ff1dd0474c4 sp=0x00007ff1cc789a38 mode 0
Event: 5.708 Thread 0x00007ff170163000 DEOPT PACKING pc=0x00007ff1dd41c03b sp=0x00007ff1cc789cd0
Event: 5.708 Thread 0x00007ff170163000 DEOPT UNPACKING pc=0x00007ff1dd0474c4 sp=0x00007ff1cc789a38 mode 0
Event: 5.709 Thread 0x00007ff170163000 DEOPT PACKING pc=0x00007ff1dd41c0b4 sp=0x00007ff1cc789cd0
Event: 5.709 Thread 0x00007ff170163000 DEOPT UNPACKING pc=0x00007ff1dd0474c4 sp=0x00007ff1cc7899c8 mode 0
Event: 5.709 Thread 0x00007ff170163000 DEOPT PACKING pc=0x00007ff1dd41c03b sp=0x00007ff1cc789cd0
Event: 5.709 Thread 0x00007ff170163000 DEOPT UNPACKING pc=0x00007ff1dd0474c4 sp=0x00007ff1cc789a38 mode 0
Event: 5.709 Thread 0x00007ff170163000 DEOPT PACKING pc=0x00007ff1dd41c03b sp=0x00007ff1cc789cd0
Event: 5.709 Thread 0x00007ff170163000 DEOPT UNPACKING pc=0x00007ff1dd0474c4 sp=0x00007ff1cc789a38 mode 0


Dynamic libraries:
00400000-00401000 r-xp 00000000 08:02 8931371                            /usr/lib64/openjdk-8/bin/java
00401000-00402000 r--p 00000000 08:02 8931371                            /usr/lib64/openjdk-8/bin/java
00402000-00403000 rw-p 00001000 08:02 8931371                            /usr/lib64/openjdk-8/bin/java
005b7000-005d8000 rw-p 00000000 00:00 0                                  [heap]
40131000-40133000 r-xs 00000000 00:26 146681                             /tmp/.glnsfn9p (deleted)
41302000-413a3000 rw-p 00000000 00:00 0 
6c5200000-6cfa00000 rw-p 00000000 00:00 0 
6cfa00000-76c600000 ---p 00000000 00:00 0 
76c600000-771a00000 rw-p 00000000 00:00 0 
771a00000-7c0000000 ---p 00000000 00:00 0 
7c0000000-7c02c0000 rw-p 00000000 00:00 0 
7c02c0000-800000000 ---p 00000000 00:00 0 
7ff160000000-7ff160021000 rw-p 00000000 00:00 0 
7ff160021000-7ff164000000 ---p 00000000 00:00 0 
7ff168000000-7ff168021000 rw-p 00000000 00:00 0 
7ff168021000-7ff16c000000 ---p 00000000 00:00 0 
7ff16c000000-7ff16c3e0000 rw-p 00000000 00:00 0 
7ff16c3e0000-7ff170000000 ---p 00000000 00:00 0 
7ff170000000-7ff170168000 rw-p 00000000 00:00 0 
7ff170168000-7ff174000000 ---p 00000000 00:00 0 
7ff174000000-7ff174718000 rw-p 00000000 00:00 0 
7ff174718000-7ff178000000 ---p 00000000 00:00 0 
7ff178000000-7ff178021000 rw-p 00000000 00:00 0 
7ff178021000-7ff17c000000 ---p 00000000 00:00 0 
7ff17c000000-7ff17c021000 rw-p 00000000 00:00 0 
7ff17c021000-7ff180000000 ---p 00000000 00:00 0 
7ff180000000-7ff18024c000 rw-p 00000000 00:00 0 
7ff18024c000-7ff184000000 ---p 00000000 00:00 0 
7ff184000000-7ff184363000 rw-p 00000000 00:00 0 
7ff184363000-7ff188000000 ---p 00000000 00:00 0 
7ff188000000-7ff188307000 rw-p 00000000 00:00 0 
7ff188307000-7ff18c000000 ---p 00000000 00:00 0 
7ff18c000000-7ff18c319000 rw-p 00000000 00:00 0 
7ff18c319000-7ff190000000 ---p 00000000 00:00 0 
7ff190000000-7ff190021000 rw-p 00000000 00:00 0 
7ff190021000-7ff194000000 ---p 00000000 00:00 0 
7ff1946e9000-7ff19c000000 r--p 00000000 08:02 8143630                    /usr/lib64/locale/locale-archive
7ff19c000000-7ff19c021000 rw-p 00000000 00:00 0 
7ff19c021000-7ff1a0000000 ---p 00000000 00:00 0 
7ff1a0000000-7ff1a0021000 rw-p 00000000 00:00 0 
7ff1a0021000-7ff1a4000000 ---p 00000000 00:00 0 
7ff1a4000000-7ff1a4021000 rw-p 00000000 00:00 0 
7ff1a4021000-7ff1a8000000 ---p 00000000 00:00 0 
7ff1a8290000-7ff1b0000000 rw-p 00000000 00:00 0 
7ff1b0000000-7ff1b0021000 rw-p 00000000 00:00 0 
7ff1b0021000-7ff1b4000000 ---p 00000000 00:00 0 
7ff1b4000000-7ff1b4021000 rw-p 00000000 00:00 0 
7ff1b4021000-7ff1b8000000 ---p 00000000 00:00 0 
7ff1b8000000-7ff1b8021000 rw-p 00000000 00:00 0 
7ff1b8021000-7ff1bc000000 ---p 00000000 00:00 0 
7ff1bec1e000-7ff1bee1e000 rw-s 00000000 00:06 15792                      /dev/nvidiactl
7ff1bee1e000-7ff1bf01e000 rw-s 00000000 00:06 15792                      /dev/nvidiactl
7ff1bf01e000-7ff1bf81f000 rw-p 00000000 00:00 0 
7ff1bf81f000-7ff1bf87f000 rw-s 00000000 00:05 2129936                    /SYSV00000000 (deleted)
7ff1bf87f000-7ff1bf892000 r--s 00346000 08:02 9443785                    /usr/lib64/openjdk-8/jre/lib/resources.jar
7ff1bf892000-7ff1bfa92000 rw-p 00000000 00:00 0 
7ff1bfa92000-7ff1bfc92000 rw-p 00000000 00:00 0 
7ff1bfc92000-7ff1bfc95000 ---p 00000000 00:00 0 
7ff1bfc95000-7ff1bfd93000 rw-p 00000000 00:00 0 
7ff1bfd93000-7ff1bfdde000 r--p 00000000 08:02 8129479                    /usr/share/fonts/truetype/clear-sans/ClearSans-Regular.ttf
7ff1bfdde000-7ff1bfde3000 r--s 0009a000 08:02 9443777                    /usr/lib64/openjdk-8/jre/lib/jsse.jar
7ff1bfde3000-7ff1bfde5000 r--s 00000000 08:02 3017367                    /var/cache/fontconfig/8329386d-41c4-49aa-a020-8260b826bbac-le64.cache-7
7ff1bfde5000-7ff1bfde6000 r--s 00000000 08:02 3017365                    /var/cache/fontconfig/2efe4aea-84dc-4c72-a1bd-13c645fe5e1d-le64.cache-7
7ff1bfde6000-7ff1bfde7000 r--s 00000000 08:02 3017364                    /var/cache/fontconfig/494cf466-58de-4ac1-bbb0-822a7c95bfc3-le64.cache-7
7ff1bfde7000-7ff1bfde9000 r--s 00000000 08:02 3017363                    /var/cache/fontconfig/67a4a23e-b358-4a50-9549-8a4cadc176fc-le64.cache-7
7ff1bfde9000-7ff1bfded000 r--s 00000000 08:02 3017362                    /var/cache/fontconfig/553b51ed-68e1-403c-bd4b-21c48886d8b5-le64.cache-7
7ff1bfded000-7ff1bfdf1000 r--s 00000000 08:02 3017360                    /var/cache/fontconfig/0d86c606-821c-47cf-85e3-9de277489f74-le64.cache-7
7ff1bfdf1000-7ff1bfdf4000 r--s 00000000 08:02 3017359                    /var/cache/fontconfig/6192b13e-b457-40e1-a78a-973ccacec1bd-le64.cache-7
7ff1bfdf4000-7ff1bfdfa000 r--s 00000000 08:02 3017358                    /var/cache/fontconfig/264e2381-d2d7-49ee-b2fe-aef97f26ba5a-le64.cache-7
7ff1bfdfa000-7ff1bfdff000 r-xp 00000000 08:02 9569221                    /usr/lib64/openjdk-8/jre/lib/amd64/libjavafx_font_freetype.so
7ff1bfdff000-7ff1bfffe000 ---p 00005000 08:02 9569221                    /usr/lib64/openjdk-8/jre/lib/amd64/libjavafx_font_freetype.so
7ff1bfffe000-7ff1bffff000 r--p 00004000 08:02 9569221                    /usr/lib64/openjdk-8/jre/lib/amd64/libjavafx_font_freetype.so
7ff1bffff000-7ff1c0000000 rw-p 00005000 08:02 9569221                    /usr/lib64/openjdk-8/jre/lib/amd64/libjavafx_font_freetype.so
7ff1c0000000-7ff1c0021000 rw-p 00000000 00:00 0 
7ff1c0021000-7ff1c4000000 ---p 00000000 00:00 0 
7ff1c4000000-7ff1c4021000 rw-p 00000000 00:00 0 
7ff1c4021000-7ff1c8000000 ---p 00000000 00:00 0 
7ff1c8000000-7ff1c8021000 rw-p 00000000 00:00 0 
7ff1c8021000-7ff1cc000000 ---p 00000000 00:00 0 
7ff1cc000000-7ff1cc004000 r--s 00000000 08:02 3017357                    /var/cache/fontconfig/46290966-1be0-4048-ac2a-000fdc39e8d2-le64.cache-7
7ff1cc004000-7ff1cc01a000 r--s 00000000 08:02 3017356                    /var/cache/fontconfig/f04ee889-9569-41b0-acb8-14148d20c49d-le64.cache-7
7ff1cc01a000-7ff1cc022000 r--s 00000000 08:02 3017352                    /var/cache/fontconfig/b3593223-08d8-4e96-9dd0-b551011059ce-le64.cache-7
7ff1cc022000-7ff1cc04d000 r--s 00000000 08:02 3017351                    /var/cache/fontconfig/caae45fe-e05f-4968-b3e8-2de6a9396b6a-le64.cache-7
7ff1cc04d000-7ff1cc04f000 r--s 00000000 08:02 3017350                    /var/cache/fontconfig/4ab2c26d-5100-4149-a550-f3c951550da3-le64.cache-7
7ff1cc04f000-7ff1cc054000 r--s 00000000 08:02 3017346                    /var/cache/fontconfig/9341906e-6b3e-428b-88a1-0da61790c100-le64.cache-7
7ff1cc054000-7ff1cc060000 r--s 00000000 08:02 3017345                    /var/cache/fontconfig/55805523-4740-4ec0-ba8c-6188952fbadd-le64.cache-7
7ff1cc060000-7ff1cc064000 r--s 00000000 08:02 3014909                    /var/cache/fontconfig/f45924dd-5c58-4f53-a8e9-56296a9667a9-le64.cache-7
7ff1cc064000-7ff1cc07f000 r--s 00394000 08:02 11145580                   /usr/lib64/openjdk-8/jre/lib/ext/cldrdata.jar
7ff1cc07f000-7ff1cc089000 r--s 00116000 08:02 11145583                   /usr/lib64/openjdk-8/jre/lib/ext/localedata.jar
7ff1cc089000-7ff1cc289000 rw-p 00000000 00:00 0 
7ff1cc289000-7ff1cc28c000 r-xp 00000000 08:02 9569220                    /usr/lib64/openjdk-8/jre/lib/amd64/libjavafx_font.so
7ff1cc28c000-7ff1cc48b000 ---p 00003000 08:02 9569220                    /usr/lib64/openjdk-8/jre/lib/amd64/libjavafx_font.so
7ff1cc48b000-7ff1cc48c000 r--p 00002000 08:02 9569220                    /usr/lib64/openjdk-8/jre/lib/amd64/libjavafx_font.so
7ff1cc48c000-7ff1cc48d000 rw-p 00003000 08:02 9569220                    /usr/lib64/openjdk-8/jre/lib/amd64/libjavafx_font.so
7ff1cc48d000-7ff1cc68d000 rw-p 00000000 00:00 0 
7ff1cc68d000-7ff1cc690000 ---p 00000000 00:00 0 
7ff1cc690000-7ff1cc78e000 rw-p 00000000 00:00 0 
7ff1cc78e000-7ff1cc791000 ---p 00000000 00:00 0 
7ff1cc791000-7ff1cc88f000 rw-p 00000000 00:00 0 
7ff1cc88f000-7ff1cc8b8000 r-xp 00000000 08:02 7740729                    /usr/lib64/libmvec-2.27.so
7ff1cc8b8000-7ff1cc8b9000 ---p 00029000 08:02 7740729                    /usr/lib64/libmvec-2.27.so
7ff1cc8b9000-7ff1cc8ba000 r--p 00029000 08:02 7740729                    /usr/lib64/libmvec-2.27.so
7ff1cc8ba000-7ff1cc8bb000 rw-p 0002a000 08:02 7740729                    /usr/lib64/libmvec-2.27.so
7ff1cc8bb000-7ff1cc8c9000 r-xp 00000000 08:02 7749560                    /usr/lib64/libogg.so.0.8.3
7ff1cc8c9000-7ff1cc8ca000 r--p 0000d000 08:02 7749560                    /usr/lib64/libogg.so.0.8.3
7ff1cc8ca000-7ff1cc8cb000 rw-p 0000e000 08:02 7749560                    /usr/lib64/libogg.so.0.8.3
7ff1cc8cb000-7ff1cc90f000 r-xp 00000000 08:02 7738991                    /usr/lib64/libvorbis.so.0.4.8
7ff1cc90f000-7ff1cc910000 r--p 00043000 08:02 7738991                    /usr/lib64/libvorbis.so.0.4.8
7ff1cc910000-7ff1cc911000 rw-p 00044000 08:02 7738991                    /usr/lib64/libvorbis.so.0.4.8
7ff1cc911000-7ff1cc91a000 r-xp 00000000 08:02 7750070                    /usr/lib64/libltdl.so.7.3.1
7ff1cc91a000-7ff1cc91b000 r--p 00008000 08:02 7750070                    /usr/lib64/libltdl.so.7.3.1
7ff1cc91b000-7ff1cc91c000 rw-p 00009000 08:02 7750070                    /usr/lib64/libltdl.so.7.3.1
7ff1cc91c000-7ff1cc94b000 r-xp 00000000 08:02 8008596                    /usr/lib64/gtk-2.0/2.10.0/engines/libmurrine.so
7ff1cc94b000-7ff1ccb4b000 ---p 0002f000 08:02 8008596                    /usr/lib64/gtk-2.0/2.10.0/engines/libmurrine.so
7ff1ccb4b000-7ff1ccb4c000 r--p 0002f000 08:02 8008596                    /usr/lib64/gtk-2.0/2.10.0/engines/libmurrine.so
7ff1ccb4c000-7ff1ccb4d000 rw-p 00030000 08:02 8008596                    /usr/lib64/gtk-2.0/2.10.0/engines/libmurrine.so
7ff1ccb4d000-7ff1ccb6c000 r-xp 00000000 08:02 7740056                    /usr/lib64/libgpg-error.so.0.24.2
7ff1ccb6c000-7ff1ccb6d000 r--p 0001e000 08:02 7740056                    /usr/lib64/libgpg-error.so.0.24.2
7ff1ccb6d000-7ff1ccb6e000 rw-p 0001f000 08:02 7740056                    /usr/lib64/libgpg-error.so.0.24.2
7ff1ccb6e000-7ff1ccc66000 r-xp 00000000 08:02 7741721                    /usr/lib64/libgcrypt.so.20.2.2
7ff1ccc66000-7ff1ccc68000 r--p 000f7000 08:02 7741721                    /usr/lib64/libgcrypt.so.20.2.2
7ff1ccc68000-7ff1ccc6d000 rw-p 000f9000 08:02 7741721                    /usr/lib64/libgcrypt.so.20.2.2
7ff1ccc6d000-7ff1ccc6e000 rw-p 00000000 00:00 0 
7ff1ccc6e000-7ff1ccc99000 r-xp 00000000 08:02 7739453                    /usr/lib64/liblzma.so.5.2.4
7ff1ccc99000-7ff1ccc9a000 r--p 0002a000 08:02 7739453                    /usr/lib64/liblzma.so.5.2.4
7ff1ccc9a000-7ff1ccc9b000 rw-p 0002b000 08:02 7739453                    /usr/lib64/liblzma.so.5.2.4
7ff1ccc9b000-7ff1ccd08000 r-xp 00000000 08:02 7741899                    /usr/lib64/libsystemd.so.0.22.0
7ff1ccd08000-7ff1ccd09000 ---p 0006d000 08:02 7741899                    /usr/lib64/libsystemd.so.0.22.0
7ff1ccd09000-7ff1ccd0c000 r--p 0006d000 08:02 7741899                    /usr/lib64/libsystemd.so.0.22.0
7ff1ccd0c000-7ff1ccd0d000 rw-p 00070000 08:02 7741899                    /usr/lib64/libsystemd.so.0.22.0
7ff1ccd0d000-7ff1ccd0e000 rw-p 00000000 00:00 0 
7ff1ccd0e000-7ff1ccd3b000 r-xp 00000000 08:02 7739140                    /usr/lib64/libatspi.so.0.0.1
7ff1ccd3b000-7ff1ccd3c000 ---p 0002d000 08:02 7739140                    /usr/lib64/libatspi.so.0.0.1
7ff1ccd3c000-7ff1ccd3f000 r--p 0002d000 08:02 7739140                    /usr/lib64/libatspi.so.0.0.1
7ff1ccd3f000-7ff1ccd40000 rw-p 00030000 08:02 7739140                    /usr/lib64/libatspi.so.0.0.1
7ff1ccd40000-7ff1ccd7d000 r-xp 00000000 08:02 7749219                    /usr/lib64/libdbus-1.so.3.14.14
7ff1ccd7d000-7ff1ccd7e000 ---p 0003d000 08:02 7749219                    /usr/lib64/libdbus-1.so.3.14.14
7ff1ccd7e000-7ff1ccd7f000 r--p 0003d000 08:02 7749219                    /usr/lib64/libdbus-1.so.3.14.14
7ff1ccd7f000-7ff1ccd80000 rw-p 0003e000 08:02 7749219                    /usr/lib64/libdbus-1.so.3.14.14
7ff1ccd80000-7ff1ccdae000 r-xp 00000000 08:02 7739141                    /usr/lib64/libatk-bridge-2.0.so.0.0.0
7ff1ccdae000-7ff1ccdaf000 ---p 0002e000 08:02 7739141                    /usr/lib64/libatk-bridge-2.0.so.0.0.0
7ff1ccdaf000-7ff1ccdb0000 r--p 0002e000 08:02 7739141                    /usr/lib64/libatk-bridge-2.0.so.0.0.0
7ff1ccdb0000-7ff1ccdb1000 rw-p 0002f000 08:02 7739141                    /usr/lib64/libatk-bridge-2.0.so.0.0.0
7ff1ccdb1000-7ff1ccdb2000 rw-p 00000000 00:00 0 
7ff1ccdb2000-7ff1ccdb8000 r--s 0005b000 08:02 11939207                   /home/marcel/.gradle/caches/modules-2/files-2.1/org.jsoup/jsoup/1.11.3/36da09a8f68484523fa2aaa100399d612b247d67/jsoup-1.11.3.jar
7ff1ccdb8000-7ff1ccdc7000 r-xp 00000000 08:02 7739476                    /usr/lib64/libvorbisfile.so.3.3.7
7ff1ccdc7000-7ff1ccdc8000 ---p 0000f000 08:02 7739476                    /usr/lib64/libvorbisfile.so.3.3.7
7ff1ccdc8000-7ff1ccdc9000 r--p 0000f000 08:02 7739476                    /usr/lib64/libvorbisfile.so.3.3.7
7ff1ccdc9000-7ff1ccdca000 rw-p 00010000 08:02 7739476                    /usr/lib64/libvorbisfile.so.3.3.7
7ff1ccdca000-7ff1ccdd9000 r-xp 00000000 08:02 7738750                    /usr/lib64/libcanberra.so.0.2.5
7ff1ccdd9000-7ff1ccdda000 r--p 0000e000 08:02 7738750                    /usr/lib64/libcanberra.so.0.2.5
7ff1ccdda000-7ff1ccddb000 rw-p 0000f000 08:02 7738750                    /usr/lib64/libcanberra.so.0.2.5
7ff1ccddb000-7ff1cce2a000 r-xp 00000000 08:02 7996195                    /usr/lib64/gtk-2.0/modules/libgail.so
7ff1cce2a000-7ff1cce2c000 r--p 0004e000 08:02 7996195                    /usr/lib64/gtk-2.0/modules/libgail.so
7ff1cce2c000-7ff1cce2d000 rw-p 00050000 08:02 7996195                    /usr/lib64/gtk-2.0/modules/libgail.so
7ff1cce2d000-7ff1cce57000 r-xp 00000000 08:02 7748885                    /usr/lib64/libgraphite2.so.3.0.1
7ff1cce57000-7ff1cce59000 r--p 00029000 08:02 7748885                    /usr/lib64/libgraphite2.so.3.0.1
7ff1cce59000-7ff1cce5a000 rw-p 0002b000 08:02 7748885                    /usr/lib64/libgraphite2.so.3.0.1
7ff1cce5a000-7ff1cce77000 r-xp 00000000 08:02 7748719                    /usr/lib64/libbz2.so.1.0.6
7ff1cce77000-7ff1cd076000 ---p 0001d000 08:02 7748719                    /usr/lib64/libbz2.so.1.0.6
7ff1cd076000-7ff1cd077000 r--p 0001c000 08:02 7748719                    /usr/lib64/libbz2.so.1.0.6
7ff1cd077000-7ff1cd078000 rw-p 0001d000 08:02 7748719                    /usr/lib64/libbz2.so.1.0.6
7ff1cd078000-7ff1cd0c1000 r-xp 00000000 08:02 7749350                    /usr/lib64/libblkid.so.1.1.0
7ff1cd0c1000-7ff1cd0c6000 r--p 00048000 08:02 7749350                    /usr/lib64/libblkid.so.1.1.0
7ff1cd0c6000-7ff1cd0c7000 rw-p 0004d000 08:02 7749350                    /usr/lib64/libblkid.so.1.1.0
7ff1cd0c7000-7ff1cd0c8000 rw-p 00000000 00:00 0 
7ff1cd0c8000-7ff1cd0ce000 r-xp 00000000 08:02 7749442                    /usr/lib64/libuuid.so.1.3.0
7ff1cd0ce000-7ff1cd0cf000 r--p 00005000 08:02 7749442                    /usr/lib64/libuuid.so.1.3.0
7ff1cd0cf000-7ff1cd0d0000 rw-p 00006000 08:02 7749442                    /usr/lib64/libuuid.so.1.3.0
7ff1cd0d0000-7ff1cd0f8000 r-xp 00000000 08:02 7749299                    /usr/lib64/libexpat.so.1.6.7
7ff1cd0f8000-7ff1cd0f9000 ---p 00028000 08:02 7749299                    /usr/lib64/libexpat.so.1.6.7
7ff1cd0f9000-7ff1cd0fb000 r--p 00028000 08:02 7749299                    /usr/lib64/libexpat.so.1.6.7
7ff1cd0fb000-7ff1cd0fc000 rw-p 0002a000 08:02 7749299                    /usr/lib64/libexpat.so.1.6.7
7ff1cd0fc000-7ff1cd117000 r-xp 00000000 08:02 7750537                    /usr/lib64/libfribidi.so.0.4.0
7ff1cd117000-7ff1cd118000 r--p 0001a000 08:02 7750537                    /usr/lib64/libfribidi.so.0.4.0
7ff1cd118000-7ff1cd119000 rw-p 0001b000 08:02 7750537                    /usr/lib64/libfribidi.so.0.4.0
7ff1cd119000-7ff1cd1c2000 r-xp 00000000 08:02 7739130                    /usr/lib64/libharfbuzz.so.0.10705.0
7ff1cd1c2000-7ff1cd1c4000 r--p 000a8000 08:02 7739130                    /usr/lib64/libharfbuzz.so.0.10705.0
7ff1cd1c4000-7ff1cd1c5000 rw-p 000aa000 08:02 7739130                    /usr/lib64/libharfbuzz.so.0.10705.0
7ff1cd1c5000-7ff1cd23b000 r-xp 00000000 08:02 7741909                    /usr/lib64/libpcre.so.1.2.10
7ff1cd23b000-7ff1cd23c000 r--p 00075000 08:02 7741909                    /usr/lib64/libpcre.so.1.2.10
7ff1cd23c000-7ff1cd23d000 rw-p 00076000 08:02 7741909                    /usr/lib64/libpcre.so.1.2.10
7ff1cd23d000-7ff1cd244000 r-xp 00000000 08:02 7749245                    /usr/lib64/libffi.so.6.0.4
7ff1cd244000-7ff1cd245000 ---p 00007000 08:02 7749245                    /usr/lib64/libffi.so.6.0.4
7ff1cd245000-7ff1cd246000 r--p 00007000 08:02 7749245                    /usr/lib64/libffi.so.6.0.4
7ff1cd246000-7ff1cd247000 rw-p 00008000 08:02 7749245                    /usr/lib64/libffi.so.6.0.4
7ff1cd247000-7ff1cd254000 r-xp 00000000 08:02 7750316                    /usr/lib64/libxcb-render.so.0.0.0
7ff1cd254000-7ff1cd255000 r--p 0000c000 08:02 7750316                    /usr/lib64/libxcb-render.so.0.0.0
7ff1cd255000-7ff1cd256000 rw-p 0000d000 08:02 7750316                    /usr/lib64/libxcb-render.so.0.0.0
7ff1cd256000-7ff1cd258000 r-xp 00000000 08:02 7750318                    /usr/lib64/libxcb-shm.so.0.0.0
7ff1cd258000-7ff1cd259000 ---p 00002000 08:02 7750318                    /usr/lib64/libxcb-shm.so.0.0.0
7ff1cd259000-7ff1cd25a000 r--p 00002000 08:02 7750318                    /usr/lib64/libxcb-shm.so.0.0.0
7ff1cd25a000-7ff1cd25b000 rw-p 00003000 08:02 7750318                    /usr/lib64/libxcb-shm.so.0.0.0
7ff1cd25b000-7ff1cd2a5000 r-xp 00000000 08:02 7741882                    /usr/lib64/libpng16.so.16.34.0
7ff1cd2a5000-7ff1cd2a6000 r--p 00049000 08:02 7741882                    /usr/lib64/libpng16.so.16.34.0
7ff1cd2a6000-7ff1cd2a7000 rw-p 0004a000 08:02 7741882                    /usr/lib64/libpng16.so.16.34.0
7ff1cd2a7000-7ff1cd2be000 r-xp 00000000 08:02 7750347                    /usr/lib64/libEGL.so.1.0.0
7ff1cd2be000-7ff1cd2bf000 ---p 00017000 08:02 7750347                    /usr/lib64/libEGL.so.1.0.0
7ff1cd2bf000-7ff1cd2c0000 r--p 00017000 08:02 7750347                    /usr/lib64/libEGL.so.1.0.0
7ff1cd2c0000-7ff1cd2c1000 rw-p 00018000 08:02 7750347                    /usr/lib64/libEGL.so.1.0.0
7ff1cd2c1000-7ff1cd3aa000 r-xp 00000000 08:02 7741878                    /usr/lib64/libfreetype.so.6.14.0
7ff1cd3aa000-7ff1cd3ab000 ---p 000e9000 08:02 7741878                    /usr/lib64/libfreetype.so.6.14.0
7ff1cd3ab000-7ff1cd3b2000 r--p 000e9000 08:02 7741878                    /usr/lib64/libfreetype.so.6.14.0
7ff1cd3b2000-7ff1cd3b3000 rw-p 000f0000 08:02 7741878                    /usr/lib64/libfreetype.so.6.14.0
7ff1cd3b3000-7ff1cd499000 r-xp 00000000 08:02 7748826                    /usr/lib64/libpixman-1.so.0.34.0
7ff1cd499000-7ff1cd699000 ---p 000e6000 08:02 7748826                    /usr/lib64/libpixman-1.so.0.34.0
7ff1cd699000-7ff1cd6a1000 r--p 000e6000 08:02 7748826                    /usr/lib64/libpixman-1.so.0.34.0
7ff1cd6a1000-7ff1cd6a2000 rw-p 000ee000 08:02 7748826                    /usr/lib64/libpixman-1.so.0.34.0
7ff1cd6a2000-7ff1cd6f4000 r-xp 00000000 08:02 7749388                    /usr/lib64/libmount.so.1.1.0
7ff1cd6f4000-7ff1cd6f5000 ---p 00052000 08:02 7749388                    /usr/lib64/libmount.so.1.1.0
7ff1cd6f5000-7ff1cd6f7000 r--p 00052000 08:02 7749388                    /usr/lib64/libmount.so.1.1.0
7ff1cd6f7000-7ff1cd6f8000 rw-p 00054000 08:02 7749388                    /usr/lib64/libmount.so.1.1.0
7ff1cd6f8000-7ff1cd6f9000 rw-p 00000000 00:00 0 
7ff1cd6f9000-7ff1cd710000 r-xp 00000000 08:02 7740865                    /usr/lib64/libresolv-2.27.so
7ff1cd710000-7ff1cd711000 r--p 00016000 08:02 7740865                    /usr/lib64/libresolv-2.27.so
7ff1cd711000-7ff1cd712000 rw-p 00017000 08:02 7740865                    /usr/lib64/libresolv-2.27.so
7ff1cd712000-7ff1cd714000 rw-p 00000000 00:00 0 
7ff1cd714000-7ff1cd716000 r-xp 00000000 08:02 7749407                    /usr/lib64/libXdamage.so.1.1.0
7ff1cd716000-7ff1cd717000 r--p 00001000 08:02 7749407                    /usr/lib64/libXdamage.so.1.1.0
7ff1cd717000-7ff1cd718000 rw-p 00002000 08:02 7749407                    /usr/lib64/libXdamage.so.1.1.0
7ff1cd718000-7ff1cd71a000 r-xp 00000000 08:02 7750479                    /usr/lib64/libXcomposite.so.1.0.0
7ff1cd71a000-7ff1cd71b000 r--p 00001000 08:02 7750479                    /usr/lib64/libXcomposite.so.1.0.0
7ff1cd71b000-7ff1cd71c000 rw-p 00002000 08:02 7750479                    /usr/lib64/libXcomposite.so.1.0.0
7ff1cd71c000-7ff1cd75d000 r-xp 00000000 08:02 7741880                    /usr/lib64/libfontconfig.so.1.11.1
7ff1cd75d000-7ff1cd75f000 r--p 00040000 08:02 7741880                    /usr/lib64/libfontconfig.so.1.11.1
7ff1cd75f000-7ff1cd760000 rw-p 00042000 08:02 7741880                    /usr/lib64/libfontconfig.so.1.11.1
7ff1cd760000-7ff1cd7b3000 r-xp 00000000 08:02 7739133                    /usr/lib64/libpango-1.0.so.0.4200.1
7ff1cd7b3000-7ff1cd7b6000 r--p 00052000 08:02 7739133                    /usr/lib64/libpango-1.0.so.0.4200.1
7ff1cd7b6000-7ff1cd7b7000 rw-p 00055000 08:02 7739133                    /usr/lib64/libpango-1.0.so.0.4200.1
7ff1cd7b7000-7ff1cd939000 r-xp 00000000 08:02 7740057                    /usr/lib64/libstdc++.so.6.0.24
7ff1cd939000-7ff1cdb39000 ---p 00182000 08:02 7740057                    /usr/lib64/libstdc++.so.6.0.24
7ff1cdb39000-7ff1cdb43000 r--p 00182000 08:02 7740057                    /usr/lib64/libstdc++.so.6.0.24
7ff1cdb43000-7ff1cdb45000 rw-p 0018c000 08:02 7740057                    /usr/lib64/libstdc++.so.6.0.24
7ff1cdb45000-7ff1cdb48000 rw-p 00000000 00:00 0 
7ff1cdb48000-7ff1cdc5c000 r-xp 00000000 08:02 7739102                    /usr/lib64/libglib-2.0.so.0.5600.1
7ff1cdc5c000-7ff1cdc5d000 ---p 00114000 08:02 7739102                    /usr/lib64/libglib-2.0.so.0.5600.1
7ff1cdc5d000-7ff1cdc5e000 r--p 00114000 08:02 7739102                    /usr/lib64/libglib-2.0.so.0.5600.1
7ff1cdc5e000-7ff1cdc5f000 rw-p 00115000 08:02 7739102                    /usr/lib64/libglib-2.0.so.0.5600.1
7ff1cdc5f000-7ff1cdc60000 rw-p 00000000 00:00 0 
7ff1cdc60000-7ff1cddbc000 r-xp 00000000 08:02 7742456                    /usr/lib64/libcairo.so.2.11512.0
7ff1cddbc000-7ff1cddbd000 ---p 0015c000 08:02 7742456                    /usr/lib64/libcairo.so.2.11512.0
7ff1cddbd000-7ff1cddc1000 r--p 0015c000 08:02 7742456                    /usr/lib64/libcairo.so.2.11512.0
7ff1cddc1000-7ff1cddc2000 rw-p 00160000 08:02 7742456                    /usr/lib64/libcairo.so.2.11512.0
7ff1cddc2000-7ff1cddc3000 rw-p 00000000 00:00 0 
7ff1cddc3000-7ff1ce1f1000 r-xp 00000000 08:02 7750510                    /usr/lib64/libgtk-x11-2.0.so.0.2400.31
7ff1ce1f1000-7ff1ce1f2000 ---p 0042e000 08:02 7750510                    /usr/lib64/libgtk-x11-2.0.so.0.2400.31
7ff1ce1f2000-7ff1ce1fc000 r--p 0042e000 08:02 7750510                    /usr/lib64/libgtk-x11-2.0.so.0.2400.31
7ff1ce1fc000-7ff1ce1fd000 rw-p 00438000 08:02 7750510                    /usr/lib64/libgtk-x11-2.0.so.0.2400.31
7ff1ce1fd000-7ff1ce1ff000 rw-p 00000000 00:00 0 
7ff1ce1ff000-7ff1cf61e000 r-xp 00000000 08:02 7742483                    /usr/lib64/libnvidia-glcore.so.390.59
7ff1cf61e000-7ff1cf63f000 rwxp 0141f000 08:02 7742483                    /usr/lib64/libnvidia-glcore.so.390.59
7ff1cf63f000-7ff1cfa74000 r-xp 01440000 08:02 7742483                    /usr/lib64/libnvidia-glcore.so.390.59
7ff1cfa74000-7ff1cfc73000 ---p 01875000 08:02 7742483                    /usr/lib64/libnvidia-glcore.so.390.59
7ff1cfc73000-7ff1cffe7000 rw-p 01874000 08:02 7742483                    /usr/lib64/libnvidia-glcore.so.390.59
7ff1cffe7000-7ff1d0000000 rw-p 00000000 00:00 0 
7ff1d0000000-7ff1d0021000 rw-p 00000000 00:00 0 
7ff1d0021000-7ff1d4000000 ---p 00000000 00:00 0 
7ff1d4000000-7ff1d4003000 r--s 00000000 08:02 3017347                    /var/cache/fontconfig/1138782b-f988-465b-b0a0-500c6e298b3c-le64.cache-7
7ff1d4003000-7ff1d4010000 r-xp 00000000 08:02 7750476                    /usr/lib64/libXcursor.so.1.0.2
7ff1d4010000-7ff1d4011000 r--p 0000c000 08:02 7750476                    /usr/lib64/libXcursor.so.1.0.2
7ff1d4011000-7ff1d4012000 rw-p 0000d000 08:02 7750476                    /usr/lib64/libXcursor.so.1.0.2
7ff1d4012000-7ff1d401c000 r-xp 00000000 08:02 7750211                    /usr/lib64/libXrandr.so.2.2.0
7ff1d401c000-7ff1d401d000 ---p 0000a000 08:02 7750211                    /usr/lib64/libXrandr.so.2.2.0
7ff1d401d000-7ff1d401e000 r--p 0000a000 08:02 7750211                    /usr/lib64/libXrandr.so.2.2.0
7ff1d401e000-7ff1d401f000 rw-p 0000b000 08:02 7750211                    /usr/lib64/libXrandr.so.2.2.0
7ff1d401f000-7ff1d4021000 r-xp 00000000 08:02 7749701                    /usr/lib64/libXinerama.so.1.0.0
7ff1d4021000-7ff1d4022000 r--p 00001000 08:02 7749701                    /usr/lib64/libXinerama.so.1.0.0
7ff1d4022000-7ff1d4023000 rw-p 00002000 08:02 7749701                    /usr/lib64/libXinerama.so.1.0.0
7ff1d4023000-7ff1d402d000 r-xp 00000000 08:02 7749975                    /usr/lib64/libXrender.so.1.3.0
7ff1d402d000-7ff1d402e000 r--p 00009000 08:02 7749975                    /usr/lib64/libXrender.so.1.3.0
7ff1d402e000-7ff1d402f000 rw-p 0000a000 08:02 7749975                    /usr/lib64/libXrender.so.1.3.0
7ff1d402f000-7ff1d4046000 r-xp 00000000 08:02 7739137                    /usr/lib64/libpangoft2-1.0.so.0.4200.1
7ff1d4046000-7ff1d4047000 r--p 00016000 08:02 7739137                    /usr/lib64/libpangoft2-1.0.so.0.4200.1
7ff1d4047000-7ff1d4048000 rw-p 00017000 08:02 7739137                    /usr/lib64/libpangoft2-1.0.so.0.4200.1
7ff1d4048000-7ff1d406b000 r-xp 00000000 08:02 7739126                    /usr/lib64/libatk-1.0.so.0.22810.1
7ff1d406b000-7ff1d406e000 r--p 00022000 08:02 7739126                    /usr/lib64/libatk-1.0.so.0.22810.1
7ff1d406e000-7ff1d406f000 rw-p 00025000 08:02 7739126                    /usr/lib64/libatk-1.0.so.0.22810.1
7ff1d406f000-7ff1d4074000 r-xp 00000000 08:02 7750269                    /usr/lib64/libXfixes.so.3.1.0
7ff1d4074000-7ff1d4075000 r--p 00004000 08:02 7750269                    /usr/lib64/libXfixes.so.3.1.0
7ff1d4075000-7ff1d4076000 rw-p 00005000 08:02 7750269                    /usr/lib64/libXfixes.so.3.1.0
7ff1d4076000-7ff1d420a000 r-xp 00000000 08:02 7739100                    /usr/lib64/libgio-2.0.so.0.5600.1
7ff1d420a000-7ff1d4211000 r--p 00193000 08:02 7739100                    /usr/lib64/libgio-2.0.so.0.5600.1
7ff1d4211000-7ff1d4212000 rw-p 0019a000 08:02 7739100                    /usr/lib64/libgio-2.0.so.0.5600.1
7ff1d4212000-7ff1d4214000 rw-p 00000000 00:00 0 
7ff1d4214000-7ff1d423d000 r-xp 00000000 08:02 9569218                    /usr/lib64/openjdk-8/jre/lib/amd64/libglass.so
7ff1d423d000-7ff1d443d000 ---p 00029000 08:02 9569218                    /usr/lib64/openjdk-8/jre/lib/amd64/libglass.so
7ff1d443d000-7ff1d443e000 r--p 00029000 08:02 9569218                    /usr/lib64/openjdk-8/jre/lib/amd64/libglass.so
7ff1d443e000-7ff1d443f000 rw-p 0002a000 08:02 9569218                    /usr/lib64/openjdk-8/jre/lib/amd64/libglass.so
7ff1d443f000-7ff1d4440000 rw-p 00000000 00:00 0 
7ff1d4440000-7ff1d44c0000 rw-s 00000000 00:06 15792                      /dev/nvidiactl
7ff1d44c0000-7ff1d4540000 rw-s 00000000 00:06 15792                      /dev/nvidiactl
7ff1d4540000-7ff1d45c0000 rw-s 00000000 00:06 15792                      /dev/nvidiactl
7ff1d45c0000-7ff1d46c0000 rw-s 00000000 00:06 15792                      /dev/nvidiactl
7ff1d46c0000-7ff1d46d3000 rw-s 00000000 00:06 15792                      /dev/nvidiactl
7ff1d46d3000-7ff1d46e3000 rw-s 00000000 00:06 15793                      /dev/nvidia0
7ff1d46e3000-7ff1d4723000 rw-s 00000000 00:06 15792                      /dev/nvidiactl
7ff1d4723000-7ff1d4743000 rw-s 00000000 00:06 15792                      /dev/nvidiactl
7ff1d4743000-7ff1d4783000 rw-s 00000000 00:06 15792                      /dev/nvidiactl
7ff1d4783000-7ff1d47a3000 rw-s 00000000 00:06 15792                      /dev/nvidiactl
7ff1d47a3000-7ff1d47e3000 rw-s 00000000 00:06 15792                      /dev/nvidiactl
7ff1d47e3000-7ff1d48cb000 rw-p 00000000 00:00 0 
7ff1d48cb000-7ff1d48d9000 r-xp 00000000 08:02 7739135                    /usr/lib64/libpangocairo-1.0.so.0.4200.1
7ff1d48d9000-7ff1d48da000 ---p 0000e000 08:02 7739135                    /usr/lib64/libpangocairo-1.0.so.0.4200.1
7ff1d48da000-7ff1d48db000 r--p 0000e000 08:02 7739135                    /usr/lib64/libpangocairo-1.0.so.0.4200.1
7ff1d48db000-7ff1d48dc000 rw-p 0000f000 08:02 7739135                    /usr/lib64/libpangocairo-1.0.so.0.4200.1
7ff1d48dc000-7ff1d48f4000 r-xp 00000000 08:02 7741361                    /usr/lib64/libgcc_s.so.1
7ff1d48f4000-7ff1d48f5000 r--p 00017000 08:02 7741361                    /usr/lib64/libgcc_s.so.1
7ff1d48f5000-7ff1d48f6000 rw-p 00018000 08:02 7741361                    /usr/lib64/libgcc_s.so.1
7ff1d48f6000-7ff1d4948000 r-xp 00000000 08:02 7739106                    /usr/lib64/libgobject-2.0.so.0.5600.1
7ff1d4948000-7ff1d4949000 r--p 00051000 08:02 7739106                    /usr/lib64/libgobject-2.0.so.0.5600.1
7ff1d4949000-7ff1d494a000 rw-p 00052000 08:02 7739106                    /usr/lib64/libgobject-2.0.so.0.5600.1
7ff1d494a000-7ff1d4979000 r-xp 00000000 08:02 7739121                    /usr/lib64/libgdk_pixbuf-2.0.so.0.3600.12
7ff1d4979000-7ff1d497a000 r--p 0002e000 08:02 7739121                    /usr/lib64/libgdk_pixbuf-2.0.so.0.3600.12
7ff1d497a000-7ff1d497b000 rw-p 0002f000 08:02 7739121                    /usr/lib64/libgdk_pixbuf-2.0.so.0.3600.12
7ff1d497b000-7ff1d4a2d000 r-xp 00000000 08:02 7750509                    /usr/lib64/libgdk-x11-2.0.so.0.2400.31
7ff1d4a2d000-7ff1d4a32000 r--p 000b1000 08:02 7750509                    /usr/lib64/libgdk-x11-2.0.so.0.2400.31
7ff1d4a32000-7ff1d4a33000 rw-p 000b6000 08:02 7750509                    /usr/lib64/libgdk-x11-2.0.so.0.2400.31
7ff1d4a33000-7ff1d4a34000 r--s 00000000 08:02 3017354                    /var/cache/fontconfig/167d6067-00d5-4a86-a9c1-4cde11436f97-le64.cache-7
7ff1d4a34000-7ff1d4a35000 r--s 00000000 08:02 3017349                    /var/cache/fontconfig/caec5f91-2607-4313-929b-ef8e28f978fb-le64.cache-7
7ff1d4a35000-7ff1d4a36000 r--s 00001000 08:02 11939222                   /home/marcel/code/daschatre/DasChatUtil/build/libs/DasChatUtil.jar
7ff1d4a36000-7ff1d4a37000 r--s 00000000 08:02 11939218                   /home/marcel/code/daschatre/DasChatShared/build/libs/DasChatShared.jar
7ff1d4a37000-7ff1d4a39000 rw-s 00000000 00:26 146681                     /tmp/.glnsfn9p (deleted)
7ff1d4a39000-7ff1d4a3d000 r-xp 00000000 08:02 7737428                    /usr/lib64/libcanberra-gtk.so.0.1.9
7ff1d4a3d000-7ff1d4a3e000 r--p 00003000 08:02 7737428                    /usr/lib64/libcanberra-gtk.so.0.1.9
7ff1d4a3e000-7ff1d4a3f000 rw-p 00004000 08:02 7737428                    /usr/lib64/libcanberra-gtk.so.0.1.9
7ff1d4a3f000-7ff1d4a44000 r-xp 00000000 08:02 8004839                    /usr/lib64/gtk-2.0/modules/libcanberra-gtk-module.so
7ff1d4a44000-7ff1d4a45000 ---p 00005000 08:02 8004839                    /usr/lib64/gtk-2.0/modules/libcanberra-gtk-module.so
7ff1d4a45000-7ff1d4a46000 r--p 00005000 08:02 8004839                    /usr/lib64/gtk-2.0/modules/libcanberra-gtk-module.so
7ff1d4a46000-7ff1d4a47000 rw-p 00006000 08:02 8004839                    /usr/lib64/gtk-2.0/modules/libcanberra-gtk-module.so
7ff1d4a47000-7ff1d4a51000 r-xp 00000000 08:02 7996179                    /usr/lib64/gtk-2.0/2.10.0/engines/libpixmap.so
7ff1d4a51000-7ff1d4a52000 r--p 00009000 08:02 7996179                    /usr/lib64/gtk-2.0/2.10.0/engines/libpixmap.so
7ff1d4a52000-7ff1d4a53000 rw-p 0000a000 08:02 7996179                    /usr/lib64/gtk-2.0/2.10.0/engines/libpixmap.so
7ff1d4a53000-7ff1d4a5a000 r-xp 00000000 08:02 7750193                    /usr/lib64/libgailutil.so.18.0.1
7ff1d4a5a000-7ff1d4a5b000 r--p 00006000 08:02 7750193                    /usr/lib64/libgailutil.so.18.0.1
7ff1d4a5b000-7ff1d4a5c000 rw-p 00007000 08:02 7750193                    /usr/lib64/libgailutil.so.18.0.1
7ff1d4a5c000-7ff1d4b61000 rw-s 00000000 00:06 15792                      /dev/nvidiactl
7ff1d4b61000-7ff1d4b76000 r-xp 00000000 08:02 7749054                    /usr/lib64/libXext.so.6.4.0
7ff1d4b76000-7ff1d4b77000 r--p 00014000 08:02 7749054                    /usr/lib64/libXext.so.6.4.0
7ff1d4b77000-7ff1d4b78000 rw-p 00015000 08:02 7749054                    /usr/lib64/libXext.so.6.4.0
7ff1d4b78000-7ff1d4b7b000 r-xp 00000000 08:02 7742490                    /usr/lib64/libnvidia-tls.so.390.59
7ff1d4b7b000-7ff1d4d7b000 ---p 00003000 08:02 7742490                    /usr/lib64/libnvidia-tls.so.390.59
7ff1d4d7b000-7ff1d4d7c000 rw-p 00003000 08:02 7742490                    /usr/lib64/libnvidia-tls.so.390.59
7ff1d4d7c000-7ff1d4e45000 r-xp 00000000 08:02 7742462                    /usr/lib64/libGLX_nvidia.so.390.59
7ff1d4e45000-7ff1d4e79000 rwxp 000c9000 08:02 7742462                    /usr/lib64/libGLX_nvidia.so.390.59
7ff1d4e79000-7ff1d4e8d000 r-xp 000fd000 08:02 7742462                    /usr/lib64/libGLX_nvidia.so.390.59
7ff1d4e8d000-7ff1d508d000 ---p 00111000 08:02 7742462                    /usr/lib64/libGLX_nvidia.so.390.59
7ff1d508d000-7ff1d50b2000 rw-p 00111000 08:02 7742462                    /usr/lib64/libGLX_nvidia.so.390.59
7ff1d50b2000-7ff1d50b9000 rw-p 00000000 00:00 0 
7ff1d50b9000-7ff1d50fc000 r-xp 00000000 08:02 7750359                    /usr/lib64/libGLdispatch.so.0.0.0
7ff1d50fc000-7ff1d5115000 r-xp 00043000 08:02 7750359                    /usr/lib64/libGLdispatch.so.0.0.0
7ff1d5115000-7ff1d5128000 r-xp 0005c000 08:02 7750359                    /usr/lib64/libGLdispatch.so.0.0.0
7ff1d5128000-7ff1d5150000 r--p 0006e000 08:02 7750359                    /usr/lib64/libGLdispatch.so.0.0.0
7ff1d5150000-7ff1d5151000 rw-p 00096000 08:02 7750359                    /usr/lib64/libGLdispatch.so.0.0.0
7ff1d5151000-7ff1d5171000 rw-p 00000000 00:00 0 
7ff1d5171000-7ff1d5184000 r-xp 00000000 08:02 7750356                    /usr/lib64/libGLX.so.0.0.0
7ff1d5184000-7ff1d5185000 r--p 00012000 08:02 7750356                    /usr/lib64/libGLX.so.0.0.0
7ff1d5185000-7ff1d5186000 rw-p 00013000 08:02 7750356                    /usr/lib64/libGLX.so.0.0.0
7ff1d5186000-7ff1d51a6000 rw-p 00000000 00:00 0 
7ff1d51a6000-7ff1d51d0000 r-xp 00000000 08:02 7750326                    /usr/lib64/libxcb.so.1.1.0
7ff1d51d0000-7ff1d51d1000 ---p 0002a000 08:02 7750326                    /usr/lib64/libxcb.so.1.1.0
7ff1d51d1000-7ff1d51d2000 r--p 0002a000 08:02 7750326                    /usr/lib64/libxcb.so.1.1.0
7ff1d51d2000-7ff1d51d3000 rw-p 0002b000 08:02 7750326                    /usr/lib64/libxcb.so.1.1.0
7ff1d51d3000-7ff1d5216000 r-xp 00000000 08:02 7750349                    /usr/lib64/libGL.so.1.0.0
7ff1d5216000-7ff1d522f000 r-xp 00043000 08:02 7750349                    /usr/lib64/libGL.so.1.0.0
7ff1d522f000-7ff1d5243000 r-xp 0005c000 08:02 7750349                    /usr/lib64/libGL.so.1.0.0
7ff1d5243000-7ff1d525d000 r--p 0006f000 08:02 7750349                    /usr/lib64/libGL.so.1.0.0
7ff1d525d000-7ff1d525e000 rw-p 00089000 08:02 7750349                    /usr/lib64/libGL.so.1.0.0
7ff1d525e000-7ff1d525f000 rw-p 00000000 00:00 0 
7ff1d525f000-7ff1d53bc000 r-xp 00000000 08:02 7750328                    /usr/lib64/libX11.so.6.3.0
7ff1d53bc000-7ff1d53be000 r--p 0015c000 08:02 7750328                    /usr/lib64/libX11.so.6.3.0
7ff1d53be000-7ff1d53c2000 rw-p 0015e000 08:02 7750328                    /usr/lib64/libX11.so.6.3.0
7ff1d53c2000-7ff1d53c8000 r-xp 00000000 08:02 7750400                    /usr/lib64/libXtst.so.6.1.0
7ff1d53c8000-7ff1d53c9000 ---p 00006000 08:02 7750400                    /usr/lib64/libXtst.so.6.1.0
7ff1d53c9000-7ff1d53ca000 r--p 00006000 08:02 7750400                    /usr/lib64/libXtst.so.6.1.0
7ff1d53ca000-7ff1d53cb000 rw-p 00007000 08:02 7750400                    /usr/lib64/libXtst.so.6.1.0
7ff1d53eb000-7ff1d53f7000 r-xp 00000000 08:02 9569227                    /usr/lib64/openjdk-8/jre/lib/amd64/libprism_es2.so
7ff1d53f7000-7ff1d55f6000 ---p 0000c000 08:02 9569227                    /usr/lib64/openjdk-8/jre/lib/amd64/libprism_es2.so
7ff1d55f6000-7ff1d55f7000 r--p 0000b000 08:02 9569227                    /usr/lib64/openjdk-8/jre/lib/amd64/libprism_es2.so
7ff1d55f7000-7ff1d55f8000 rw-p 0000c000 08:02 9569227                    /usr/lib64/openjdk-8/jre/lib/amd64/libprism_es2.so
7ff1d55f8000-7ff1d55fb000 ---p 00000000 00:00 0 
7ff1d55fb000-7ff1d56f9000 rw-p 00000000 00:00 0 
7ff1d56f9000-7ff1d56fc000 ---p 00000000 00:00 0 
7ff1d56fc000-7ff1d582b000 rw-p 00000000 00:00 0 
7ff1d582b000-7ff1d5841000 r-xp 00000000 08:02 9569196                    /usr/lib64/openjdk-8/jre/lib/amd64/libnet.so
7ff1d5841000-7ff1d5842000 r--p 00015000 08:02 9569196                    /usr/lib64/openjdk-8/jre/lib/amd64/libnet.so
7ff1d5842000-7ff1d5843000 rw-p 00016000 08:02 9569196                    /usr/lib64/openjdk-8/jre/lib/amd64/libnet.so
7ff1d5843000-7ff1d5854000 r-xp 00000000 08:02 9569198                    /usr/lib64/openjdk-8/jre/lib/amd64/libnio.so
7ff1d5854000-7ff1d5855000 r--p 00010000 08:02 9569198                    /usr/lib64/openjdk-8/jre/lib/amd64/libnio.so
7ff1d5855000-7ff1d5856000 rw-p 00011000 08:02 9569198                    /usr/lib64/openjdk-8/jre/lib/amd64/libnio.so
7ff1d5856000-7ff1d58ec000 r--s 007d0000 08:02 11145590                   /usr/lib64/openjdk-8/jre/lib/ext/jfxrt.jar
7ff1d58ec000-7ff1d58ed000 ---p 00000000 00:00 0 
7ff1d58ed000-7ff1d59ed000 rw-p 00000000 00:00 0 
7ff1d59ed000-7ff1d59f0000 ---p 00000000 00:00 0 
7ff1d59f0000-7ff1d5aee000 rw-p 00000000 00:00 0 
7ff1d5aee000-7ff1d5aef000 ---p 00000000 00:00 0 
7ff1d5aef000-7ff1d5af2000 ---p 00000000 00:00 0 
7ff1d5af2000-7ff1d5bef000 rw-p 00000000 00:00 0 
7ff1d5bef000-7ff1d5bf0000 ---p 00000000 00:00 0 
7ff1d5bf0000-7ff1d5bf3000 ---p 00000000 00:00 0 
7ff1d5bf3000-7ff1d5cf0000 rw-p 00000000 00:00 0 
7ff1d5cf0000-7ff1d5cf1000 ---p 00000000 00:00 0 
7ff1d5cf1000-7ff1d5cf4000 ---p 00000000 00:00 0 
7ff1d5cf4000-7ff1d5df1000 rw-p 00000000 00:00 0 
7ff1d5df1000-7ff1d5df2000 ---p 00000000 00:00 0 
7ff1d5df2000-7ff1d5df5000 ---p 00000000 00:00 0 
7ff1d5df5000-7ff1d5ef2000 rw-p 00000000 00:00 0 
7ff1d5ef2000-7ff1d5ef5000 ---p 00000000 00:00 0 
7ff1d5ef5000-7ff1d5ff3000 rw-p 00000000 00:00 0 
7ff1d5ff3000-7ff1d5ff6000 ---p 00000000 00:00 0 
7ff1d5ff6000-7ff1d60f4000 rw-p 00000000 00:00 0 
7ff1d60f4000-7ff1d60f7000 ---p 00000000 00:00 0 
7ff1d60f7000-7ff1d61f5000 rw-p 00000000 00:00 0 
7ff1d61f5000-7ff1d61f6000 ---p 00000000 00:00 0 
7ff1d61f6000-7ff1d7e32000 rw-p 00000000 00:00 0 
7ff1d7e32000-7ff1d8000000 r--s 03c29000 08:02 9443786                    /usr/lib64/openjdk-8/jre/lib/rt.jar
7ff1d8000000-7ff1d8021000 rw-p 00000000 00:00 0 
7ff1d8021000-7ff1dc000000 ---p 00000000 00:00 0 
7ff1dc000000-7ff1dc001000 r-xp 00000000 08:02 8003560                    /usr/lib64/gtk-2.0/modules/libatk-bridge.so
7ff1dc001000-7ff1dc002000 r--p 00000000 08:02 8003560                    /usr/lib64/gtk-2.0/modules/libatk-bridge.so
7ff1dc002000-7ff1dc003000 rw-p 00001000 08:02 8003560                    /usr/lib64/gtk-2.0/modules/libatk-bridge.so
7ff1dc003000-7ff1dc006000 r-xp 00000000 08:02 7739104                    /usr/lib64/libgmodule-2.0.so.0.5600.1
7ff1dc006000-7ff1dc007000 r--p 00002000 08:02 7739104                    /usr/lib64/libgmodule-2.0.so.0.5600.1
7ff1dc007000-7ff1dc008000 rw-p 00003000 08:02 7739104                    /usr/lib64/libgmodule-2.0.so.0.5600.1
7ff1dc008000-7ff1dd000000 rw-p 00000000 00:00 0 
7ff1dd000000-7ff1dd5e0000 rwxp 00000000 00:00 0 
7ff1dd5e0000-7ff1ec000000 ---p 00000000 00:00 0 
7ff1ec000000-7ff1ec1c5000 rw-p 00000000 00:00 0 
7ff1ec1c5000-7ff1f0000000 ---p 00000000 00:00 0 
7ff1f0000000-7ff1f0001000 r-xp 00000000 08:02 7739108                    /usr/lib64/libgthread-2.0.so.0.5600.1
7ff1f0001000-7ff1f0002000 r--p 00000000 08:02 7739108                    /usr/lib64/libgthread-2.0.so.0.5600.1
7ff1f0002000-7ff1f0003000 rw-p 00001000 08:02 7739108                    /usr/lib64/libgthread-2.0.so.0.5600.1
7ff1f0003000-7ff1f0004000 rw-s 00000000 00:06 15792                      /dev/nvidiactl
7ff1f0004000-7ff1f0008000 rw-s 00000000 00:06 15792                      /dev/nvidiactl
7ff1f0008000-7ff1f0009000 rw-s 00000000 00:06 15793                      /dev/nvidia0
7ff1f0009000-7ff1f000c000 r-xp 00000000 08:02 7733271                    /usr/lib64/libXau.so.6.0.0
7ff1f000c000-7ff1f000d000 r--p 00002000 08:02 7733271                    /usr/lib64/libXau.so.6.0.0
7ff1f000d000-7ff1f000e000 rw-p 00003000 08:02 7733271                    /usr/lib64/libXau.so.6.0.0
7ff1f000e000-7ff1f028b000 rw-p 00000000 00:00 0 
7ff1f028b000-7ff1f028c000 ---p 00000000 00:00 0 
7ff1f028c000-7ff1f038c000 rw-p 00000000 00:00 0 
7ff1f038c000-7ff1f038d000 ---p 00000000 00:00 0 
7ff1f038d000-7ff1f048d000 rw-p 00000000 00:00 0 
7ff1f048d000-7ff1f048e000 ---p 00000000 00:00 0 
7ff1f048e000-7ff1f058e000 rw-p 00000000 00:00 0 
7ff1f058e000-7ff1f058f000 ---p 00000000 00:00 0 
7ff1f058f000-7ff1f068f000 rw-p 00000000 00:00 0 
7ff1f068f000-7ff1f0690000 ---p 00000000 00:00 0 
7ff1f0690000-7ff1f0790000 rw-p 00000000 00:00 0 
7ff1f0790000-7ff1f0791000 ---p 00000000 00:00 0 
7ff1f0791000-7ff1f0891000 rw-p 00000000 00:00 0 
7ff1f0891000-7ff1f0892000 ---p 00000000 00:00 0 
7ff1f0892000-7ff1f0992000 rw-p 00000000 00:00 0 
7ff1f0992000-7ff1f0993000 ---p 00000000 00:00 0 
7ff1f0993000-7ff1f0ae7000 rw-p 00000000 00:00 0 
7ff1f0ae7000-7ff1f0fcd000 ---p 00000000 00:00 0 
7ff1f0fcd000-7ff1f1021000 rw-p 00000000 00:00 0 
7ff1f1021000-7ff1f1507000 ---p 00000000 00:00 0 
7ff1f1507000-7ff1f1531000 rw-p 00000000 00:00 0 
7ff1f1531000-7ff1f17a4000 ---p 00000000 00:00 0 
7ff1f17a4000-7ff1f17bd000 rw-p 00000000 00:00 0 
7ff1f17bd000-7ff1f1b65000 ---p 00000000 00:00 0 
7ff1f1b65000-7ff1f1b6d000 r-xp 00000000 08:02 9569214                    /usr/lib64/openjdk-8/jre/lib/amd64/libzip.so
7ff1f1b6d000-7ff1f1b6e000 r--p 00007000 08:02 9569214                    /usr/lib64/openjdk-8/jre/lib/amd64/libzip.so
7ff1f1b6e000-7ff1f1b6f000 rw-p 00008000 08:02 9569214                    /usr/lib64/openjdk-8/jre/lib/amd64/libzip.so
7ff1f1b6f000-7ff1f1b77000 rw-s 00000000 00:26 138211                     /tmp/hsperfdata_marcel/7829
7ff1f1b77000-7ff1f1ba4000 r-xp 00000000 08:02 9569172                    /usr/lib64/openjdk-8/jre/lib/amd64/libjava.so
7ff1f1ba4000-7ff1f1ba5000 ---p 0002d000 08:02 9569172                    /usr/lib64/openjdk-8/jre/lib/amd64/libjava.so
7ff1f1ba5000-7ff1f1ba6000 r--p 0002d000 08:02 9569172                    /usr/lib64/openjdk-8/jre/lib/amd64/libjava.so
7ff1f1ba6000-7ff1f1ba7000 rw-p 0002e000 08:02 9569172                    /usr/lib64/openjdk-8/jre/lib/amd64/libjava.so
7ff1f1ba7000-7ff1f1ba8000 rw-p 00000000 00:00 0 
7ff1f1ba8000-7ff1f1baf000 r-xp 00000000 08:02 7740893                    /usr/lib64/librt-2.27.so
7ff1f1baf000-7ff1f1bb0000 r--p 00006000 08:02 7740893                    /usr/lib64/librt-2.27.so
7ff1f1bb0000-7ff1f1bb1000 rw-p 00007000 08:02 7740893                    /usr/lib64/librt-2.27.so
7ff1f1bb1000-7ff1f1bb2000 ---p 00000000 00:00 0 
7ff1f1bb2000-7ff1f1bb5000 ---p 00000000 00:00 0 
7ff1f1bb5000-7ff1f1cb2000 rw-p 00000000 00:00 0 
7ff1f1cb2000-7ff1f1e4e000 r-xp 00000000 08:02 7740160                    /usr/lib64/libm-2.27.so
7ff1f1e4e000-7ff1f1e4f000 ---p 0019c000 08:02 7740160                    /usr/lib64/libm-2.27.so
7ff1f1e4f000-7ff1f1e50000 r--p 0019c000 08:02 7740160                    /usr/lib64/libm-2.27.so
7ff1f1e50000-7ff1f1e51000 rw-p 0019d000 08:02 7740160                    /usr/lib64/libm-2.27.so
7ff1f1e51000-7ff1f2afb000 r-xp 00000000 08:02 9834628                    /usr/lib64/openjdk-8/jre/lib/amd64/server/libjvm.so
7ff1f2afb000-7ff1f2cfb000 ---p 00caa000 08:02 9834628                    /usr/lib64/openjdk-8/jre/lib/amd64/server/libjvm.so
7ff1f2cfb000-7ff1f2d8f000 r--p 00caa000 08:02 9834628                    /usr/lib64/openjdk-8/jre/lib/amd64/server/libjvm.so
7ff1f2d8f000-7ff1f2db7000 rw-p 00d3e000 08:02 9834628                    /usr/lib64/openjdk-8/jre/lib/amd64/server/libjvm.so
7ff1f2db7000-7ff1f2dea000 rw-p 00000000 00:00 0 
7ff1f2dea000-7ff1f2fd1000 r-xp 00000000 08:02 7740075                    /usr/lib64/libc-2.27.so
7ff1f2fd1000-7ff1f2fd5000 r--p 001e6000 08:02 7740075                    /usr/lib64/libc-2.27.so
7ff1f2fd5000-7ff1f2fd7000 rw-p 001ea000 08:02 7740075                    /usr/lib64/libc-2.27.so
7ff1f2fd7000-7ff1f2fdb000 rw-p 00000000 00:00 0 
7ff1f2fdb000-7ff1f2fde000 r-xp 00000000 08:02 7740083                    /usr/lib64/libdl-2.27.so
7ff1f2fde000-7ff1f2fdf000 r--p 00002000 08:02 7740083                    /usr/lib64/libdl-2.27.so
7ff1f2fdf000-7ff1f2fe0000 rw-p 00003000 08:02 7740083                    /usr/lib64/libdl-2.27.so
7ff1f2fe0000-7ff1f2fee000 r-xp 00000000 08:02 11273410                   /usr/lib64/openjdk-8/lib/amd64/jli/libjli.so
7ff1f2fee000-7ff1f2fef000 r--p 0000d000 08:02 11273410                   /usr/lib64/openjdk-8/lib/amd64/jli/libjli.so
7ff1f2fef000-7ff1f2ff0000 rw-p 0000e000 08:02 11273410                   /usr/lib64/openjdk-8/lib/amd64/jli/libjli.so
7ff1f2ff0000-7ff1f3006000 r-xp 00000000 08:02 7748841                    /usr/lib64/libz.so.1.2.11
7ff1f3006000-7ff1f3007000 r--p 00015000 08:02 7748841                    /usr/lib64/libz.so.1.2.11
7ff1f3007000-7ff1f3008000 rw-p 00016000 08:02 7748841                    /usr/lib64/libz.so.1.2.11
7ff1f3008000-7ff1f3022000 r-xp 00000000 08:02 7740860                    /usr/lib64/libpthread-2.27.so
7ff1f3022000-7ff1f3023000 r--p 00019000 08:02 7740860                    /usr/lib64/libpthread-2.27.so
7ff1f3023000-7ff1f3024000 rw-p 0001a000 08:02 7740860                    /usr/lib64/libpthread-2.27.so
7ff1f3024000-7ff1f302a000 rw-p 00000000 00:00 0 
7ff1f302a000-7ff1f302b000 rw-s 00000000 00:06 15793                      /dev/nvidia0
7ff1f302b000-7ff1f302c000 rw-s 00000000 00:06 15793                      /dev/nvidia0
7ff1f302c000-7ff1f302d000 rw-s 00000000 00:06 15792                      /dev/nvidiactl
7ff1f302d000-7ff1f302e000 rw-s 00000000 00:06 15792                      /dev/nvidiactl
7ff1f302e000-7ff1f3039000 r-xp 00000000 08:02 7740799                    /usr/lib64/libnss_files-2.27.so
7ff1f3039000-7ff1f303a000 r--p 0000a000 08:02 7740799                    /usr/lib64/libnss_files-2.27.so
7ff1f303a000-7ff1f303b000 rw-p 0000b000 08:02 7740799                    /usr/lib64/libnss_files-2.27.so
7ff1f303b000-7ff1f3042000 rw-p 00000000 00:00 0 
7ff1f3042000-7ff1f3050000 r-xp 00000000 08:02 9569212                    /usr/lib64/openjdk-8/jre/lib/amd64/libverify.so
7ff1f3050000-7ff1f3052000 r--p 0000d000 08:02 9569212                    /usr/lib64/openjdk-8/jre/lib/amd64/libverify.so
7ff1f3052000-7ff1f3053000 rw-p 0000f000 08:02 9569212                    /usr/lib64/openjdk-8/jre/lib/amd64/libverify.so
7ff1f3053000-7ff1f307a000 r-xp 00000000 08:02 7740068                    /usr/lib64/ld-2.27.so
7ff1f307a000-7ff1f307b000 r--p 00000000 00:00 0 
7ff1f307b000-7ff1f307c000 r--p 00027000 08:02 7740068                    /usr/lib64/ld-2.27.so
7ff1f307c000-7ff1f307d000 rw-p 00028000 08:02 7740068                    /usr/lib64/ld-2.27.so
7ff1f307d000-7ff1f307e000 rw-p 00000000 00:00 0 
7fff10fb9000-7fff10fda000 rw-p 00000000 00:00 0                          [stack]
7fff10ff3000-7fff10ff6000 r--p 00000000 00:00 0                          [vvar]
7fff10ff6000-7fff10ff8000 r-xp 00000000 00:00 0                          [vdso]
ffffffffff600000-ffffffffff601000 r-xp 00000000 00:00 0                  [vsyscall]

VM Arguments:
jvm_args: -Dfile.encoding=UTF-8 -Duser.country=US -Duser.language=en -Duser.variant 
java_command: application.DasChatClientMain
java_class_path (initial): /home/marcel/code/daschatre/DasChatClientRe/build/classes/java/main:/home/marcel/code/daschatre/DasChatClientRe/build/resources/main:/home/marcel/.gradle/caches/modules-2/files-2.1/org.jsoup/jsoup/1.11.3/36da09a8f68484523fa2aaa100399d612b247d67/jsoup-1.11.3.jar:/home/marcel/code/daschatre/DasChatShared/build/libs/DasChatShared.jar:/home/marcel/code/daschatre/DasChatUtil/build/libs/DasChatUtil.jar
Launcher Type: SUN_STANDARD

Environment Variables:
JAVA_HOME=/usr/lib64/openjdk-8
PATH=/home/marcel/.sdkman/candidates/gradle/current/bin:/home/marcel/bin:/sbin:/bin:/usr/sbin:/usr/bin:/usr/local/bin:/snap/bin
SHELL=/bin/bash
DISPLAY=:0

Signal Handlers:
SIGSEGV: [libjvm.so+0xaab080], sa_mask[0]=11111111011111111101111111111110, sa_flags=SA_RESTART|SA_SIGINFO
SIGBUS: [libjvm.so+0xaab080], sa_mask[0]=11111111011111111101111111111110, sa_flags=SA_RESTART|SA_SIGINFO
SIGFPE: [libjvm.so+0x8e13c0], sa_mask[0]=11111111011111111101111111111110, sa_flags=SA_RESTART|SA_SIGINFO
SIGPIPE: SIG_IGN, sa_mask[0]=00000000000010000000000000000000, sa_flags=SA_RESTART
SIGXFSZ: [libjvm.so+0x8e13c0], sa_mask[0]=11111111011111111101111111111110, sa_flags=SA_RESTART|SA_SIGINFO
SIGILL: [libjvm.so+0x8e13c0], sa_mask[0]=11111111011111111101111111111110, sa_flags=SA_RESTART|SA_SIGINFO
SIGUSR1: SIG_DFL, sa_mask[0]=00000000000000000000000000000000, sa_flags=none
SIGUSR2: [libjvm.so+0x8e1270], sa_mask[0]=00100000000000000000000000000000, sa_flags=SA_RESTART|SA_SIGINFO
SIGHUP: [libjvm.so+0x8e1720], sa_mask[0]=11111111011111111101111111111110, sa_flags=SA_RESTART|SA_SIGINFO
SIGINT: [libjvm.so+0x8e1720], sa_mask[0]=11111111011111111101111111111110, sa_flags=SA_RESTART|SA_SIGINFO
SIGTERM: [libjvm.so+0x8e1720], sa_mask[0]=11111111011111111101111111111110, sa_flags=SA_RESTART|SA_SIGINFO
SIGQUIT: [libjvm.so+0x8e1720], sa_mask[0]=11111111011111111101111111111110, sa_flags=SA_RESTART|SA_SIGINFO


---------------  S Y S T E M  ---------------

OS:LSB_VERSION=1.4
DISTRIB_ID=Solus
DISTRIB_DESCRIPTION="Solus"
DISTRIB_RELEASE=3.9999
DISTRIB_CODENAME=shannon

uname:Linux 4.16.15-76.current #1 SMP PREEMPT Tue Jun 12 20:51:13 UTC 2018 x86_64
libc:glibc 2.27 NPTL 2.27 
rlimit: STACK 8192k, CORE 0k, NPROC 63835, NOFILE 4096, AS infinity
load average:1.05 1.09 0.56

/proc/meminfo:
MemTotal:       16438944 kB
MemFree:        13268120 kB
MemAvailable:   13972488 kB
Buffers:           80820 kB
Cached:           953928 kB
SwapCached:            0 kB
Active:          2118752 kB
Inactive:         687100 kB
Active(anon):    1784868 kB
Inactive(anon):    84368 kB
Active(file):     333884 kB
Inactive(file):   602732 kB
Unevictable:          32 kB
Mlocked:              32 kB
SwapTotal:       3906244 kB
SwapFree:        3906244 kB
Dirty:               516 kB
Writeback:             0 kB
AnonPages:       1770972 kB
Mapped:           602908 kB
Shmem:             98136 kB
Slab:             147848 kB
SReclaimable:      50136 kB
SUnreclaim:        97712 kB
KernelStack:       12544 kB
PageTables:        23004 kB
NFS_Unstable:          0 kB
Bounce:                0 kB
WritebackTmp:          0 kB
CommitLimit:    12125716 kB
Committed_AS:    7835836 kB
VmallocTotal:   34359738367 kB
VmallocUsed:           0 kB
VmallocChunk:          0 kB
AnonHugePages:         0 kB
ShmemHugePages:        0 kB
ShmemPmdMapped:        0 kB
HugePages_Total:       0
HugePages_Free:        0
HugePages_Rsvd:        0
HugePages_Surp:        0
Hugepagesize:       2048 kB
Hugetlb:               0 kB
DirectMap4k:      294536 kB
DirectMap2M:     4894720 kB
DirectMap1G:    11534336 kB


CPU:total 8 (initial active 8) (4 cores per cpu, 2 threads per core) family 6 model 94 stepping 3, cmov, cx8, fxsr, mmx, sse, sse2, sse3, ssse3, sse4.1, sse4.2, popcnt, avx, avx2, aes, clmul, erms, rtm, 3dnowpref, lzcnt, ht, tsc, tscinvbit, bmi1, bmi2, adx

/proc/cpuinfo:
processor	: 0
vendor_id	: GenuineIntel
cpu family	: 6
model		: 94
model name	: Intel(R) Xeon(R) CPU E3-1240 v5 @ 3.50GHz
stepping	: 3
microcode	: 0xc2
cpu MHz		: 3699.993
cache size	: 8192 KB
physical id	: 0
siblings	: 8
core id		: 0
cpu cores	: 4
apicid		: 0
initial apicid	: 0
fpu		: yes
fpu_exception	: yes
cpuid level	: 22
wp		: yes
flags		: fpu vme de pse tsc msr pae mce cx8 apic sep mtrr pge mca cmov pat pse36 clflush dts acpi mmx fxsr sse sse2 ss ht tm pbe syscall nx pdpe1gb rdtscp lm constant_tsc art arch_perfmon pebs bts rep_good nopl xtopology nonstop_tsc cpuid aperfmperf tsc_known_freq pni pclmulqdq dtes64 monitor ds_cpl vmx smx est tm2 ssse3 sdbg fma cx16 xtpr pdcm pcid sse4_1 sse4_2 x2apic movbe popcnt tsc_deadline_timer aes xsave avx f16c rdrand lahf_lm abm 3dnowprefetch cpuid_fault epb invpcid_single pti ibrs ibpb stibp tpr_shadow vnmi flexpriority ept vpid fsgsbase tsc_adjust bmi1 hle avx2 smep bmi2 erms invpcid rtm mpx rdseed adx smap clflushopt intel_pt xsaveopt xsavec xgetbv1 xsaves dtherm ida arat pln pts hwp hwp_notify hwp_act_window hwp_epp
bugs		: cpu_meltdown spectre_v1 spectre_v2 spec_store_bypass
bogomips	: 7008.00
clflush size	: 64
cache_alignment	: 64
address sizes	: 39 bits physical, 48 bits virtual
power management:

processor	: 1
vendor_id	: GenuineIntel
cpu family	: 6
model		: 94
model name	: Intel(R) Xeon(R) CPU E3-1240 v5 @ 3.50GHz
stepping	: 3
microcode	: 0xc2
cpu MHz		: 3700.002
cache size	: 8192 KB
physical id	: 0
siblings	: 8
core id		: 1
cpu cores	: 4
apicid		: 2
initial apicid	: 2
fpu		: yes
fpu_exception	: yes
cpuid level	: 22
wp		: yes
flags		: fpu vme de pse tsc msr pae mce cx8 apic sep mtrr pge mca cmov pat pse36 clflush dts acpi mmx fxsr sse sse2 ss ht tm pbe syscall nx pdpe1gb rdtscp lm constant_tsc art arch_perfmon pebs bts rep_good nopl xtopology nonstop_tsc cpuid aperfmperf tsc_known_freq pni pclmulqdq dtes64 monitor ds_cpl vmx smx est tm2 ssse3 sdbg fma cx16 xtpr pdcm pcid sse4_1 sse4_2 x2apic movbe popcnt tsc_deadline_timer aes xsave avx f16c rdrand lahf_lm abm 3dnowprefetch cpuid_fault epb invpcid_single pti ibrs ibpb stibp tpr_shadow vnmi flexpriority ept vpid fsgsbase tsc_adjust bmi1 hle avx2 smep bmi2 erms invpcid rtm mpx rdseed adx smap clflushopt intel_pt xsaveopt xsavec xgetbv1 xsaves dtherm ida arat pln pts hwp hwp_notify hwp_act_window hwp_epp
bugs		: cpu_meltdown spectre_v1 spectre_v2 spec_store_bypass
bogomips	: 7008.00
clflush size	: 64
cache_alignment	: 64
address sizes	: 39 bits physical, 48 bits virtual
power management:

processor	: 2
vendor_id	: GenuineIntel
cpu family	: 6
model		: 94
model name	: Intel(R) Xeon(R) CPU E3-1240 v5 @ 3.50GHz
stepping	: 3
microcode	: 0xc2
cpu MHz		: 3700.004
cache size	: 8192 KB
physical id	: 0
siblings	: 8
core id		: 2
cpu cores	: 4
apicid		: 4
initial apicid	: 4
fpu		: yes
fpu_exception	: yes
cpuid level	: 22
wp		: yes
flags		: fpu vme de pse tsc msr pae mce cx8 apic sep mtrr pge mca cmov pat pse36 clflush dts acpi mmx fxsr sse sse2 ss ht tm pbe syscall nx pdpe1gb rdtscp lm constant_tsc art arch_perfmon pebs bts rep_good nopl xtopology nonstop_tsc cpuid aperfmperf tsc_known_freq pni pclmulqdq dtes64 monitor ds_cpl vmx smx est tm2 ssse3 sdbg fma cx16 xtpr pdcm pcid sse4_1 sse4_2 x2apic movbe popcnt tsc_deadline_timer aes xsave avx f16c rdrand lahf_lm abm 3dnowprefetch cpuid_fault epb invpcid_single pti ibrs ibpb stibp tpr_shadow vnmi flexpriority ept vpid fsgsbase tsc_adjust bmi1 hle avx2 smep bmi2 erms invpcid rtm mpx rdseed adx smap clflushopt intel_pt xsaveopt xsavec xgetbv1 xsaves dtherm ida arat pln pts hwp hwp_notify hwp_act_window hwp_epp
bugs		: cpu_meltdown spectre_v1 spectre_v2 spec_store_bypass
bogomips	: 7008.00
clflush size	: 64
cache_alignment	: 64
address sizes	: 39 bits physical, 48 bits virtual
power management:

processor	: 3
vendor_id	: GenuineIntel
cpu family	: 6
model		: 94
model name	: Intel(R) Xeon(R) CPU E3-1240 v5 @ 3.50GHz
stepping	: 3
microcode	: 0xc2
cpu MHz		: 3700.004
cache size	: 8192 KB
physical id	: 0
siblings	: 8
core id		: 3
cpu cores	: 4
apicid		: 6
initial apicid	: 6
fpu		: yes
fpu_exception	: yes
cpuid level	: 22
wp		: yes
flags		: fpu vme de pse tsc msr pae mce cx8 apic sep mtrr pge mca cmov pat pse36 clflush dts acpi mmx fxsr sse sse2 ss ht tm pbe syscall nx pdpe1gb rdtscp lm constant_tsc art arch_perfmon pebs bts rep_good nopl xtopology nonstop_tsc cpuid aperfmperf tsc_known_freq pni pclmulqdq dtes64 monitor ds_cpl vmx smx est tm2 ssse3 sdbg fma cx16 xtpr pdcm pcid sse4_1 sse4_2 x2apic movbe popcnt tsc_deadline_timer aes xsave avx f16c rdrand lahf_lm abm 3dnowprefetch cpuid_fault epb invpcid_single pti ibrs ibpb stibp tpr_shadow vnmi flexpriority ept vpid fsgsbase tsc_adjust bmi1 hle avx2 smep bmi2 erms invpcid rtm mpx rdseed adx smap clflushopt intel_pt xsaveopt xsavec xgetbv1 xsaves dtherm ida arat pln pts hwp hwp_notify hwp_act_window hwp_epp
bugs		: cpu_meltdown spectre_v1 spectre_v2 spec_store_bypass
bogomips	: 7008.00
clflush size	: 64
cache_alignment	: 64
address sizes	: 39 bits physical, 48 bits virtual
power management:

processor	: 4
vendor_id	: GenuineIntel
cpu family	: 6
model		: 94
model name	: Intel(R) Xeon(R) CPU E3-1240 v5 @ 3.50GHz
stepping	: 3
microcode	: 0xc2
cpu MHz		: 3700.003
cache size	: 8192 KB
physical id	: 0
siblings	: 8
core id		: 0
cpu cores	: 4
apicid		: 1
initial apicid	: 1
fpu		: yes
fpu_exception	: yes
cpuid level	: 22
wp		: yes
flags		: fpu vme de pse tsc msr pae mce cx8 apic sep mtrr pge mca cmov pat pse36 clflush dts acpi mmx fxsr sse sse2 ss ht tm pbe syscall nx pdpe1gb rdtscp lm constant_tsc art arch_perfmon pebs bts rep_good nopl xtopology nonstop_tsc cpuid aperfmperf tsc_known_freq pni pclmulqdq dtes64 monitor ds_cpl vmx smx est tm2 ssse3 sdbg fma cx16 xtpr pdcm pcid sse4_1 sse4_2 x2apic movbe popcnt tsc_deadline_timer aes xsave avx f16c rdrand lahf_lm abm 3dnowprefetch cpuid_fault epb invpcid_single pti ibrs ibpb stibp tpr_shadow vnmi flexpriority ept vpid fsgsbase tsc_adjust bmi1 hle avx2 smep bmi2 erms invpcid rtm mpx rdseed adx smap clflushopt intel_pt xsaveopt xsavec xgetbv1 xsaves dtherm ida arat pln pts hwp hwp_notify hwp_act_window hwp_epp
bugs		: cpu_meltdown spectre_v1 spectre_v2 spec_store_bypass
bogomips	: 7008.00
clflush size	: 64
cache_alignment	: 64
address sizes	: 39 bits physical, 48 bits virtual
power management:

processor	: 5
vendor_id	: GenuineIntel
cpu family	: 6
model		: 94
model name	: Intel(R) Xeon(R) CPU E3-1240 v5 @ 3.50GHz
stepping	: 3
microcode	: 0xc2
cpu MHz		: 3700.005
cache size	: 8192 KB
physical id	: 0
siblings	: 8
core id		: 1
cpu cores	: 4
apicid		: 3
initial apicid	: 3
fpu		: yes
fpu_exception	: yes
cpuid level	: 22
wp		: yes
flags		: fpu vme de pse tsc msr pae mce cx8 apic sep mtrr pge mca cmov pat pse36 clflush dts acpi mmx fxsr sse sse2 ss ht tm pbe syscall nx pdpe1gb rdtscp lm constant_tsc art arch_perfmon pebs bts rep_good nopl xtopology nonstop_tsc cpuid aperfmperf tsc_known_freq pni pclmulqdq dtes64 monitor ds_cpl vmx smx est tm2 ssse3 sdbg fma cx16 xtpr pdcm pcid sse4_1 sse4_2 x2apic movbe popcnt tsc_deadline_timer aes xsave avx f16c rdrand lahf_lm abm 3dnowprefetch cpuid_fault epb invpcid_single pti ibrs ibpb stibp tpr_shadow vnmi flexpriority ept vpid fsgsbase tsc_adjust bmi1 hle avx2 smep bmi2 erms invpcid rtm mpx rdseed adx smap clflushopt intel_pt xsaveopt xsavec xgetbv1 xsaves dtherm ida arat pln pts hwp hwp_notify hwp_act_window hwp_epp
bugs		: cpu_meltdown spectre_v1 spectre_v2 spec_store_bypass
bogomips	: 7008.00
clflush size	: 64
cache_alignment	: 64
address sizes	: 39 bits physical, 48 bits virtual
power management:

processor	: 6
vendor_id	: GenuineIntel
cpu family	: 6
model		: 94
model name	: Intel(R) Xeon(R) CPU E3-1240 v5 @ 3.50GHz
stepping	: 3
microcode	: 0xc2
cpu MHz		: 3700.008
cache size	: 8192 KB
physical id	: 0
siblings	: 8
core id		: 2
cpu cores	: 4
apicid		: 5
initial apicid	: 5
fpu		: yes
fpu_exception	: yes
cpuid level	: 22
wp		: yes
flags		: fpu vme de pse tsc msr pae mce cx8 apic sep mtrr pge mca cmov pat pse36 clflush dts acpi mmx fxsr sse sse2 ss ht tm pbe syscall nx pdpe1gb rdtscp lm constant_tsc art arch_perfmon pebs bts rep_good nopl xtopology nonstop_tsc cpuid aperfmperf tsc_known_freq pni pclmulqdq dtes64 monitor ds_cpl vmx smx est tm2 ssse3 sdbg fma cx16 xtpr pdcm pcid sse4_1 sse4_2 x2apic movbe popcnt tsc_deadline_timer aes xsave avx f16c rdrand lahf_lm abm 3dnowprefetch cpuid_fault epb invpcid_single pti ibrs ibpb stibp tpr_shadow vnmi flexpriority ept vpid fsgsbase tsc_adjust bmi1 hle avx2 smep bmi2 erms invpcid rtm mpx rdseed adx smap clflushopt intel_pt xsaveopt xsavec xgetbv1 xsaves dtherm ida arat pln pts hwp hwp_notify hwp_act_window hwp_epp
bugs		: cpu_meltdown spectre_v1 spectre_v2 spec_store_bypass
bogomips	: 7008.00
clflush size	: 64
cache_alignment	: 64
address sizes	: 39 bits physical, 48 bits virtual
power management:

processor	: 7
vendor_id	: GenuineIntel
cpu family	: 6
model		: 94
model name	: Intel(R) Xeon(R) CPU E3-1240 v5 @ 3.50GHz
stepping	: 3
microcode	: 0xc2
cpu MHz		: 3699.990
cache size	: 8192 KB
physical id	: 0
siblings	: 8
core id		: 3
cpu cores	: 4
apicid		: 7
initial apicid	: 7
fpu		: yes
fpu_exception	: yes
cpuid level	: 22
wp		: yes
flags		: fpu vme de pse tsc msr pae mce cx8 apic sep mtrr pge mca cmov pat pse36 clflush dts acpi mmx fxsr sse sse2 ss ht tm pbe syscall nx pdpe1gb rdtscp lm constant_tsc art arch_perfmon pebs bts rep_good nopl xtopology nonstop_tsc cpuid aperfmperf tsc_known_freq pni pclmulqdq dtes64 monitor ds_cpl vmx smx est tm2 ssse3 sdbg fma cx16 xtpr pdcm pcid sse4_1 sse4_2 x2apic movbe popcnt tsc_deadline_timer aes xsave avx f16c rdrand lahf_lm abm 3dnowprefetch cpuid_fault epb invpcid_single pti ibrs ibpb stibp tpr_shadow vnmi flexpriority ept vpid fsgsbase tsc_adjust bmi1 hle avx2 smep bmi2 erms invpcid rtm mpx rdseed adx smap clflushopt intel_pt xsaveopt xsavec xgetbv1 xsaves dtherm ida arat pln pts hwp hwp_notify hwp_act_window hwp_epp
bugs		: cpu_meltdown spectre_v1 spectre_v2 spec_store_bypass
bogomips	: 7008.00
clflush size	: 64
cache_alignment	: 64
address sizes	: 39 bits physical, 48 bits virtual
power management:



Memory: 4k page, physical 16438944k(13268332k free), swap 3906244k(3906244k free)

vm_info: OpenJDK 64-Bit Server VM (25.172-b00) for linux-amd64 JRE (1.8.0_172-solus-b00), built on Mar 22 2018 21:53:04 by "build" with gcc 7.3.0

time: Thu Jun 21 23:03:52 2018
elapsed time: 5 seconds (0d 0h 0m 5s)

